2026-01-13T23:00:18.714484-03:00 info: Running invariants check!
2026-01-13T23:00:18.714660-03:00 info: Total produced records: 0
2026-01-13T23:00:18.714838-03:00 info: Total consumed records for SimulatorGroup1: 0
2026-01-13T23:00:18.714962-03:00 info: Total consumed records for SimulatorGroup2: 0
2026-01-13T23:00:18.715078-03:00 info: Total consumed records for SimulatorGroup3: 0
2026-01-13T23:00:18.715126-03:00 info: Total consumed records for SimulatorGroup4: 0
2026-01-13T23:00:18.715162-03:00 info: Total consumed records for SimulatorGroup5: 0
2026-01-13T23:00:23.715568-03:00 info: Running invariants check!
2026-01-13T23:00:23.715954-03:00 info: Total produced records: 29614
2026-01-13T23:00:23.716234-03:00 info: Total consumed records for SimulatorGroup1: 407
2026-01-13T23:00:23.716295-03:00 info: Total consumed records for SimulatorGroup2: 4
2026-01-13T23:00:23.716315-03:00 info: Total consumed records for SimulatorGroup3: 335
2026-01-13T23:00:23.716419-03:00 info: Total consumed records for SimulatorGroup4: 162
2026-01-13T23:00:23.716476-03:00 info: Total consumed records for SimulatorGroup5: 261
2026-01-13T23:00:24.836570-03:00 warning: Timeout on fetch from offset 0 for topic 5B9C2873DBCE5875B0A8E59AA4EF2CC29B951ED8BA4C57265BD31BB11D10 partition 17. Retrying...
2026-01-13T23:00:24.935043-03:00 warning: Delivery confirmation arrived after timeout for message KlifeProtocol.Messages.Fetch on client Simulator.NormalClient, , conn: %Klife.Connection{socket: {:"$inet", :gen_tcp_socket, {#PID<0.293.0>, {:"$socket", #Reference<0.3171449694.771883012.181020>}}}, host: "localhost", port: 39092, read_timeout: 15000, ssl: false}
2026-01-13T23:00:25.836581-03:00 warning: Timeout on fetch from offset 0 for topic B5E9D2FFCAAE7BBEE84E9279A7B9DE81D59E65B59663D55C5E20DFEC592C partition 13. Retrying...
2026-01-13T23:00:25.843472-03:00 warning: Timeout on fetch from offset 0 for topic B5E9D2FFCAAE7BBEE84E9279A7B9DE81D59E65B59663D55C5E20DFEC592C partition 7. Retrying...
2026-01-13T23:00:25.847464-03:00 warning: Timeout on fetch from offset 0 for topic B5E9D2FFCAAE7BBEE84E9279A7B9DE81D59E65B59663D55C5E20DFEC592C partition 19. Retrying...
2026-01-13T23:00:25.847462-03:00 warning: Timeout on fetch from offset 0 for topic 5B9C2873DBCE5875B0A8E59AA4EF2CC29B951ED8BA4C57265BD31BB11D10 partition 12. Retrying...
2026-01-13T23:00:25.862594-03:00 warning: Timeout on fetch from offset 0 for topic B5E9D2FFCAAE7BBEE84E9279A7B9DE81D59E65B59663D55C5E20DFEC592C partition 7. Retrying...
2026-01-13T23:00:25.884469-03:00 warning: Timeout on fetch from offset 0 for topic 18FAA84C74D8DD647CA5AF4E85ED384B81DA006994F59C51ADDA7C56BF3D partition 7. Retrying...
2026-01-13T23:00:25.885459-03:00 warning: Timeout on fetch from offset 0 for topic A19F1C6483D6D9EB891B1E1306AA1AEE89742C6BB4D4B388FA2F4481E9E7 partition 11. Retrying...
2026-01-13T23:00:25.885460-03:00 warning: Timeout on fetch from offset 0 for topic 772ABE130905A7F5492A594C7A4CC8D2A899C9EDEA07E771E5EB17CE6665 partition 1. Retrying...
2026-01-13T23:00:25.885521-03:00 warning: Timeout on fetch from offset 0 for topic 772ABE130905A7F5492A594C7A4CC8D2A899C9EDEA07E771E5EB17CE6665 partition 14. Retrying...
2026-01-13T23:00:25.885556-03:00 warning: Timeout on fetch from offset 0 for topic A19F1C6483D6D9EB891B1E1306AA1AEE89742C6BB4D4B388FA2F4481E9E7 partition 6. Retrying...
2026-01-13T23:00:25.886496-03:00 warning: Timeout on fetch from offset 0 for topic A19F1C6483D6D9EB891B1E1306AA1AEE89742C6BB4D4B388FA2F4481E9E7 partition 2. Retrying...
2026-01-13T23:00:25.886500-03:00 warning: Timeout on fetch from offset 0 for topic 5B9C2873DBCE5875B0A8E59AA4EF2CC29B951ED8BA4C57265BD31BB11D10 partition 4. Retrying...
2026-01-13T23:00:25.887632-03:00 warning: Timeout on fetch from offset 0 for topic A19F1C6483D6D9EB891B1E1306AA1AEE89742C6BB4D4B388FA2F4481E9E7 partition 6. Retrying...
2026-01-13T23:00:25.925475-03:00 warning: Timeout on fetch from offset 0 for topic A19F1C6483D6D9EB891B1E1306AA1AEE89742C6BB4D4B388FA2F4481E9E7 partition 17. Retrying...
2026-01-13T23:00:25.949304-03:00 warning: Delivery confirmation arrived after timeout for message KlifeProtocol.Messages.Fetch on client Simulator.NormalClient, , conn: %Klife.Connection{socket: {:"$inet", :gen_tcp_socket, {#PID<0.297.0>, {:"$socket", #Reference<0.3171449694.771883011.181519>}}}, host: "localhost", port: 29092, read_timeout: 15000, ssl: false}
2026-01-13T23:00:25.949472-03:00 warning: Timeout on fetch from offset 0 for topic 1D8B632DAF3B60F25FCA0B7048F91E26A27E5D870FB4764788071FE998BD partition 0. Retrying...
2026-01-13T23:00:25.949513-03:00 warning: Delivery confirmation arrived after timeout for message KlifeProtocol.Messages.Fetch on client Simulator.NormalClient, , conn: %Klife.Connection{socket: {:"$inet", :gen_tcp_socket, {#PID<0.297.0>, {:"$socket", #Reference<0.3171449694.771883011.181519>}}}, host: "localhost", port: 29092, read_timeout: 15000, ssl: false}
2026-01-13T23:00:25.949800-03:00 warning: Delivery confirmation arrived after timeout for message KlifeProtocol.Messages.Fetch on client Simulator.NormalClient, , conn: %Klife.Connection{socket: {:"$inet", :gen_tcp_socket, {#PID<0.297.0>, {:"$socket", #Reference<0.3171449694.771883011.181519>}}}, host: "localhost", port: 29092, read_timeout: 15000, ssl: false}
2026-01-13T23:00:25.950018-03:00 warning: Delivery confirmation arrived after timeout for message KlifeProtocol.Messages.Fetch on client Simulator.NormalClient, , conn: %Klife.Connection{socket: {:"$inet", :gen_tcp_socket, {#PID<0.297.0>, {:"$socket", #Reference<0.3171449694.771883011.181519>}}}, host: "localhost", port: 29092, read_timeout: 15000, ssl: false}
2026-01-13T23:00:25.950277-03:00 warning: Delivery confirmation arrived after timeout for message KlifeProtocol.Messages.Fetch on client Simulator.NormalClient, , conn: %Klife.Connection{socket: {:"$inet", :gen_tcp_socket, {#PID<0.297.0>, {:"$socket", #Reference<0.3171449694.771883011.181519>}}}, host: "localhost", port: 29092, read_timeout: 15000, ssl: false}
2026-01-13T23:00:25.965227-03:00 warning: Delivery confirmation arrived after timeout for message KlifeProtocol.Messages.Fetch on client Simulator.NormalClient, , conn: %Klife.Connection{socket: {:"$inet", :gen_tcp_socket, {#PID<0.293.0>, {:"$socket", #Reference<0.3171449694.771883012.181020>}}}, host: "localhost", port: 39092, read_timeout: 15000, ssl: false}
2026-01-13T23:00:25.965594-03:00 warning: Delivery confirmation arrived after timeout for message KlifeProtocol.Messages.Fetch on client Simulator.NormalClient, , conn: %Klife.Connection{socket: {:"$inet", :gen_tcp_socket, {#PID<0.293.0>, {:"$socket", #Reference<0.3171449694.771883012.181020>}}}, host: "localhost", port: 39092, read_timeout: 15000, ssl: false}
2026-01-13T23:00:25.965735-03:00 warning: Delivery confirmation arrived after timeout for message KlifeProtocol.Messages.Fetch on client Simulator.NormalClient, , conn: %Klife.Connection{socket: {:"$inet", :gen_tcp_socket, {#PID<0.293.0>, {:"$socket", #Reference<0.3171449694.771883012.181020>}}}, host: "localhost", port: 39092, read_timeout: 15000, ssl: false}
2026-01-13T23:00:25.965925-03:00 warning: Delivery confirmation arrived after timeout for message KlifeProtocol.Messages.Fetch on client Simulator.NormalClient, , conn: %Klife.Connection{socket: {:"$inet", :gen_tcp_socket, {#PID<0.293.0>, {:"$socket", #Reference<0.3171449694.771883012.181020>}}}, host: "localhost", port: 39092, read_timeout: 15000, ssl: false}
2026-01-13T23:00:25.966089-03:00 warning: Delivery confirmation arrived after timeout for message KlifeProtocol.Messages.Fetch on client Simulator.NormalClient, , conn: %Klife.Connection{socket: {:"$inet", :gen_tcp_socket, {#PID<0.293.0>, {:"$socket", #Reference<0.3171449694.771883012.181020>}}}, host: "localhost", port: 39092, read_timeout: 15000, ssl: false}
2026-01-13T23:00:25.966252-03:00 warning: Delivery confirmation arrived after timeout for message KlifeProtocol.Messages.Fetch on client Simulator.NormalClient, , conn: %Klife.Connection{socket: {:"$inet", :gen_tcp_socket, {#PID<0.293.0>, {:"$socket", #Reference<0.3171449694.771883012.181020>}}}, host: "localhost", port: 39092, read_timeout: 15000, ssl: false}
2026-01-13T23:00:26.108461-03:00 warning: Timeout on fetch from offset 0 for topic 772ABE130905A7F5492A594C7A4CC8D2A899C9EDEA07E771E5EB17CE6665 partition 15. Retrying...
2026-01-13T23:00:26.177536-03:00 warning: Timeout on fetch from offset 0 for topic 5B9C2873DBCE5875B0A8E59AA4EF2CC29B951ED8BA4C57265BD31BB11D10 partition 5. Retrying...
2026-01-13T23:00:26.192495-03:00 warning: Timeout on fetch from offset 0 for topic A19F1C6483D6D9EB891B1E1306AA1AEE89742C6BB4D4B388FA2F4481E9E7 partition 0. Retrying...
2026-01-13T23:00:26.229462-03:00 warning: Timeout on fetch from offset 0 for topic 772ABE130905A7F5492A594C7A4CC8D2A899C9EDEA07E771E5EB17CE6665 partition 15. Retrying...
2026-01-13T23:00:26.400508-03:00 warning: Timeout on fetch from offset 0 for topic F9C4AECEE20E29546C58DF829B8023BAD97049A871DA17A4B9344FB2AB3D partition 9. Retrying...
2026-01-13T23:00:26.600578-03:00 warning: Timeout on fetch from offset 0 for topic B5E9D2FFCAAE7BBEE84E9279A7B9DE81D59E65B59663D55C5E20DFEC592C partition 16. Retrying...
2026-01-13T23:00:26.617535-03:00 warning: Timeout on fetch from offset 0 for topic B5E9D2FFCAAE7BBEE84E9279A7B9DE81D59E65B59663D55C5E20DFEC592C partition 3. Retrying...
2026-01-13T23:00:26.626623-03:00 warning: Timeout on fetch from offset 0 for topic B5E9D2FFCAAE7BBEE84E9279A7B9DE81D59E65B59663D55C5E20DFEC592C partition 1. Retrying...
2026-01-13T23:00:26.653496-03:00 warning: Timeout on fetch from offset 0 for topic F9C4AECEE20E29546C58DF829B8023BAD97049A871DA17A4B9344FB2AB3D partition 12. Retrying...
2026-01-13T23:00:26.687483-03:00 warning: Timeout on fetch from offset 0 for topic F9C4AECEE20E29546C58DF829B8023BAD97049A871DA17A4B9344FB2AB3D partition 13. Retrying...
2026-01-13T23:00:26.698461-03:00 warning: Timeout on fetch from offset 0 for topic 040BED68F9F276B0951092957BFA07A94C3307AC62DD90058097A2A04122 partition 11. Retrying...
2026-01-13T23:00:26.750481-03:00 warning: Timeout on fetch from offset 0 for topic B5E9D2FFCAAE7BBEE84E9279A7B9DE81D59E65B59663D55C5E20DFEC592C partition 1. Retrying...
2026-01-13T23:00:26.879463-03:00 warning: Timeout on fetch from offset 0 for topic B5E9D2FFCAAE7BBEE84E9279A7B9DE81D59E65B59663D55C5E20DFEC592C partition 16. Retrying...
2026-01-13T23:00:26.927694-03:00 warning: Timeout on fetch from offset 0 for topic F9C4AECEE20E29546C58DF829B8023BAD97049A871DA17A4B9344FB2AB3D partition 2. Retrying...
2026-01-13T23:00:26.927694-03:00 warning: Timeout on fetch from offset 0 for topic 18FAA84C74D8DD647CA5AF4E85ED384B81DA006994F59C51ADDA7C56BF3D partition 5. Retrying...
2026-01-13T23:00:26.927751-03:00 warning: Timeout on fetch from offset 0 for topic 772ABE130905A7F5492A594C7A4CC8D2A899C9EDEA07E771E5EB17CE6665 partition 11. Retrying...
2026-01-13T23:00:26.928450-03:00 warning: Timeout on fetch from offset 0 for topic 772ABE130905A7F5492A594C7A4CC8D2A899C9EDEA07E771E5EB17CE6665 partition 3. Retrying...
2026-01-13T23:00:26.928484-03:00 warning: Timeout on fetch from offset 0 for topic A19F1C6483D6D9EB891B1E1306AA1AEE89742C6BB4D4B388FA2F4481E9E7 partition 3. Retrying...
2026-01-13T23:00:26.928474-03:00 warning: Timeout on fetch from offset 0 for topic B5E9D2FFCAAE7BBEE84E9279A7B9DE81D59E65B59663D55C5E20DFEC592C partition 2. Retrying...
2026-01-13T23:00:26.928447-03:00 warning: Timeout on fetch from offset 0 for topic A19F1C6483D6D9EB891B1E1306AA1AEE89742C6BB4D4B388FA2F4481E9E7 partition 12. Retrying...
2026-01-13T23:00:26.928451-03:00 warning: Timeout on fetch from offset 0 for topic 772ABE130905A7F5492A594C7A4CC8D2A899C9EDEA07E771E5EB17CE6665 partition 18. Retrying...
2026-01-13T23:00:26.928451-03:00 warning: Timeout on fetch from offset 0 for topic 5B9C2873DBCE5875B0A8E59AA4EF2CC29B951ED8BA4C57265BD31BB11D10 partition 19. Retrying...
2026-01-13T23:00:26.928522-03:00 warning: Timeout on fetch from offset 0 for topic 772ABE130905A7F5492A594C7A4CC8D2A899C9EDEA07E771E5EB17CE6665 partition 2. Retrying...
2026-01-13T23:00:26.928545-03:00 warning: Timeout on fetch from offset 0 for topic 5B9C2873DBCE5875B0A8E59AA4EF2CC29B951ED8BA4C57265BD31BB11D10 partition 17. Retrying...
2026-01-13T23:00:26.928501-03:00 warning: Timeout on fetch from offset 0 for topic 5B9C2873DBCE5875B0A8E59AA4EF2CC29B951ED8BA4C57265BD31BB11D10 partition 10. Retrying...
2026-01-13T23:00:26.929474-03:00 warning: Timeout on fetch from offset 0 for topic A19F1C6483D6D9EB891B1E1306AA1AEE89742C6BB4D4B388FA2F4481E9E7 partition 9. Retrying...
2026-01-13T23:00:26.929472-03:00 warning: Timeout on fetch from offset 0 for topic 5B9C2873DBCE5875B0A8E59AA4EF2CC29B951ED8BA4C57265BD31BB11D10 partition 2. Retrying...
2026-01-13T23:00:26.929473-03:00 warning: Timeout on fetch from offset 0 for topic 772ABE130905A7F5492A594C7A4CC8D2A899C9EDEA07E771E5EB17CE6665 partition 6. Retrying...
2026-01-13T23:00:26.930461-03:00 warning: Timeout on fetch from offset 0 for topic A19F1C6483D6D9EB891B1E1306AA1AEE89742C6BB4D4B388FA2F4481E9E7 partition 19. Retrying...
2026-01-13T23:00:26.930461-03:00 warning: Timeout on fetch from offset 0 for topic 040BED68F9F276B0951092957BFA07A94C3307AC62DD90058097A2A04122 partition 6. Retrying...
2026-01-13T23:00:26.930475-03:00 warning: Timeout on fetch from offset 0 for topic A19F1C6483D6D9EB891B1E1306AA1AEE89742C6BB4D4B388FA2F4481E9E7 partition 3. Retrying...
2026-01-13T23:00:26.931454-03:00 warning: Timeout on fetch from offset 0 for topic B5E9D2FFCAAE7BBEE84E9279A7B9DE81D59E65B59663D55C5E20DFEC592C partition 19. Retrying...
2026-01-13T23:00:26.931480-03:00 warning: Timeout on fetch from offset 0 for topic A19F1C6483D6D9EB891B1E1306AA1AEE89742C6BB4D4B388FA2F4481E9E7 partition 9. Retrying...
2026-01-13T23:00:26.931464-03:00 warning: Timeout on fetch from offset 0 for topic F9C4AECEE20E29546C58DF829B8023BAD97049A871DA17A4B9344FB2AB3D partition 12. Retrying...
2026-01-13T23:00:26.931479-03:00 warning: Timeout on fetch from offset 0 for topic A19F1C6483D6D9EB891B1E1306AA1AEE89742C6BB4D4B388FA2F4481E9E7 partition 16. Retrying...
2026-01-13T23:00:26.940920-03:00 warning: Delivery confirmation arrived after timeout for message KlifeProtocol.Messages.Fetch on client Simulator.TLSClient, , conn: %Klife.Connection{socket: {:sslsocket, {:"$inet", :gen_tcp_socket, {#PID<0.577.0>, {:"$socket", #Reference<0.3171449694.771883011.182587>}}}, #PID<0.580.0>, #PID<0.579.0>, :gen_tcp, :tls_gen_connection, #Reference<0.3171449694.771883011.182605>, :undefined}, host: "localhost", port: 39094, read_timeout: 15000, ssl: true}
2026-01-13T23:00:26.953173-03:00 warning: Delivery confirmation arrived after timeout for message KlifeProtocol.Messages.Fetch on client Simulator.TLSClient, , conn: %Klife.Connection{socket: {:sslsocket, {:"$inet", :gen_tcp_socket, {#PID<0.587.0>, {:"$socket", #Reference<0.3171449694.771883011.182756>}}}, #PID<0.590.0>, #PID<0.589.0>, :gen_tcp, :tls_gen_connection, #Reference<0.3171449694.771883011.182771>, :undefined}, host: "localhost", port: 29094, read_timeout: 15000, ssl: true}
2026-01-13T23:00:26.953603-03:00 warning: Delivery confirmation arrived after timeout for message KlifeProtocol.Messages.Fetch on client Simulator.TLSClient, , conn: %Klife.Connection{socket: {:sslsocket, {:"$inet", :gen_tcp_socket, {#PID<0.587.0>, {:"$socket", #Reference<0.3171449694.771883011.182756>}}}, #PID<0.590.0>, #PID<0.589.0>, :gen_tcp, :tls_gen_connection, #Reference<0.3171449694.771883011.182771>, :undefined}, host: "localhost", port: 29094, read_timeout: 15000, ssl: true}
2026-01-13T23:00:26.953865-03:00 warning: Delivery confirmation arrived after timeout for message KlifeProtocol.Messages.Fetch on client Simulator.TLSClient, , conn: %Klife.Connection{socket: {:sslsocket, {:"$inet", :gen_tcp_socket, {#PID<0.587.0>, {:"$socket", #Reference<0.3171449694.771883011.182756>}}}, #PID<0.590.0>, #PID<0.589.0>, :gen_tcp, :tls_gen_connection, #Reference<0.3171449694.771883011.182771>, :undefined}, host: "localhost", port: 29094, read_timeout: 15000, ssl: true}
2026-01-13T23:00:26.953996-03:00 warning: Delivery confirmation arrived after timeout for message KlifeProtocol.Messages.Fetch on client Simulator.TLSClient, , conn: %Klife.Connection{socket: {:sslsocket, {:"$inet", :gen_tcp_socket, {#PID<0.587.0>, {:"$socket", #Reference<0.3171449694.771883011.182756>}}}, #PID<0.590.0>, #PID<0.589.0>, :gen_tcp, :tls_gen_connection, #Reference<0.3171449694.771883011.182771>, :undefined}, host: "localhost", port: 29094, read_timeout: 15000, ssl: true}
2026-01-13T23:00:26.967218-03:00 warning: Delivery confirmation arrived after timeout for message KlifeProtocol.Messages.Fetch on client Simulator.NormalClient, , conn: %Klife.Connection{socket: {:"$inet", :gen_tcp_socket, {#PID<0.293.0>, {:"$socket", #Reference<0.3171449694.771883012.181020>}}}, host: "localhost", port: 39092, read_timeout: 15000, ssl: false}
2026-01-13T23:00:26.967711-03:00 warning: Delivery confirmation arrived after timeout for message KlifeProtocol.Messages.Fetch on client Simulator.NormalClient, , conn: %Klife.Connection{socket: {:"$inet", :gen_tcp_socket, {#PID<0.293.0>, {:"$socket", #Reference<0.3171449694.771883012.181020>}}}, host: "localhost", port: 39092, read_timeout: 15000, ssl: false}
2026-01-13T23:00:26.968084-03:00 warning: Delivery confirmation arrived after timeout for message KlifeProtocol.Messages.Fetch on client Simulator.NormalClient, , conn: %Klife.Connection{socket: {:"$inet", :gen_tcp_socket, {#PID<0.293.0>, {:"$socket", #Reference<0.3171449694.771883012.181020>}}}, host: "localhost", port: 39092, read_timeout: 15000, ssl: false}
2026-01-13T23:00:26.968232-03:00 warning: Delivery confirmation arrived after timeout for message KlifeProtocol.Messages.Fetch on client Simulator.NormalClient, , conn: %Klife.Connection{socket: {:"$inet", :gen_tcp_socket, {#PID<0.293.0>, {:"$socket", #Reference<0.3171449694.771883012.181020>}}}, host: "localhost", port: 39092, read_timeout: 15000, ssl: false}
2026-01-13T23:00:26.968584-03:00 warning: Delivery confirmation arrived after timeout for message KlifeProtocol.Messages.Fetch on client Simulator.NormalClient, , conn: %Klife.Connection{socket: {:"$inet", :gen_tcp_socket, {#PID<0.293.0>, {:"$socket", #Reference<0.3171449694.771883012.181020>}}}, host: "localhost", port: 39092, read_timeout: 15000, ssl: false}
2026-01-13T23:00:26.968730-03:00 warning: Delivery confirmation arrived after timeout for message KlifeProtocol.Messages.Fetch on client Simulator.NormalClient, , conn: %Klife.Connection{socket: {:"$inet", :gen_tcp_socket, {#PID<0.293.0>, {:"$socket", #Reference<0.3171449694.771883012.181020>}}}, host: "localhost", port: 39092, read_timeout: 15000, ssl: false}
2026-01-13T23:00:26.969026-03:00 warning: Delivery confirmation arrived after timeout for message KlifeProtocol.Messages.Fetch on client Simulator.NormalClient, , conn: %Klife.Connection{socket: {:"$inet", :gen_tcp_socket, {#PID<0.293.0>, {:"$socket", #Reference<0.3171449694.771883012.181020>}}}, host: "localhost", port: 39092, read_timeout: 15000, ssl: false}
2026-01-13T23:00:26.969258-03:00 warning: Delivery confirmation arrived after timeout for message KlifeProtocol.Messages.Fetch on client Simulator.NormalClient, , conn: %Klife.Connection{socket: {:"$inet", :gen_tcp_socket, {#PID<0.293.0>, {:"$socket", #Reference<0.3171449694.771883012.181020>}}}, host: "localhost", port: 39092, read_timeout: 15000, ssl: false}
2026-01-13T23:00:26.970464-03:00 warning: Timeout on fetch from offset 12 for topic 772ABE130905A7F5492A594C7A4CC8D2A899C9EDEA07E771E5EB17CE6665 partition 18. Retrying...
2026-01-13T23:00:27.116496-03:00 warning: Timeout on fetch from offset 0 for topic A19F1C6483D6D9EB891B1E1306AA1AEE89742C6BB4D4B388FA2F4481E9E7 partition 0. Retrying...
2026-01-13T23:00:27.207481-03:00 warning: Timeout on fetch from offset 0 for topic B5E9D2FFCAAE7BBEE84E9279A7B9DE81D59E65B59663D55C5E20DFEC592C partition 7. Retrying...
2026-01-13T23:00:27.388486-03:00 warning: Timeout on fetch from offset 0 for topic 772ABE130905A7F5492A594C7A4CC8D2A899C9EDEA07E771E5EB17CE6665 partition 11. Retrying...
2026-01-13T23:00:27.442531-03:00 warning: Timeout on fetch from offset 21 for topic 5B9C2873DBCE5875B0A8E59AA4EF2CC29B951ED8BA4C57265BD31BB11D10 partition 2. Retrying...
2026-01-13T23:00:27.654500-03:00 warning: Timeout on fetch from offset 0 for topic 040BED68F9F276B0951092957BFA07A94C3307AC62DD90058097A2A04122 partition 5. Retrying...
2026-01-13T23:00:27.684477-03:00 warning: Timeout on fetch from offset 0 for topic B5E9D2FFCAAE7BBEE84E9279A7B9DE81D59E65B59663D55C5E20DFEC592C partition 13. Retrying...
2026-01-13T23:00:27.781504-03:00 warning: Timeout on fetch from offset 0 for topic 5B9C2873DBCE5875B0A8E59AA4EF2CC29B951ED8BA4C57265BD31BB11D10 partition 17. Retrying...
2026-01-13T23:00:27.930512-03:00 warning: Timeout on fetch from offset 0 for topic 040BED68F9F276B0951092957BFA07A94C3307AC62DD90058097A2A04122 partition 19. Retrying...
2026-01-13T23:00:27.930512-03:00 warning: Timeout on fetch from offset 0 for topic 040BED68F9F276B0951092957BFA07A94C3307AC62DD90058097A2A04122 partition 16. Retrying...
2026-01-13T23:00:27.931455-03:00 warning: Timeout on fetch from offset 0 for topic F9C4AECEE20E29546C58DF829B8023BAD97049A871DA17A4B9344FB2AB3D partition 9. Retrying...
2026-01-13T23:00:27.932470-03:00 warning: Timeout on fetch from offset 0 for topic 040BED68F9F276B0951092957BFA07A94C3307AC62DD90058097A2A04122 partition 13. Retrying...
2026-01-13T23:00:27.932456-03:00 warning: Timeout on fetch from offset 0 for topic 040BED68F9F276B0951092957BFA07A94C3307AC62DD90058097A2A04122 partition 0. Retrying...
2026-01-13T23:00:27.932472-03:00 warning: Timeout on fetch from offset 0 for topic A19F1C6483D6D9EB891B1E1306AA1AEE89742C6BB4D4B388FA2F4481E9E7 partition 8. Retrying...
2026-01-13T23:00:27.932472-03:00 warning: Timeout on fetch from offset 0 for topic A19F1C6483D6D9EB891B1E1306AA1AEE89742C6BB4D4B388FA2F4481E9E7 partition 9. Retrying...
2026-01-13T23:00:27.932475-03:00 warning: Timeout on fetch from offset 0 for topic 040BED68F9F276B0951092957BFA07A94C3307AC62DD90058097A2A04122 partition 19. Retrying...
2026-01-13T23:00:27.932500-03:00 warning: Timeout on fetch from offset 0 for topic B5E9D2FFCAAE7BBEE84E9279A7B9DE81D59E65B59663D55C5E20DFEC592C partition 3. Retrying...
2026-01-13T23:00:27.933409-03:00 warning: Timeout on fetch from offset 0 for topic A19F1C6483D6D9EB891B1E1306AA1AEE89742C6BB4D4B388FA2F4481E9E7 partition 0. Retrying...
2026-01-13T23:00:27.933412-03:00 warning: Timeout on fetch from offset 0 for topic F9C4AECEE20E29546C58DF829B8023BAD97049A871DA17A4B9344FB2AB3D partition 9. Retrying...
2026-01-13T23:00:27.934528-03:00 warning: Timeout on fetch from offset 0 for topic 040BED68F9F276B0951092957BFA07A94C3307AC62DD90058097A2A04122 partition 13. Retrying...
2026-01-13T23:00:27.942012-03:00 warning: Delivery confirmation arrived after timeout for message KlifeProtocol.Messages.Fetch on client Simulator.TLSClient, , conn: %Klife.Connection{socket: {:sslsocket, {:"$inet", :gen_tcp_socket, {#PID<0.577.0>, {:"$socket", #Reference<0.3171449694.771883011.182587>}}}, #PID<0.580.0>, #PID<0.579.0>, :gen_tcp, :tls_gen_connection, #Reference<0.3171449694.771883011.182605>, :undefined}, host: "localhost", port: 39094, read_timeout: 15000, ssl: true}
2026-01-13T23:00:27.942353-03:00 warning: Delivery confirmation arrived after timeout for message KlifeProtocol.Messages.Fetch on client Simulator.TLSClient, , conn: %Klife.Connection{socket: {:sslsocket, {:"$inet", :gen_tcp_socket, {#PID<0.577.0>, {:"$socket", #Reference<0.3171449694.771883011.182587>}}}, #PID<0.580.0>, #PID<0.579.0>, :gen_tcp, :tls_gen_connection, #Reference<0.3171449694.771883011.182605>, :undefined}, host: "localhost", port: 39094, read_timeout: 15000, ssl: true}
2026-01-13T23:00:27.942792-03:00 warning: Delivery confirmation arrived after timeout for message KlifeProtocol.Messages.Fetch on client Simulator.TLSClient, , conn: %Klife.Connection{socket: {:sslsocket, {:"$inet", :gen_tcp_socket, {#PID<0.577.0>, {:"$socket", #Reference<0.3171449694.771883011.182587>}}}, #PID<0.580.0>, #PID<0.579.0>, :gen_tcp, :tls_gen_connection, #Reference<0.3171449694.771883011.182605>, :undefined}, host: "localhost", port: 39094, read_timeout: 15000, ssl: true}
2026-01-13T23:00:27.942932-03:00 warning: Delivery confirmation arrived after timeout for message KlifeProtocol.Messages.Fetch on client Simulator.TLSClient, , conn: %Klife.Connection{socket: {:sslsocket, {:"$inet", :gen_tcp_socket, {#PID<0.577.0>, {:"$socket", #Reference<0.3171449694.771883011.182587>}}}, #PID<0.580.0>, #PID<0.579.0>, :gen_tcp, :tls_gen_connection, #Reference<0.3171449694.771883011.182605>, :undefined}, host: "localhost", port: 39094, read_timeout: 15000, ssl: true}
2026-01-13T23:00:27.970146-03:00 warning: Delivery confirmation arrived after timeout for message KlifeProtocol.Messages.Fetch on client Simulator.NormalClient, , conn: %Klife.Connection{socket: {:"$inet", :gen_tcp_socket, {#PID<0.293.0>, {:"$socket", #Reference<0.3171449694.771883012.181020>}}}, host: "localhost", port: 39092, read_timeout: 15000, ssl: false}
2026-01-13T23:00:27.970639-03:00 warning: Delivery confirmation arrived after timeout for message KlifeProtocol.Messages.Fetch on client Simulator.NormalClient, , conn: %Klife.Connection{socket: {:"$inet", :gen_tcp_socket, {#PID<0.293.0>, {:"$socket", #Reference<0.3171449694.771883012.181020>}}}, host: "localhost", port: 39092, read_timeout: 15000, ssl: false}
2026-01-13T23:00:27.970833-03:00 warning: Delivery confirmation arrived after timeout for message KlifeProtocol.Messages.Fetch on client Simulator.NormalClient, , conn: %Klife.Connection{socket: {:"$inet", :gen_tcp_socket, {#PID<0.293.0>, {:"$socket", #Reference<0.3171449694.771883012.181020>}}}, host: "localhost", port: 39092, read_timeout: 15000, ssl: false}
2026-01-13T23:00:27.971159-03:00 warning: Delivery confirmation arrived after timeout for message KlifeProtocol.Messages.Fetch on client Simulator.NormalClient, , conn: %Klife.Connection{socket: {:"$inet", :gen_tcp_socket, {#PID<0.293.0>, {:"$socket", #Reference<0.3171449694.771883012.181020>}}}, host: "localhost", port: 39092, read_timeout: 15000, ssl: false}
2026-01-13T23:00:27.971644-03:00 warning: Delivery confirmation arrived after timeout for message KlifeProtocol.Messages.Fetch on client Simulator.NormalClient, , conn: %Klife.Connection{socket: {:"$inet", :gen_tcp_socket, {#PID<0.293.0>, {:"$socket", #Reference<0.3171449694.771883012.181020>}}}, host: "localhost", port: 39092, read_timeout: 15000, ssl: false}
2026-01-13T23:00:27.971885-03:00 warning: Delivery confirmation arrived after timeout for message KlifeProtocol.Messages.Fetch on client Simulator.NormalClient, , conn: %Klife.Connection{socket: {:"$inet", :gen_tcp_socket, {#PID<0.293.0>, {:"$socket", #Reference<0.3171449694.771883012.181020>}}}, host: "localhost", port: 39092, read_timeout: 15000, ssl: false}
2026-01-13T23:00:27.972050-03:00 warning: Delivery confirmation arrived after timeout for message KlifeProtocol.Messages.Fetch on client Simulator.NormalClient, , conn: %Klife.Connection{socket: {:"$inet", :gen_tcp_socket, {#PID<0.293.0>, {:"$socket", #Reference<0.3171449694.771883012.181020>}}}, host: "localhost", port: 39092, read_timeout: 15000, ssl: false}
2026-01-13T23:00:27.972168-03:00 warning: Delivery confirmation arrived after timeout for message KlifeProtocol.Messages.Fetch on client Simulator.NormalClient, , conn: %Klife.Connection{socket: {:"$inet", :gen_tcp_socket, {#PID<0.293.0>, {:"$socket", #Reference<0.3171449694.771883012.181020>}}}, host: "localhost", port: 39092, read_timeout: 15000, ssl: false}
2026-01-13T23:00:28.001479-03:00 warning: Timeout on fetch from offset 0 for topic F9C4AECEE20E29546C58DF829B8023BAD97049A871DA17A4B9344FB2AB3D partition 3. Retrying...
2026-01-13T23:00:28.082414-03:00 warning: Delivery confirmation arrived after timeout for message KlifeProtocol.Messages.Fetch on client Simulator.NormalClient, , conn: %Klife.Connection{socket: {:"$inet", :gen_tcp_socket, {#PID<0.293.0>, {:"$socket", #Reference<0.3171449694.771883012.181020>}}}, host: "localhost", port: 39092, read_timeout: 15000, ssl: false}
2026-01-13T23:00:28.083434-03:00 warning: Delivery confirmation arrived after timeout for message KlifeProtocol.Messages.Fetch on client Simulator.TLSClient, , conn: %Klife.Connection{socket: {:sslsocket, {:"$inet", :gen_tcp_socket, {#PID<0.577.0>, {:"$socket", #Reference<0.3171449694.771883011.182587>}}}, #PID<0.580.0>, #PID<0.579.0>, :gen_tcp, :tls_gen_connection, #Reference<0.3171449694.771883011.182605>, :undefined}, host: "localhost", port: 39094, read_timeout: 15000, ssl: true}
2026-01-13T23:00:28.084546-03:00 warning: Delivery confirmation arrived after timeout for message KlifeProtocol.Messages.Fetch on client Simulator.TLSClient, , conn: %Klife.Connection{socket: {:sslsocket, {:"$inet", :gen_tcp_socket, {#PID<0.577.0>, {:"$socket", #Reference<0.3171449694.771883011.182587>}}}, #PID<0.580.0>, #PID<0.579.0>, :gen_tcp, :tls_gen_connection, #Reference<0.3171449694.771883011.182605>, :undefined}, host: "localhost", port: 39094, read_timeout: 15000, ssl: true}
2026-01-13T23:00:28.084767-03:00 warning: Delivery confirmation arrived after timeout for message KlifeProtocol.Messages.Fetch on client Simulator.TLSClient, , conn: %Klife.Connection{socket: {:sslsocket, {:"$inet", :gen_tcp_socket, {#PID<0.577.0>, {:"$socket", #Reference<0.3171449694.771883011.182587>}}}, #PID<0.580.0>, #PID<0.579.0>, :gen_tcp, :tls_gen_connection, #Reference<0.3171449694.771883011.182605>, :undefined}, host: "localhost", port: 39094, read_timeout: 15000, ssl: true}
2026-01-13T23:00:28.085013-03:00 warning: Delivery confirmation arrived after timeout for message KlifeProtocol.Messages.Fetch on client Simulator.TLSClient, , conn: %Klife.Connection{socket: {:sslsocket, {:"$inet", :gen_tcp_socket, {#PID<0.577.0>, {:"$socket", #Reference<0.3171449694.771883011.182587>}}}, #PID<0.580.0>, #PID<0.579.0>, :gen_tcp, :tls_gen_connection, #Reference<0.3171449694.771883011.182605>, :undefined}, host: "localhost", port: 39094, read_timeout: 15000, ssl: true}
2026-01-13T23:00:28.085380-03:00 warning: Delivery confirmation arrived after timeout for message KlifeProtocol.Messages.Fetch on client Simulator.TLSClient, , conn: %Klife.Connection{socket: {:sslsocket, {:"$inet", :gen_tcp_socket, {#PID<0.577.0>, {:"$socket", #Reference<0.3171449694.771883011.182587>}}}, #PID<0.580.0>, #PID<0.579.0>, :gen_tcp, :tls_gen_connection, #Reference<0.3171449694.771883011.182605>, :undefined}, host: "localhost", port: 39094, read_timeout: 15000, ssl: true}
2026-01-13T23:00:28.085799-03:00 warning: Delivery confirmation arrived after timeout for message KlifeProtocol.Messages.Fetch on client Simulator.TLSClient, , conn: %Klife.Connection{socket: {:sslsocket, {:"$inet", :gen_tcp_socket, {#PID<0.577.0>, {:"$socket", #Reference<0.3171449694.771883011.182587>}}}, #PID<0.580.0>, #PID<0.579.0>, :gen_tcp, :tls_gen_connection, #Reference<0.3171449694.771883011.182605>, :undefined}, host: "localhost", port: 39094, read_timeout: 15000, ssl: true}
2026-01-13T23:00:28.086193-03:00 warning: Delivery confirmation arrived after timeout for message KlifeProtocol.Messages.Fetch on client Simulator.TLSClient, , conn: %Klife.Connection{socket: {:sslsocket, {:"$inet", :gen_tcp_socket, {#PID<0.577.0>, {:"$socket", #Reference<0.3171449694.771883011.182587>}}}, #PID<0.580.0>, #PID<0.579.0>, :gen_tcp, :tls_gen_connection, #Reference<0.3171449694.771883011.182605>, :undefined}, host: "localhost", port: 39094, read_timeout: 15000, ssl: true}
2026-01-13T23:00:28.086557-03:00 warning: Delivery confirmation arrived after timeout for message KlifeProtocol.Messages.Fetch on client Simulator.TLSClient, , conn: %Klife.Connection{socket: {:sslsocket, {:"$inet", :gen_tcp_socket, {#PID<0.577.0>, {:"$socket", #Reference<0.3171449694.771883011.182587>}}}, #PID<0.580.0>, #PID<0.579.0>, :gen_tcp, :tls_gen_connection, #Reference<0.3171449694.771883011.182605>, :undefined}, host: "localhost", port: 39094, read_timeout: 15000, ssl: true}
2026-01-13T23:00:28.086937-03:00 warning: Delivery confirmation arrived after timeout for message KlifeProtocol.Messages.Fetch on client Simulator.TLSClient, , conn: %Klife.Connection{socket: {:sslsocket, {:"$inet", :gen_tcp_socket, {#PID<0.577.0>, {:"$socket", #Reference<0.3171449694.771883011.182587>}}}, #PID<0.580.0>, #PID<0.579.0>, :gen_tcp, :tls_gen_connection, #Reference<0.3171449694.771883011.182605>, :undefined}, host: "localhost", port: 39094, read_timeout: 15000, ssl: true}
2026-01-13T23:00:28.087320-03:00 warning: Delivery confirmation arrived after timeout for message KlifeProtocol.Messages.Fetch on client Simulator.TLSClient, , conn: %Klife.Connection{socket: {:sslsocket, {:"$inet", :gen_tcp_socket, {#PID<0.577.0>, {:"$socket", #Reference<0.3171449694.771883011.182587>}}}, #PID<0.580.0>, #PID<0.579.0>, :gen_tcp, :tls_gen_connection, #Reference<0.3171449694.771883011.182605>, :undefined}, host: "localhost", port: 39094, read_timeout: 15000, ssl: true}
2026-01-13T23:00:28.087554-03:00 warning: Delivery confirmation arrived after timeout for message KlifeProtocol.Messages.Fetch on client Simulator.TLSClient, , conn: %Klife.Connection{socket: {:sslsocket, {:"$inet", :gen_tcp_socket, {#PID<0.577.0>, {:"$socket", #Reference<0.3171449694.771883011.182587>}}}, #PID<0.580.0>, #PID<0.579.0>, :gen_tcp, :tls_gen_connection, #Reference<0.3171449694.771883011.182605>, :undefined}, host: "localhost", port: 39094, read_timeout: 15000, ssl: true}
2026-01-13T23:00:28.087724-03:00 warning: Delivery confirmation arrived after timeout for message KlifeProtocol.Messages.Fetch on client Simulator.TLSClient, , conn: %Klife.Connection{socket: {:sslsocket, {:"$inet", :gen_tcp_socket, {#PID<0.577.0>, {:"$socket", #Reference<0.3171449694.771883011.182587>}}}, #PID<0.580.0>, #PID<0.579.0>, :gen_tcp, :tls_gen_connection, #Reference<0.3171449694.771883011.182605>, :undefined}, host: "localhost", port: 39094, read_timeout: 15000, ssl: true}
2026-01-13T23:00:28.088011-03:00 warning: Delivery confirmation arrived after timeout for message KlifeProtocol.Messages.Fetch on client Simulator.TLSClient, , conn: %Klife.Connection{socket: {:sslsocket, {:"$inet", :gen_tcp_socket, {#PID<0.577.0>, {:"$socket", #Reference<0.3171449694.771883011.182587>}}}, #PID<0.580.0>, #PID<0.579.0>, :gen_tcp, :tls_gen_connection, #Reference<0.3171449694.771883011.182605>, :undefined}, host: "localhost", port: 39094, read_timeout: 15000, ssl: true}
2026-01-13T23:00:28.088348-03:00 warning: Delivery confirmation arrived after timeout for message KlifeProtocol.Messages.Fetch on client Simulator.TLSClient, , conn: %Klife.Connection{socket: {:sslsocket, {:"$inet", :gen_tcp_socket, {#PID<0.577.0>, {:"$socket", #Reference<0.3171449694.771883011.182587>}}}, #PID<0.580.0>, #PID<0.579.0>, :gen_tcp, :tls_gen_connection, #Reference<0.3171449694.771883011.182605>, :undefined}, host: "localhost", port: 39094, read_timeout: 15000, ssl: true}
2026-01-13T23:00:28.088594-03:00 warning: Delivery confirmation arrived after timeout for message KlifeProtocol.Messages.Fetch on client Simulator.TLSClient, , conn: %Klife.Connection{socket: {:sslsocket, {:"$inet", :gen_tcp_socket, {#PID<0.577.0>, {:"$socket", #Reference<0.3171449694.771883011.182587>}}}, #PID<0.580.0>, #PID<0.579.0>, :gen_tcp, :tls_gen_connection, #Reference<0.3171449694.771883011.182605>, :undefined}, host: "localhost", port: 39094, read_timeout: 15000, ssl: true}
2026-01-13T23:00:28.717448-03:00 info: Running invariants check!
2026-01-13T23:00:28.717580-03:00 info: Total produced records: 49388
2026-01-13T23:00:28.717600-03:00 info: Total consumed records for SimulatorGroup1: 19613
2026-01-13T23:00:28.717793-03:00 info: Total consumed records for SimulatorGroup2: 20265
2026-01-13T23:00:28.717837-03:00 info: Total consumed records for SimulatorGroup3: 19132
2026-01-13T23:00:28.717883-03:00 info: Total consumed records for SimulatorGroup4: 24412
2026-01-13T23:00:28.717911-03:00 info: Total consumed records for SimulatorGroup5: 19118
