2026-01-10T08:25:15.363556-03:00 info: Running invariants check!
2026-01-10T08:25:15.366727-03:00 info: Total produced records: 0
2026-01-10T08:25:15.366884-03:00 info: Total consumed records for SimulatorGroup1: 0
2026-01-10T08:25:15.366952-03:00 info: Total consumed records for SimulatorGroup2: 0
2026-01-10T08:25:15.366981-03:00 info: Total consumed records for SimulatorGroup3: 0
2026-01-10T08:25:15.367006-03:00 info: Total consumed records for SimulatorGroup4: 0
2026-01-10T08:25:15.367080-03:00 info: Total consumed records for SimulatorGroup5: 0
2026-01-10T08:25:20.367623-03:00 info: Running invariants check!
2026-01-10T08:25:20.367841-03:00 info: Total produced records: 1093
2026-01-10T08:25:20.368030-03:00 info: Total consumed records for SimulatorGroup1: 0
2026-01-10T08:25:20.368109-03:00 info: Total consumed records for SimulatorGroup2: 0
2026-01-10T08:25:20.368138-03:00 info: Total consumed records for SimulatorGroup3: 0
2026-01-10T08:25:20.368188-03:00 info: Total consumed records for SimulatorGroup4: 0
2026-01-10T08:25:20.368217-03:00 info: Total consumed records for SimulatorGroup5: 0
2026-01-10T08:25:25.368617-03:00 info: Running invariants check!
2026-01-10T08:25:25.368795-03:00 info: Total produced records: 3558
2026-01-10T08:25:25.368870-03:00 info: Total consumed records for SimulatorGroup1: 0
2026-01-10T08:25:25.368916-03:00 info: Total consumed records for SimulatorGroup2: 0
2026-01-10T08:25:25.368943-03:00 info: Total consumed records for SimulatorGroup3: 0
2026-01-10T08:25:25.368966-03:00 info: Total consumed records for SimulatorGroup4: 0
2026-01-10T08:25:25.368991-03:00 info: Total consumed records for SimulatorGroup5: 0
2026-01-10T08:25:30.369661-03:00 info: Running invariants check!
2026-01-10T08:25:30.369837-03:00 info: Total produced records: 7530
2026-01-10T08:25:30.369869-03:00 info: Total consumed records for SimulatorGroup1: 0
2026-01-10T08:25:30.369917-03:00 info: Total consumed records for SimulatorGroup2: 0
2026-01-10T08:25:30.369951-03:00 info: Total consumed records for SimulatorGroup3: 0
2026-01-10T08:25:30.369975-03:00 info: Total consumed records for SimulatorGroup4: 0
2026-01-10T08:25:30.369998-03:00 info: Total consumed records for SimulatorGroup5: 0
2026-01-10T08:25:30.397583-03:00 warning: Too much lag (1753) for SimulatorGroup1 C0FF90CEB944361294F95303B3FDE9BA7BC8E9AFB5DC33DC873E59B50C3C 16
2026-01-10T08:25:30.397742-03:00 warning: Too much lag (1753) for SimulatorGroup2 C0FF90CEB944361294F95303B3FDE9BA7BC8E9AFB5DC33DC873E59B50C3C 16
2026-01-10T08:25:30.397763-03:00 warning: Too much lag (1753) for SimulatorGroup3 C0FF90CEB944361294F95303B3FDE9BA7BC8E9AFB5DC33DC873E59B50C3C 16
2026-01-10T08:25:30.397778-03:00 warning: Too much lag (1753) for SimulatorGroup4 C0FF90CEB944361294F95303B3FDE9BA7BC8E9AFB5DC33DC873E59B50C3C 16
2026-01-10T08:25:30.397818-03:00 warning: Too much lag (1753) for SimulatorGroup5 C0FF90CEB944361294F95303B3FDE9BA7BC8E9AFB5DC33DC873E59B50C3C 16
2026-01-10T08:25:35.370605-03:00 info: Running invariants check!
2026-01-10T08:25:35.370768-03:00 info: Total produced records: 10201
2026-01-10T08:25:35.370803-03:00 info: Total consumed records for SimulatorGroup1: 0
2026-01-10T08:25:35.370885-03:00 info: Total consumed records for SimulatorGroup2: 0
2026-01-10T08:25:35.370941-03:00 info: Total consumed records for SimulatorGroup3: 0
2026-01-10T08:25:35.370980-03:00 info: Total consumed records for SimulatorGroup4: 0
2026-01-10T08:25:35.371007-03:00 info: Total consumed records for SimulatorGroup5: 0
2026-01-10T08:25:35.381444-03:00 warning: Too much lag (1827) for SimulatorGroup1 992D9C5BA192F7F7451A730CE6D1D5CC4E6C3A92F822DD55C9DD6E4060EA 7
2026-01-10T08:25:35.381617-03:00 warning: Too much lag (1827) for SimulatorGroup2 992D9C5BA192F7F7451A730CE6D1D5CC4E6C3A92F822DD55C9DD6E4060EA 7
2026-01-10T08:25:35.381646-03:00 warning: Too much lag (1827) for SimulatorGroup3 992D9C5BA192F7F7451A730CE6D1D5CC4E6C3A92F822DD55C9DD6E4060EA 7
2026-01-10T08:25:35.381732-03:00 warning: Too much lag (1827) for SimulatorGroup4 992D9C5BA192F7F7451A730CE6D1D5CC4E6C3A92F822DD55C9DD6E4060EA 7
2026-01-10T08:25:35.381762-03:00 warning: Too much lag (1827) for SimulatorGroup5 992D9C5BA192F7F7451A730CE6D1D5CC4E6C3A92F822DD55C9DD6E4060EA 7
2026-01-10T08:25:35.401493-03:00 warning: Too much lag (1445) for SimulatorGroup1 C0FF90CEB944361294F95303B3FDE9BA7BC8E9AFB5DC33DC873E59B50C3C 2
2026-01-10T08:25:35.401666-03:00 warning: Too much lag (1445) for SimulatorGroup2 C0FF90CEB944361294F95303B3FDE9BA7BC8E9AFB5DC33DC873E59B50C3C 2
2026-01-10T08:25:35.401716-03:00 warning: Too much lag (1445) for SimulatorGroup3 C0FF90CEB944361294F95303B3FDE9BA7BC8E9AFB5DC33DC873E59B50C3C 2
2026-01-10T08:25:35.401749-03:00 warning: Too much lag (1445) for SimulatorGroup4 C0FF90CEB944361294F95303B3FDE9BA7BC8E9AFB5DC33DC873E59B50C3C 2
2026-01-10T08:25:35.401774-03:00 warning: Too much lag (1445) for SimulatorGroup5 C0FF90CEB944361294F95303B3FDE9BA7BC8E9AFB5DC33DC873E59B50C3C 2
2026-01-10T08:25:35.411943-03:00 warning: Too much lag (2261) for SimulatorGroup1 C0FF90CEB944361294F95303B3FDE9BA7BC8E9AFB5DC33DC873E59B50C3C 16
2026-01-10T08:25:35.412074-03:00 warning: Too much lag (2261) for SimulatorGroup2 C0FF90CEB944361294F95303B3FDE9BA7BC8E9AFB5DC33DC873E59B50C3C 16
2026-01-10T08:25:35.412305-03:00 warning: Too much lag (2261) for SimulatorGroup3 C0FF90CEB944361294F95303B3FDE9BA7BC8E9AFB5DC33DC873E59B50C3C 16
2026-01-10T08:25:35.412412-03:00 warning: Too much lag (2261) for SimulatorGroup4 C0FF90CEB944361294F95303B3FDE9BA7BC8E9AFB5DC33DC873E59B50C3C 16
2026-01-10T08:25:35.412459-03:00 warning: Too much lag (2261) for SimulatorGroup5 C0FF90CEB944361294F95303B3FDE9BA7BC8E9AFB5DC33DC873E59B50C3C 16
2026-01-10T08:25:40.371626-03:00 info: Running invariants check!
2026-01-10T08:25:40.371849-03:00 info: Total produced records: 12430
2026-01-10T08:25:40.371888-03:00 info: Total consumed records for SimulatorGroup1: 0
2026-01-10T08:25:40.371930-03:00 info: Total consumed records for SimulatorGroup2: 0
2026-01-10T08:25:40.371965-03:00 info: Total consumed records for SimulatorGroup3: 0
2026-01-10T08:25:40.371999-03:00 info: Total consumed records for SimulatorGroup4: 0
2026-01-10T08:25:40.372043-03:00 info: Total consumed records for SimulatorGroup5: 0
2026-01-10T08:25:40.383353-03:00 warning: Too much lag (2342) for SimulatorGroup1 992D9C5BA192F7F7451A730CE6D1D5CC4E6C3A92F822DD55C9DD6E4060EA 7
2026-01-10T08:25:40.383543-03:00 warning: Too much lag (2342) for SimulatorGroup2 992D9C5BA192F7F7451A730CE6D1D5CC4E6C3A92F822DD55C9DD6E4060EA 7
2026-01-10T08:25:40.383645-03:00 warning: Too much lag (2342) for SimulatorGroup3 992D9C5BA192F7F7451A730CE6D1D5CC4E6C3A92F822DD55C9DD6E4060EA 7
2026-01-10T08:25:40.383692-03:00 warning: Too much lag (2342) for SimulatorGroup4 992D9C5BA192F7F7451A730CE6D1D5CC4E6C3A92F822DD55C9DD6E4060EA 7
2026-01-10T08:25:40.383730-03:00 warning: Too much lag (2342) for SimulatorGroup5 992D9C5BA192F7F7451A730CE6D1D5CC4E6C3A92F822DD55C9DD6E4060EA 7
2026-01-10T08:25:40.408947-03:00 warning: Too much lag (1884) for SimulatorGroup1 C0FF90CEB944361294F95303B3FDE9BA7BC8E9AFB5DC33DC873E59B50C3C 2
2026-01-10T08:25:40.409094-03:00 warning: Too much lag (1884) for SimulatorGroup2 C0FF90CEB944361294F95303B3FDE9BA7BC8E9AFB5DC33DC873E59B50C3C 2
2026-01-10T08:25:40.409115-03:00 warning: Too much lag (1884) for SimulatorGroup3 C0FF90CEB944361294F95303B3FDE9BA7BC8E9AFB5DC33DC873E59B50C3C 2
2026-01-10T08:25:40.409131-03:00 warning: Too much lag (1884) for SimulatorGroup4 C0FF90CEB944361294F95303B3FDE9BA7BC8E9AFB5DC33DC873E59B50C3C 2
2026-01-10T08:25:40.409148-03:00 warning: Too much lag (1884) for SimulatorGroup5 C0FF90CEB944361294F95303B3FDE9BA7BC8E9AFB5DC33DC873E59B50C3C 2
2026-01-10T08:25:40.418533-03:00 warning: Too much lag (2562) for SimulatorGroup1 C0FF90CEB944361294F95303B3FDE9BA7BC8E9AFB5DC33DC873E59B50C3C 16
2026-01-10T08:25:40.418642-03:00 warning: Too much lag (2562) for SimulatorGroup2 C0FF90CEB944361294F95303B3FDE9BA7BC8E9AFB5DC33DC873E59B50C3C 16
2026-01-10T08:25:40.418666-03:00 warning: Too much lag (2562) for SimulatorGroup3 C0FF90CEB944361294F95303B3FDE9BA7BC8E9AFB5DC33DC873E59B50C3C 16
2026-01-10T08:25:40.418703-03:00 warning: Too much lag (2562) for SimulatorGroup4 C0FF90CEB944361294F95303B3FDE9BA7BC8E9AFB5DC33DC873E59B50C3C 16
2026-01-10T08:25:40.418781-03:00 warning: Too much lag (2562) for SimulatorGroup5 C0FF90CEB944361294F95303B3FDE9BA7BC8E9AFB5DC33DC873E59B50C3C 16
2026-01-10T08:25:45.372612-03:00 info: Running invariants check!
2026-01-10T08:25:45.372813-03:00 info: Total produced records: 15206
2026-01-10T08:25:45.372849-03:00 info: Total consumed records for SimulatorGroup1: 0
2026-01-10T08:25:45.372870-03:00 info: Total consumed records for SimulatorGroup2: 0
2026-01-10T08:25:45.372912-03:00 info: Total consumed records for SimulatorGroup3: 0
2026-01-10T08:25:45.373001-03:00 info: Total consumed records for SimulatorGroup4: 0
2026-01-10T08:25:45.373051-03:00 info: Total consumed records for SimulatorGroup5: 0
2026-01-10T08:25:45.388833-03:00 warning: Too much lag (2833) for SimulatorGroup1 992D9C5BA192F7F7451A730CE6D1D5CC4E6C3A92F822DD55C9DD6E4060EA 7
2026-01-10T08:25:45.388993-03:00 warning: Too much lag (2833) for SimulatorGroup2 992D9C5BA192F7F7451A730CE6D1D5CC4E6C3A92F822DD55C9DD6E4060EA 7
2026-01-10T08:25:45.389020-03:00 warning: Too much lag (2833) for SimulatorGroup3 992D9C5BA192F7F7451A730CE6D1D5CC4E6C3A92F822DD55C9DD6E4060EA 7
2026-01-10T08:25:45.389063-03:00 warning: Too much lag (2833) for SimulatorGroup4 992D9C5BA192F7F7451A730CE6D1D5CC4E6C3A92F822DD55C9DD6E4060EA 7
2026-01-10T08:25:45.389133-03:00 warning: Too much lag (2833) for SimulatorGroup5 992D9C5BA192F7F7451A730CE6D1D5CC4E6C3A92F822DD55C9DD6E4060EA 7
2026-01-10T08:25:45.419960-03:00 warning: Too much lag (2358) for SimulatorGroup1 C0FF90CEB944361294F95303B3FDE9BA7BC8E9AFB5DC33DC873E59B50C3C 2
2026-01-10T08:25:45.420142-03:00 warning: Too much lag (2358) for SimulatorGroup2 C0FF90CEB944361294F95303B3FDE9BA7BC8E9AFB5DC33DC873E59B50C3C 2
2026-01-10T08:25:45.420168-03:00 warning: Too much lag (2358) for SimulatorGroup3 C0FF90CEB944361294F95303B3FDE9BA7BC8E9AFB5DC33DC873E59B50C3C 2
2026-01-10T08:25:45.420204-03:00 warning: Too much lag (2358) for SimulatorGroup4 C0FF90CEB944361294F95303B3FDE9BA7BC8E9AFB5DC33DC873E59B50C3C 2
2026-01-10T08:25:45.420305-03:00 warning: Too much lag (2358) for SimulatorGroup5 C0FF90CEB944361294F95303B3FDE9BA7BC8E9AFB5DC33DC873E59B50C3C 2
2026-01-10T08:25:45.431385-03:00 warning: Too much lag (3007) for SimulatorGroup1 C0FF90CEB944361294F95303B3FDE9BA7BC8E9AFB5DC33DC873E59B50C3C 16
2026-01-10T08:25:45.431518-03:00 warning: Too much lag (3007) for SimulatorGroup2 C0FF90CEB944361294F95303B3FDE9BA7BC8E9AFB5DC33DC873E59B50C3C 16
2026-01-10T08:25:45.431544-03:00 warning: Too much lag (3007) for SimulatorGroup3 C0FF90CEB944361294F95303B3FDE9BA7BC8E9AFB5DC33DC873E59B50C3C 16
2026-01-10T08:25:45.431598-03:00 warning: Too much lag (3007) for SimulatorGroup4 C0FF90CEB944361294F95303B3FDE9BA7BC8E9AFB5DC33DC873E59B50C3C 16
2026-01-10T08:25:45.431619-03:00 warning: Too much lag (3007) for SimulatorGroup5 C0FF90CEB944361294F95303B3FDE9BA7BC8E9AFB5DC33DC873E59B50C3C 16
2026-01-10T08:25:50.373609-03:00 info: Running invariants check!
2026-01-10T08:25:50.373785-03:00 info: Total produced records: 19768
2026-01-10T08:25:50.373816-03:00 info: Total consumed records for SimulatorGroup1: 0
2026-01-10T08:25:50.373843-03:00 info: Total consumed records for SimulatorGroup2: 0
2026-01-10T08:25:50.373865-03:00 info: Total consumed records for SimulatorGroup3: 0
2026-01-10T08:25:50.373901-03:00 info: Total consumed records for SimulatorGroup4: 0
2026-01-10T08:25:50.373923-03:00 info: Total consumed records for SimulatorGroup5: 0
2026-01-10T08:25:50.384311-03:00 warning: Too much lag (1270) for SimulatorGroup1 992D9C5BA192F7F7451A730CE6D1D5CC4E6C3A92F822DD55C9DD6E4060EA 1
2026-01-10T08:25:50.384425-03:00 warning: Too much lag (1270) for SimulatorGroup2 992D9C5BA192F7F7451A730CE6D1D5CC4E6C3A92F822DD55C9DD6E4060EA 1
2026-01-10T08:25:50.384448-03:00 warning: Too much lag (1270) for SimulatorGroup3 992D9C5BA192F7F7451A730CE6D1D5CC4E6C3A92F822DD55C9DD6E4060EA 1
2026-01-10T08:25:50.384467-03:00 warning: Too much lag (1270) for SimulatorGroup4 992D9C5BA192F7F7451A730CE6D1D5CC4E6C3A92F822DD55C9DD6E4060EA 1
2026-01-10T08:25:50.384488-03:00 warning: Too much lag (1270) for SimulatorGroup5 992D9C5BA192F7F7451A730CE6D1D5CC4E6C3A92F822DD55C9DD6E4060EA 1
2026-01-10T08:25:50.395407-03:00 warning: Too much lag (3351) for SimulatorGroup1 992D9C5BA192F7F7451A730CE6D1D5CC4E6C3A92F822DD55C9DD6E4060EA 7
2026-01-10T08:25:50.395543-03:00 warning: Too much lag (3351) for SimulatorGroup2 992D9C5BA192F7F7451A730CE6D1D5CC4E6C3A92F822DD55C9DD6E4060EA 7
2026-01-10T08:25:50.395572-03:00 warning: Too much lag (3351) for SimulatorGroup3 992D9C5BA192F7F7451A730CE6D1D5CC4E6C3A92F822DD55C9DD6E4060EA 7
2026-01-10T08:25:50.395596-03:00 warning: Too much lag (3351) for SimulatorGroup4 992D9C5BA192F7F7451A730CE6D1D5CC4E6C3A92F822DD55C9DD6E4060EA 7
2026-01-10T08:25:50.395883-03:00 warning: Too much lag (3351) for SimulatorGroup5 992D9C5BA192F7F7451A730CE6D1D5CC4E6C3A92F822DD55C9DD6E4060EA 7
2026-01-10T08:25:50.405959-03:00 warning: Too much lag (1405) for SimulatorGroup1 D784C4B71B080E1BCDB32DDCFFB5C8643B4F7C1708C39AD392BF9D8EB843 14
2026-01-10T08:25:50.406077-03:00 warning: Too much lag (1405) for SimulatorGroup2 D784C4B71B080E1BCDB32DDCFFB5C8643B4F7C1708C39AD392BF9D8EB843 14
2026-01-10T08:25:50.406106-03:00 warning: Too much lag (1405) for SimulatorGroup3 D784C4B71B080E1BCDB32DDCFFB5C8643B4F7C1708C39AD392BF9D8EB843 14
2026-01-10T08:25:50.406161-03:00 warning: Too much lag (1405) for SimulatorGroup4 D784C4B71B080E1BCDB32DDCFFB5C8643B4F7C1708C39AD392BF9D8EB843 14
2026-01-10T08:25:50.406188-03:00 warning: Too much lag (1405) for SimulatorGroup5 D784C4B71B080E1BCDB32DDCFFB5C8643B4F7C1708C39AD392BF9D8EB843 14
2026-01-10T08:25:50.435542-03:00 warning: Too much lag (2755) for SimulatorGroup1 C0FF90CEB944361294F95303B3FDE9BA7BC8E9AFB5DC33DC873E59B50C3C 2
2026-01-10T08:25:50.435694-03:00 warning: Too much lag (2755) for SimulatorGroup2 C0FF90CEB944361294F95303B3FDE9BA7BC8E9AFB5DC33DC873E59B50C3C 2
2026-01-10T08:25:50.435720-03:00 warning: Too much lag (2755) for SimulatorGroup3 C0FF90CEB944361294F95303B3FDE9BA7BC8E9AFB5DC33DC873E59B50C3C 2
2026-01-10T08:25:50.435769-03:00 warning: Too much lag (2755) for SimulatorGroup4 C0FF90CEB944361294F95303B3FDE9BA7BC8E9AFB5DC33DC873E59B50C3C 2
2026-01-10T08:25:50.435791-03:00 warning: Too much lag (2755) for SimulatorGroup5 C0FF90CEB944361294F95303B3FDE9BA7BC8E9AFB5DC33DC873E59B50C3C 2
2026-01-10T08:25:50.448462-03:00 warning: Too much lag (3407) for SimulatorGroup1 C0FF90CEB944361294F95303B3FDE9BA7BC8E9AFB5DC33DC873E59B50C3C 16
2026-01-10T08:25:50.448583-03:00 warning: Too much lag (3407) for SimulatorGroup2 C0FF90CEB944361294F95303B3FDE9BA7BC8E9AFB5DC33DC873E59B50C3C 16
2026-01-10T08:25:50.448798-03:00 warning: Too much lag (3407) for SimulatorGroup3 C0FF90CEB944361294F95303B3FDE9BA7BC8E9AFB5DC33DC873E59B50C3C 16
2026-01-10T08:25:50.448854-03:00 warning: Too much lag (3407) for SimulatorGroup4 C0FF90CEB944361294F95303B3FDE9BA7BC8E9AFB5DC33DC873E59B50C3C 16
2026-01-10T08:25:50.448899-03:00 warning: Too much lag (3407) for SimulatorGroup5 C0FF90CEB944361294F95303B3FDE9BA7BC8E9AFB5DC33DC873E59B50C3C 16
2026-01-10T08:25:55.374602-03:00 info: Running invariants check!
2026-01-10T08:25:55.374766-03:00 info: Total produced records: 23120
2026-01-10T08:25:55.374802-03:00 info: Total consumed records for SimulatorGroup1: 0
2026-01-10T08:25:55.374856-03:00 info: Total consumed records for SimulatorGroup2: 0
2026-01-10T08:25:55.374892-03:00 info: Total consumed records for SimulatorGroup3: 0
2026-01-10T08:25:55.374922-03:00 info: Total consumed records for SimulatorGroup4: 0
2026-01-10T08:25:55.374950-03:00 info: Total consumed records for SimulatorGroup5: 0
2026-01-10T08:25:55.383783-03:00 warning: Too much lag (1312) for SimulatorGroup1 992D9C5BA192F7F7451A730CE6D1D5CC4E6C3A92F822DD55C9DD6E4060EA 1
2026-01-10T08:25:55.383899-03:00 warning: Too much lag (1312) for SimulatorGroup2 992D9C5BA192F7F7451A730CE6D1D5CC4E6C3A92F822DD55C9DD6E4060EA 1
2026-01-10T08:25:55.383957-03:00 warning: Too much lag (1312) for SimulatorGroup3 992D9C5BA192F7F7451A730CE6D1D5CC4E6C3A92F822DD55C9DD6E4060EA 1
2026-01-10T08:25:55.384028-03:00 warning: Too much lag (1312) for SimulatorGroup4 992D9C5BA192F7F7451A730CE6D1D5CC4E6C3A92F822DD55C9DD6E4060EA 1
2026-01-10T08:25:55.384049-03:00 warning: Too much lag (1312) for SimulatorGroup5 992D9C5BA192F7F7451A730CE6D1D5CC4E6C3A92F822DD55C9DD6E4060EA 1
2026-01-10T08:25:55.399077-03:00 warning: Too much lag (3749) for SimulatorGroup1 992D9C5BA192F7F7451A730CE6D1D5CC4E6C3A92F822DD55C9DD6E4060EA 7
2026-01-10T08:25:55.399206-03:00 warning: Too much lag (3749) for SimulatorGroup2 992D9C5BA192F7F7451A730CE6D1D5CC4E6C3A92F822DD55C9DD6E4060EA 7
2026-01-10T08:25:55.399232-03:00 warning: Too much lag (3749) for SimulatorGroup3 992D9C5BA192F7F7451A730CE6D1D5CC4E6C3A92F822DD55C9DD6E4060EA 7
2026-01-10T08:25:55.399265-03:00 warning: Too much lag (3749) for SimulatorGroup4 992D9C5BA192F7F7451A730CE6D1D5CC4E6C3A92F822DD55C9DD6E4060EA 7
2026-01-10T08:25:55.399307-03:00 warning: Too much lag (3749) for SimulatorGroup5 992D9C5BA192F7F7451A730CE6D1D5CC4E6C3A92F822DD55C9DD6E4060EA 7
2026-01-10T08:25:55.407035-03:00 warning: Too much lag (1465) for SimulatorGroup1 D784C4B71B080E1BCDB32DDCFFB5C8643B4F7C1708C39AD392BF9D8EB843 14
2026-01-10T08:25:55.407160-03:00 warning: Too much lag (1465) for SimulatorGroup2 D784C4B71B080E1BCDB32DDCFFB5C8643B4F7C1708C39AD392BF9D8EB843 14
2026-01-10T08:25:55.407185-03:00 warning: Too much lag (1465) for SimulatorGroup3 D784C4B71B080E1BCDB32DDCFFB5C8643B4F7C1708C39AD392BF9D8EB843 14
2026-01-10T08:25:55.407259-03:00 warning: Too much lag (1465) for SimulatorGroup4 D784C4B71B080E1BCDB32DDCFFB5C8643B4F7C1708C39AD392BF9D8EB843 14
2026-01-10T08:25:55.407291-03:00 warning: Too much lag (1465) for SimulatorGroup5 D784C4B71B080E1BCDB32DDCFFB5C8643B4F7C1708C39AD392BF9D8EB843 14
2026-01-10T08:25:55.414440-03:00 warning: Too much lag (1428) for SimulatorGroup1 B7CCB869A6BB7D5BA04A8DF0EE0268E265096981A438621F5732466A51EC 7
2026-01-10T08:25:55.414622-03:00 warning: Too much lag (1428) for SimulatorGroup2 B7CCB869A6BB7D5BA04A8DF0EE0268E265096981A438621F5732466A51EC 7
2026-01-10T08:25:55.414659-03:00 warning: Too much lag (1428) for SimulatorGroup3 B7CCB869A6BB7D5BA04A8DF0EE0268E265096981A438621F5732466A51EC 7
2026-01-10T08:25:55.414694-03:00 warning: Too much lag (1428) for SimulatorGroup4 B7CCB869A6BB7D5BA04A8DF0EE0268E265096981A438621F5732466A51EC 7
2026-01-10T08:25:55.414730-03:00 warning: Too much lag (1428) for SimulatorGroup5 B7CCB869A6BB7D5BA04A8DF0EE0268E265096981A438621F5732466A51EC 7
2026-01-10T08:25:55.423930-03:00 warning: Too much lag (1254) for SimulatorGroup1 00F1F291FF395F314289F6512B05192BF593930BBBA8BFACB341F855575A 3
2026-01-10T08:25:55.424093-03:00 warning: Too much lag (1254) for SimulatorGroup2 00F1F291FF395F314289F6512B05192BF593930BBBA8BFACB341F855575A 3
2026-01-10T08:25:55.424124-03:00 warning: Too much lag (1254) for SimulatorGroup3 00F1F291FF395F314289F6512B05192BF593930BBBA8BFACB341F855575A 3
2026-01-10T08:25:55.424155-03:00 warning: Too much lag (1254) for SimulatorGroup4 00F1F291FF395F314289F6512B05192BF593930BBBA8BFACB341F855575A 3
2026-01-10T08:25:55.424178-03:00 warning: Too much lag (1254) for SimulatorGroup5 00F1F291FF395F314289F6512B05192BF593930BBBA8BFACB341F855575A 3
2026-01-10T08:25:55.446018-03:00 warning: Too much lag (3256) for SimulatorGroup1 C0FF90CEB944361294F95303B3FDE9BA7BC8E9AFB5DC33DC873E59B50C3C 2
2026-01-10T08:25:55.446181-03:00 warning: Too much lag (3256) for SimulatorGroup2 C0FF90CEB944361294F95303B3FDE9BA7BC8E9AFB5DC33DC873E59B50C3C 2
2026-01-10T08:25:55.446225-03:00 warning: Too much lag (3256) for SimulatorGroup3 C0FF90CEB944361294F95303B3FDE9BA7BC8E9AFB5DC33DC873E59B50C3C 2
2026-01-10T08:25:55.446256-03:00 warning: Too much lag (3256) for SimulatorGroup4 C0FF90CEB944361294F95303B3FDE9BA7BC8E9AFB5DC33DC873E59B50C3C 2
2026-01-10T08:25:55.446310-03:00 warning: Too much lag (3256) for SimulatorGroup5 C0FF90CEB944361294F95303B3FDE9BA7BC8E9AFB5DC33DC873E59B50C3C 2
2026-01-10T08:25:55.462776-03:00 warning: Too much lag (3774) for SimulatorGroup1 C0FF90CEB944361294F95303B3FDE9BA7BC8E9AFB5DC33DC873E59B50C3C 16
2026-01-10T08:25:55.462984-03:00 warning: Too much lag (3774) for SimulatorGroup2 C0FF90CEB944361294F95303B3FDE9BA7BC8E9AFB5DC33DC873E59B50C3C 16
2026-01-10T08:25:55.463183-03:00 warning: Too much lag (3774) for SimulatorGroup3 C0FF90CEB944361294F95303B3FDE9BA7BC8E9AFB5DC33DC873E59B50C3C 16
2026-01-10T08:25:55.463225-03:00 warning: Too much lag (3774) for SimulatorGroup4 C0FF90CEB944361294F95303B3FDE9BA7BC8E9AFB5DC33DC873E59B50C3C 16
2026-01-10T08:25:55.463269-03:00 warning: Too much lag (3774) for SimulatorGroup5 C0FF90CEB944361294F95303B3FDE9BA7BC8E9AFB5DC33DC873E59B50C3C 16
2026-01-10T08:26:00.375608-03:00 info: Running invariants check!
2026-01-10T08:26:00.375770-03:00 info: Total produced records: 26245
2026-01-10T08:26:00.375801-03:00 info: Total consumed records for SimulatorGroup1: 0
2026-01-10T08:26:00.375829-03:00 info: Total consumed records for SimulatorGroup2: 0
2026-01-10T08:26:00.375910-03:00 info: Total consumed records for SimulatorGroup3: 0
2026-01-10T08:26:00.376026-03:00 info: Total consumed records for SimulatorGroup4: 0
2026-01-10T08:26:00.376077-03:00 info: Total consumed records for SimulatorGroup5: 0
2026-01-10T08:26:00.383370-03:00 warning: Too much lag (1541) for SimulatorGroup1 F4F330E08B0936AF9D7B700EC3317BAE7BBD90FDB90615481BA11E3E6320 18
2026-01-10T08:26:00.383418-03:00 warning: Too much lag (1541) for SimulatorGroup2 F4F330E08B0936AF9D7B700EC3317BAE7BBD90FDB90615481BA11E3E6320 18
2026-01-10T08:26:00.383450-03:00 warning: Too much lag (1541) for SimulatorGroup3 F4F330E08B0936AF9D7B700EC3317BAE7BBD90FDB90615481BA11E3E6320 18
2026-01-10T08:26:00.383642-03:00 warning: Too much lag (1541) for SimulatorGroup4 F4F330E08B0936AF9D7B700EC3317BAE7BBD90FDB90615481BA11E3E6320 18
2026-01-10T08:26:00.383686-03:00 warning: Too much lag (1541) for SimulatorGroup5 F4F330E08B0936AF9D7B700EC3317BAE7BBD90FDB90615481BA11E3E6320 18
2026-01-10T08:26:00.394505-03:00 warning: Too much lag (1395) for SimulatorGroup1 992D9C5BA192F7F7451A730CE6D1D5CC4E6C3A92F822DD55C9DD6E4060EA 1
2026-01-10T08:26:00.394656-03:00 warning: Too much lag (1395) for SimulatorGroup2 992D9C5BA192F7F7451A730CE6D1D5CC4E6C3A92F822DD55C9DD6E4060EA 1
2026-01-10T08:26:00.394781-03:00 warning: Too much lag (1395) for SimulatorGroup3 992D9C5BA192F7F7451A730CE6D1D5CC4E6C3A92F822DD55C9DD6E4060EA 1
2026-01-10T08:26:00.394816-03:00 warning: Too much lag (1395) for SimulatorGroup4 992D9C5BA192F7F7451A730CE6D1D5CC4E6C3A92F822DD55C9DD6E4060EA 1
2026-01-10T08:26:00.394861-03:00 warning: Too much lag (1395) for SimulatorGroup5 992D9C5BA192F7F7451A730CE6D1D5CC4E6C3A92F822DD55C9DD6E4060EA 1
2026-01-10T08:26:00.410125-03:00 warning: Too much lag (4114) for SimulatorGroup1 992D9C5BA192F7F7451A730CE6D1D5CC4E6C3A92F822DD55C9DD6E4060EA 7
2026-01-10T08:26:00.410300-03:00 warning: Too much lag (4114) for SimulatorGroup2 992D9C5BA192F7F7451A730CE6D1D5CC4E6C3A92F822DD55C9DD6E4060EA 7
2026-01-10T08:26:00.410337-03:00 warning: Too much lag (4114) for SimulatorGroup3 992D9C5BA192F7F7451A730CE6D1D5CC4E6C3A92F822DD55C9DD6E4060EA 7
2026-01-10T08:26:00.410508-03:00 warning: Too much lag (4114) for SimulatorGroup4 992D9C5BA192F7F7451A730CE6D1D5CC4E6C3A92F822DD55C9DD6E4060EA 7
2026-01-10T08:26:00.410569-03:00 warning: Too much lag (4114) for SimulatorGroup5 992D9C5BA192F7F7451A730CE6D1D5CC4E6C3A92F822DD55C9DD6E4060EA 7
2026-01-10T08:26:00.425404-03:00 warning: Too much lag (1540) for SimulatorGroup1 D784C4B71B080E1BCDB32DDCFFB5C8643B4F7C1708C39AD392BF9D8EB843 14
2026-01-10T08:26:00.425540-03:00 warning: Too much lag (1540) for SimulatorGroup2 D784C4B71B080E1BCDB32DDCFFB5C8643B4F7C1708C39AD392BF9D8EB843 14
2026-01-10T08:26:00.425573-03:00 warning: Too much lag (1540) for SimulatorGroup3 D784C4B71B080E1BCDB32DDCFFB5C8643B4F7C1708C39AD392BF9D8EB843 14
2026-01-10T08:26:00.425636-03:00 warning: Too much lag (1540) for SimulatorGroup4 D784C4B71B080E1BCDB32DDCFFB5C8643B4F7C1708C39AD392BF9D8EB843 14
2026-01-10T08:26:00.425672-03:00 warning: Too much lag (1540) for SimulatorGroup5 D784C4B71B080E1BCDB32DDCFFB5C8643B4F7C1708C39AD392BF9D8EB843 14
2026-01-10T08:26:00.432342-03:00 warning: Too much lag (1454) for SimulatorGroup1 B7CCB869A6BB7D5BA04A8DF0EE0268E265096981A438621F5732466A51EC 7
2026-01-10T08:26:00.432426-03:00 warning: Too much lag (1454) for SimulatorGroup2 B7CCB869A6BB7D5BA04A8DF0EE0268E265096981A438621F5732466A51EC 7
2026-01-10T08:26:00.432450-03:00 warning: Too much lag (1454) for SimulatorGroup3 B7CCB869A6BB7D5BA04A8DF0EE0268E265096981A438621F5732466A51EC 7
2026-01-10T08:26:00.432474-03:00 warning: Too much lag (1454) for SimulatorGroup4 B7CCB869A6BB7D5BA04A8DF0EE0268E265096981A438621F5732466A51EC 7
2026-01-10T08:26:00.432503-03:00 warning: Too much lag (1454) for SimulatorGroup5 B7CCB869A6BB7D5BA04A8DF0EE0268E265096981A438621F5732466A51EC 7
2026-01-10T08:26:00.440345-03:00 warning: Too much lag (1317) for SimulatorGroup1 00F1F291FF395F314289F6512B05192BF593930BBBA8BFACB341F855575A 3
2026-01-10T08:26:00.440420-03:00 warning: Too much lag (1317) for SimulatorGroup2 00F1F291FF395F314289F6512B05192BF593930BBBA8BFACB341F855575A 3
2026-01-10T08:26:00.440450-03:00 warning: Too much lag (1317) for SimulatorGroup3 00F1F291FF395F314289F6512B05192BF593930BBBA8BFACB341F855575A 3
2026-01-10T08:26:00.440490-03:00 warning: Too much lag (1317) for SimulatorGroup4 00F1F291FF395F314289F6512B05192BF593930BBBA8BFACB341F855575A 3
2026-01-10T08:26:00.440538-03:00 warning: Too much lag (1317) for SimulatorGroup5 00F1F291FF395F314289F6512B05192BF593930BBBA8BFACB341F855575A 3
2026-01-10T08:26:00.464977-03:00 warning: Too much lag (3588) for SimulatorGroup1 C0FF90CEB944361294F95303B3FDE9BA7BC8E9AFB5DC33DC873E59B50C3C 2
2026-01-10T08:26:00.465220-03:00 warning: Too much lag (3588) for SimulatorGroup2 C0FF90CEB944361294F95303B3FDE9BA7BC8E9AFB5DC33DC873E59B50C3C 2
2026-01-10T08:26:00.465250-03:00 warning: Too much lag (3588) for SimulatorGroup3 C0FF90CEB944361294F95303B3FDE9BA7BC8E9AFB5DC33DC873E59B50C3C 2
2026-01-10T08:26:00.465279-03:00 warning: Too much lag (3588) for SimulatorGroup4 C0FF90CEB944361294F95303B3FDE9BA7BC8E9AFB5DC33DC873E59B50C3C 2
2026-01-10T08:26:00.465332-03:00 warning: Too much lag (3588) for SimulatorGroup5 C0FF90CEB944361294F95303B3FDE9BA7BC8E9AFB5DC33DC873E59B50C3C 2
2026-01-10T08:26:00.479635-03:00 warning: Too much lag (4118) for SimulatorGroup1 C0FF90CEB944361294F95303B3FDE9BA7BC8E9AFB5DC33DC873E59B50C3C 16
2026-01-10T08:26:00.479724-03:00 warning: Too much lag (4118) for SimulatorGroup2 C0FF90CEB944361294F95303B3FDE9BA7BC8E9AFB5DC33DC873E59B50C3C 16
2026-01-10T08:26:00.479740-03:00 warning: Too much lag (4118) for SimulatorGroup3 C0FF90CEB944361294F95303B3FDE9BA7BC8E9AFB5DC33DC873E59B50C3C 16
2026-01-10T08:26:00.479758-03:00 warning: Too much lag (4118) for SimulatorGroup4 C0FF90CEB944361294F95303B3FDE9BA7BC8E9AFB5DC33DC873E59B50C3C 16
2026-01-10T08:26:00.479793-03:00 warning: Too much lag (4118) for SimulatorGroup5 C0FF90CEB944361294F95303B3FDE9BA7BC8E9AFB5DC33DC873E59B50C3C 16
2026-01-10T08:26:00.830781-03:00 error: Error code 25 returned from broker for client Simulator.TLSClient on KlifeProtocol.Messages.OffsetFetch call
2026-01-10T08:26:00.835924-03:00 error: Heartbeat error on consumer group SimulatorGroup3 for module Elixir.Simulator.Engine.Consumer.TLSClient1. Error Code: 25 Error Message: Member 0e198e7b-f4a2-46e2-8df9-2ad5410c258f is not a member of group SimulatorGroup3.
2026-01-10T08:26:00.837862-03:00 error: GenServer {Klife.ProcessRegistry, {Klife.Consumer.ConsumerGroup, Simulator.TLSClient, Simulator.Engine.Consumer.TLSClient1, "SimulatorGroup3"}} terminating, ** (RuntimeError) Fence error on heartbeat. Error Code: 25 Error Message: Member 0e198e7b-f4a2-46e2-8df9-2ad5410c258f is not a member of group SimulatorGroup3., (klife 0.5.0) lib/klife/consumer/consumer_group/consumer_group.ex:424: Klife.Consumer.ConsumerGroup.do_heartbeat/1, (stdlib 7.2) gen_server.erl:2482: :gen_server.try_terminate/3, (stdlib 7.2) gen_server.erl:2733: :gen_server.terminate/9, (stdlib 7.2) proc_lib.erl:333: :proc_lib.init_p_do_apply/3, Last message: :heartbeat, State: %Klife.Consumer.ConsumerGroup{client: nil, topics: %{"00F1F291FF395F314289F6512B05192BF593930BBBA8BFACB341F855575A" => %Klife.Consumer.ConsumerGroup.TopicConfig{name: "00F1F291FF395F314289F6512B05192BF593930BBBA8BFACB341F855575A", fetch_strategy: {:exclusive, [request_timeout_ms: 5000, client_id: nil, isolation_level: :read_committed, max_bytes: 500000, min_bytes: 1, max_wait_ms: 0]}, isolation_level: :read_committed, offset_reset_policy: :latest, fetch_max_bytes: 1000000, max_queue_size: 10, fetch_interval_ms: 5000, handler_cooldown_ms: 0, handler_max_unacked_commits: 0, handler_max_batch_size: 100}, "79EFEF9F956F6316090F33CBB09CC33DE3F24B8C44F081A8995EB16BBB5C" => %Klife.Consumer.ConsumerGroup.TopicConfig{name: "79EFEF9F956F6316090F33CBB09CC33DE3F24B8C44F081A8995EB16BBB5C", fetch_strategy: {:exclusive, [request_timeout_ms: 5000, client_id: nil, isolation_level: :read_committed, max_bytes: 500000, min_bytes: 1, max_wait_ms: 0]}, isolation_level: :read_uncommitted, offset_reset_policy: :latest, fetch_max_bytes: 1000000, max_queue_size: 10, fetch_interval_ms: 5000, handler_cooldown_ms: 0, handler_max_unacked_commits: 0, handler_max_batch_size: 100}, "992D9C5BA192F7F7451A730CE6D1D5CC4E6C3A92F822DD55C9DD6E4060EA" => %Klife.Consumer.ConsumerGroup.TopicConfig{name: "992D9C5BA192F7F7451A730CE6D1D5CC4E6C3A92F822DD55C9DD6E4060EA", fetch_strategy: {:exclusive, [request_timeout_ms: 5000, client_id: nil, isolation_level: :read_committed, max_bytes: 500000, min_bytes: 1, max_wait_ms: 0]}, isolation_level: :read_uncommitted, offset_reset_policy: :latest, fetch_max_bytes: 1000000, max_queue_size: 10, fetch_interval_ms: 30000, handler_cooldown_ms: 0, handler_max_unacked_commits: 0, handler_max_batch_size: 200}, "B7CCB869A6BB7D5BA04A8DF0EE0268E265096981A438621F5732466A51EC" => %Klife.Consumer.ConsumerGroup.TopicConfig{name: "B7CCB869A6BB7D5BA04A8DF0EE0268E265096981A438621F5732466A51EC", fetch_strategy: {:exclusive, [request_timeout_ms: 5000, client_id: nil, isolation_level: :read_committed, max_bytes: 500000, min_bytes: 1, max_wait_ms: 0]}, isolation_level: :read_uncommitted, offset_reset_policy: :latest, fetch_max_bytes: 1000000, max_queue_size: 2, fetch_interval_ms: 2500, handler_cooldown_ms: 0, handler_max_unacked_commits: 0, handler_max_batch_size: :dynamic}, "C0FF90CEB944361294F95303B3FDE9BA7BC8E9AFB5DC33DC873E59B50C3C" => %Klife.Consumer.ConsumerGroup.TopicConfig{name: "C0FF90CEB944361294F95303B3FDE9BA7BC8E9AFB5DC33DC873E59B50C3C", fetch_strategy: {:exclusive, [request_timeout_ms: 5000, client_id: nil, isolation_level: :read_committed, max_bytes: 500000, min_bytes: 1, max_wait_ms: 0]}, isolation_level: :read_committed, offset_reset_policy: :latest, fetch_max_bytes: 1000000, max_queue_size: 20, fetch_interval_ms: 5000, handler_cooldown_ms: 0, handler_max_unacked_commits: 0, handler_max_batch_size: :dynamic}, "CCBAC3CD5C36BF765A54DBFE444DCCCFA79A6BF8747C78CCFDA54093BA53" => %Klife.Consumer.ConsumerGroup.TopicConfig{name: "CCBAC3CD5C36BF765A54DBFE444DCCCFA79A6BF8747C78CCFDA54093BA53", fetch_strategy: {...}, ...}, ...}, ...}
2026-01-10T08:26:00.843276-03:00 error: GenServer #PID<0.836.0> terminating, ** (RuntimeError) Fence error on heartbeat. Error Code: 25 Error Message: Member 0e198e7b-f4a2-46e2-8df9-2ad5410c258f is not a member of group SimulatorGroup3., (klife 0.5.0) lib/klife/consumer/consumer_group/consumer_group.ex:424: Klife.Consumer.ConsumerGroup.do_heartbeat/1, (stdlib 7.2) gen_server.erl:2482: :gen_server.try_terminate/3, (stdlib 7.2) gen_server.erl:2733: :gen_server.terminate/9, (stdlib 7.2) proc_lib.erl:333: :proc_lib.init_p_do_apply/3, Last message: {:EXIT, #PID<0.835.0>, {%RuntimeError{message: "Fence error on heartbeat. Error Code: 25 Error Message: Member 0e198e7b-f4a2-46e2-8df9-2ad5410c258f is not a member of group SimulatorGroup3."}, [{Klife.Consumer.ConsumerGroup, :do_heartbeat, 1, [file: ~c"lib/klife/consumer/consumer_group/consumer_group.ex", line: 424, error_info: %{module: Exception}]}, {:gen_server, :try_terminate, 3, [file: ~c"gen_server.erl", line: 2482]}, {:gen_server, :terminate, 9, [file: ~c"gen_server.erl", line: 2733]}, {:proc_lib, :init_p_do_apply, 3, [file: ~c"proc_lib.erl", line: 333]}]}}, State: %DynamicSupervisor{args: {:ok, %{intensity: 3, period: 5, strategy: :one_for_one, max_children: :infinity, extra_arguments: []}}, extra_arguments: [], mod: Supervisor.Default, name: {#PID<0.836.0>, Supervisor.Default}, strategy: :one_for_one, max_children: :infinity, max_restarts: 3, max_seconds: 5, children: %{#PID<0.1918.0> => {{Klife.Consumer.ConsumerGroup.Consumer, :start_link, [[consumer_group_mod: Simulator.Engine.Consumer.TLSClient1, topic_id: "5a5951e9-3b75-411b-9c7b-bc589fe38fd5", partition_idx: 1, committer_id: 1, topic_config: %Klife.Consumer.ConsumerGroup.TopicConfig{name: "F398869CCCC89B20E76D09C345761C34B790719352775BEAA1C6A1858F9C", fetch_strategy: {:exclusive, [request_timeout_ms: 5000, client_id: nil, isolation_level: :read_committed, max_bytes: 100000, min_bytes: 1, max_wait_ms: 1000]}, isolation_level: :read_committed, offset_reset_policy: :latest, fetch_max_bytes: 1000000, max_queue_size: 10, fetch_interval_ms: 1000, handler_cooldown_ms: 0, handler_max_unacked_commits: 0, handler_max_batch_size: 200}, client_name: Simulator.TLSClient, consumer_group_name: "SimulatorGroup3", consumer_group_member_id: "0e198e7b-f4a2-46e2-8df9-2ad5410c258f", consumer_group_epoch: 25, consumer_group_coordinator_id: 2, consumer_group_pid: #PID<0.835.0>]]}, :transient, 5000, :worker, [Klife.Consumer.ConsumerGroup.Consumer]}, #PID<0.2027.0> => {{Klife.Consumer.ConsumerGroup.Consumer, :start_link, [[consumer_group_mod: Simulator.Engine.Consumer.TLSClient1, topic_id: "287331af-cdad-49fa-90c3-15aa16a7e97e", partition_idx: 19, committer_id: 1, topic_config: %Klife.Consumer.ConsumerGroup.TopicConfig{name: "79EFEF9F956F6316090F33CBB09CC33DE3F24B8C44F081A8995EB16BBB5C", fetch_strategy: {:exclusive, [request_timeout_ms: 5000, client_id: nil, isolation_level: :read_committed, max_bytes: 500000, min_bytes: 1, max_wait_ms: 0]}, isolation_level: :read_uncommitted, offset_reset_policy: :latest, fetch_max_bytes: 1000000, max_queue_size: 10, fetch_interval_ms: 5000, handler_cooldown_ms: 0, handler_max_unacked_commits: 0, handler_max_batch_size: 100}, client_name: Simulator.TLSClient, consumer_group_name: "SimulatorGroup3", consumer_group_member_id: "0e198e7b-f4a2-46e2-8df9-2ad5410c258f", consumer_group_epoch: 25, consumer_group_coordinator_id: 2, consumer_group_pid: #PID<0.835.0>]]}, :transient, 5000, :worker, [Klife.Consumer.ConsumerGroup.Consumer]}, #PID<0.1942.0> => {{...}, ...}, ...}, ...}
2026-01-10T08:26:01.516539-03:00 error: Error code 25 returned from broker for client Simulator.NormalClient on KlifeProtocol.Messages.OffsetFetch call
2026-01-10T08:26:01.516777-03:00 error: Error code 25 returned from broker for client Simulator.NormalClient on KlifeProtocol.Messages.OffsetFetch call
2026-01-10T08:26:01.516904-03:00 error: Error code 25 returned from broker for client Simulator.TLSClient on KlifeProtocol.Messages.OffsetFetch call
2026-01-10T08:26:01.517336-03:00 error: Heartbeat error on consumer group SimulatorGroup4 for module Elixir.Simulator.Engine.Consumer.NormalClient1. Error Code: 25 Error Message: Member 36e19d3d-8f22-4b57-acd1-8f6339f0ceec is not a member of group SimulatorGroup4.
2026-01-10T08:26:01.517617-03:00 error: Heartbeat error on consumer group SimulatorGroup1 for module Elixir.Simulator.Engine.Consumer.NormalClient1. Error Code: 25 Error Message: Member 1c7fd424-990e-4779-99cc-1062488169af is not a member of group SimulatorGroup1.
2026-01-10T08:26:01.517433-03:00 error: GenServer {Klife.ProcessRegistry, {Klife.Consumer.ConsumerGroup, Simulator.NormalClient, Simulator.Engine.Consumer.NormalClient1, "SimulatorGroup4"}} terminating, ** (RuntimeError) Fence error on heartbeat. Error Code: 25 Error Message: Member 36e19d3d-8f22-4b57-acd1-8f6339f0ceec is not a member of group SimulatorGroup4., (klife 0.5.0) lib/klife/consumer/consumer_group/consumer_group.ex:424: Klife.Consumer.ConsumerGroup.do_heartbeat/1, (stdlib 7.2) gen_server.erl:2482: :gen_server.try_terminate/3, (stdlib 7.2) gen_server.erl:2733: :gen_server.terminate/9, (stdlib 7.2) proc_lib.erl:333: :proc_lib.init_p_do_apply/3, Last message: :heartbeat, State: %Klife.Consumer.ConsumerGroup{client: nil, topics: %{"00F1F291FF395F314289F6512B05192BF593930BBBA8BFACB341F855575A" => %Klife.Consumer.ConsumerGroup.TopicConfig{name: "00F1F291FF395F314289F6512B05192BF593930BBBA8BFACB341F855575A", fetch_strategy: {:exclusive, [request_timeout_ms: 5000, client_id: nil, isolation_level: :read_committed, max_bytes: 1000000, min_bytes: 1, max_wait_ms: 5000]}, isolation_level: :read_uncommitted, offset_reset_policy: :latest, fetch_max_bytes: 1000000, max_queue_size: 50, fetch_interval_ms: 5000, handler_cooldown_ms: 0, handler_max_unacked_commits: 0, handler_max_batch_size: 100}, "79EFEF9F956F6316090F33CBB09CC33DE3F24B8C44F081A8995EB16BBB5C" => %Klife.Consumer.ConsumerGroup.TopicConfig{name: "79EFEF9F956F6316090F33CBB09CC33DE3F24B8C44F081A8995EB16BBB5C", fetch_strategy: {:exclusive, [request_timeout_ms: 5000, client_id: nil, isolation_level: :read_committed, max_bytes: 1000000, min_bytes: 1, max_wait_ms: 5000]}, isolation_level: :read_committed, offset_reset_policy: :latest, fetch_max_bytes: 1000000, max_queue_size: 10, fetch_interval_ms: 5000, handler_cooldown_ms: 0, handler_max_unacked_commits: 0, handler_max_batch_size: 1000}, "992D9C5BA192F7F7451A730CE6D1D5CC4E6C3A92F822DD55C9DD6E4060EA" => %Klife.Consumer.ConsumerGroup.TopicConfig{name: "992D9C5BA192F7F7451A730CE6D1D5CC4E6C3A92F822DD55C9DD6E4060EA", fetch_strategy: {:exclusive, [request_timeout_ms: 5000, client_id: nil, isolation_level: :read_committed, max_bytes: 1000000, min_bytes: 1, max_wait_ms: 5000]}, isolation_level: :read_committed, offset_reset_policy: :latest, fetch_max_bytes: 1000000, max_queue_size: 10, fetch_interval_ms: 30000, handler_cooldown_ms: 0, handler_max_unacked_commits: 0, handler_max_batch_size: 1000}, "B7CCB869A6BB7D5BA04A8DF0EE0268E265096981A438621F5732466A51EC" => %Klife.Consumer.ConsumerGroup.TopicConfig{name: "B7CCB869A6BB7D5BA04A8DF0EE0268E265096981A438621F5732466A51EC", fetch_strategy: {:exclusive, [request_timeout_ms: 5000, client_id: nil, isolation_level: :read_committed, max_bytes: 1000000, min_bytes: 1, max_wait_ms: 5000]}, isolation_level: :read_uncommitted, offset_reset_policy: :earliest, fetch_max_bytes: 1000000, max_queue_size: 2, fetch_interval_ms: 1000, handler_cooldown_ms: 0, handler_max_unacked_commits: 0, handler_max_batch_size: :dynamic}, "C0FF90CEB944361294F95303B3FDE9BA7BC8E9AFB5DC33DC873E59B50C3C" => %Klife.Consumer.ConsumerGroup.TopicConfig{name: "C0FF90CEB944361294F95303B3FDE9BA7BC8E9AFB5DC33DC873E59B50C3C", fetch_strategy: {:exclusive, [request_timeout_ms: 5000, client_id: nil, isolation_level: :read_committed, max_bytes: 1000000, min_bytes: 1, max_wait_ms: 5000]}, isolation_level: :read_committed, offset_reset_policy: :latest, fetch_max_bytes: 1000000, max_queue_size: 10, fetch_interval_ms: 5000, handler_cooldown_ms: 0, handler_max_unacked_commits: 0, handler_max_batch_size: 1000}, "CCBAC3CD5C36BF765A54DBFE444DCCCFA79A6BF8747C78CCFDA54093BA53" => %Klife.Consumer.ConsumerGroup.TopicConfig{name: "CCBAC3CD5C36BF765A54DBFE444DCCCFA79A6BF8747C78CCFDA54093BA53", fetch_strategy: {...}, ...}, ...}, ...}
2026-01-10T08:26:01.517742-03:00 error: GenServer {Klife.ProcessRegistry, {Klife.Consumer.ConsumerGroup, Simulator.NormalClient, Simulator.Engine.Consumer.NormalClient1, "SimulatorGroup1"}} terminating, ** (RuntimeError) Fence error on heartbeat. Error Code: 25 Error Message: Member 1c7fd424-990e-4779-99cc-1062488169af is not a member of group SimulatorGroup1., (klife 0.5.0) lib/klife/consumer/consumer_group/consumer_group.ex:424: Klife.Consumer.ConsumerGroup.do_heartbeat/1, (stdlib 7.2) gen_server.erl:2482: :gen_server.try_terminate/3, (stdlib 7.2) gen_server.erl:2733: :gen_server.terminate/9, (stdlib 7.2) proc_lib.erl:333: :proc_lib.init_p_do_apply/3, Last message: :heartbeat, State: %Klife.Consumer.ConsumerGroup{client: nil, topics: %{"00F1F291FF395F314289F6512B05192BF593930BBBA8BFACB341F855575A" => %Klife.Consumer.ConsumerGroup.TopicConfig{name: "00F1F291FF395F314289F6512B05192BF593930BBBA8BFACB341F855575A", fetch_strategy: {:exclusive, [request_timeout_ms: 5000, client_id: nil, isolation_level: :read_committed, max_bytes: 500000, min_bytes: 1, max_wait_ms: 0]}, isolation_level: :read_committed, offset_reset_policy: :latest, fetch_max_bytes: 1000000, max_queue_size: 10, fetch_interval_ms: 2500, handler_cooldown_ms: 0, handler_max_unacked_commits: 0, handler_max_batch_size: 200}, "79EFEF9F956F6316090F33CBB09CC33DE3F24B8C44F081A8995EB16BBB5C" => %Klife.Consumer.ConsumerGroup.TopicConfig{name: "79EFEF9F956F6316090F33CBB09CC33DE3F24B8C44F081A8995EB16BBB5C", fetch_strategy: {:exclusive, [request_timeout_ms: 5000, client_id: nil, isolation_level: :read_committed, max_bytes: 500000, min_bytes: 1, max_wait_ms: 0]}, isolation_level: :read_committed, offset_reset_policy: :latest, fetch_max_bytes: 1000000, max_queue_size: 10, fetch_interval_ms: 30000, handler_cooldown_ms: 0, handler_max_unacked_commits: 0, handler_max_batch_size: 1000}, "992D9C5BA192F7F7451A730CE6D1D5CC4E6C3A92F822DD55C9DD6E4060EA" => %Klife.Consumer.ConsumerGroup.TopicConfig{name: "992D9C5BA192F7F7451A730CE6D1D5CC4E6C3A92F822DD55C9DD6E4060EA", fetch_strategy: {:exclusive, [request_timeout_ms: 5000, client_id: nil, isolation_level: :read_committed, max_bytes: 500000, min_bytes: 1, max_wait_ms: 0]}, isolation_level: :read_committed, offset_reset_policy: :latest, fetch_max_bytes: 1000000, max_queue_size: 10, fetch_interval_ms: 5000, handler_cooldown_ms: 0, handler_max_unacked_commits: 0, handler_max_batch_size: 200}, "B7CCB869A6BB7D5BA04A8DF0EE0268E265096981A438621F5732466A51EC" => %Klife.Consumer.ConsumerGroup.TopicConfig{name: "B7CCB869A6BB7D5BA04A8DF0EE0268E265096981A438621F5732466A51EC", fetch_strategy: {:exclusive, [request_timeout_ms: 5000, client_id: nil, isolation_level: :read_committed, max_bytes: 250000, min_bytes: 1, max_wait_ms: 0]}, isolation_level: :read_committed, offset_reset_policy: :latest, fetch_max_bytes: 1000000, max_queue_size: 2, fetch_interval_ms: 10000, handler_cooldown_ms: 0, handler_max_unacked_commits: 0, handler_max_batch_size: :dynamic}, "C0FF90CEB944361294F95303B3FDE9BA7BC8E9AFB5DC33DC873E59B50C3C" => %Klife.Consumer.ConsumerGroup.TopicConfig{name: "C0FF90CEB944361294F95303B3FDE9BA7BC8E9AFB5DC33DC873E59B50C3C", fetch_strategy: {:exclusive, [request_timeout_ms: 5000, client_id: nil, isolation_level: :read_committed, max_bytes: 250000, min_bytes: 1, max_wait_ms: 0]}, isolation_level: :read_committed, offset_reset_policy: :latest, fetch_max_bytes: 1000000, max_queue_size: 2, fetch_interval_ms: 2500, handler_cooldown_ms: 0, handler_max_unacked_commits: 0, handler_max_batch_size: :dynamic}, "CCBAC3CD5C36BF765A54DBFE444DCCCFA79A6BF8747C78CCFDA54093BA53" => %Klife.Consumer.ConsumerGroup.TopicConfig{name: "CCBAC3CD5C36BF765A54DBFE444DCCCFA79A6BF8747C78CCFDA54093BA53", fetch_strategy: {...}, ...}, ...}, ...}
2026-01-10T08:26:01.518476-03:00 error: GenServer #PID<0.840.0> terminating, ** (RuntimeError) Fence error on heartbeat. Error Code: 25 Error Message: Member 36e19d3d-8f22-4b57-acd1-8f6339f0ceec is not a member of group SimulatorGroup4., (klife 0.5.0) lib/klife/consumer/consumer_group/consumer_group.ex:424: Klife.Consumer.ConsumerGroup.do_heartbeat/1, (stdlib 7.2) gen_server.erl:2482: :gen_server.try_terminate/3, (stdlib 7.2) gen_server.erl:2733: :gen_server.terminate/9, (stdlib 7.2) proc_lib.erl:333: :proc_lib.init_p_do_apply/3, Last message: {:EXIT, #PID<0.839.0>, {%RuntimeError{message: "Fence error on heartbeat. Error Code: 25 Error Message: Member 36e19d3d-8f22-4b57-acd1-8f6339f0ceec is not a member of group SimulatorGroup4."}, [{Klife.Consumer.ConsumerGroup, :do_heartbeat, 1, [file: ~c"lib/klife/consumer/consumer_group/consumer_group.ex", line: 424, error_info: %{module: Exception}]}, {:gen_server, :try_terminate, 3, [file: ~c"gen_server.erl", line: 2482]}, {:gen_server, :terminate, 9, [file: ~c"gen_server.erl", line: 2733]}, {:proc_lib, :init_p_do_apply, 3, [file: ~c"proc_lib.erl", line: 333]}]}}, State: %DynamicSupervisor{args: {:ok, %{intensity: 3, period: 5, strategy: :one_for_one, max_children: :infinity, extra_arguments: []}}, extra_arguments: [], mod: Supervisor.Default, name: {#PID<0.840.0>, Supervisor.Default}, strategy: :one_for_one, max_children: :infinity, max_restarts: 3, max_seconds: 5, children: %{#PID<0.1279.0> => {{Klife.Consumer.ConsumerGroup.Consumer, :start_link, [[consumer_group_mod: Simulator.Engine.Consumer.NormalClient1, topic_id: "9e79d6fc-c0b1-4608-a8ab-f4a8ebd11435", partition_idx: 16, committer_id: 1, topic_config: %Klife.Consumer.ConsumerGroup.TopicConfig{name: "C0FF90CEB944361294F95303B3FDE9BA7BC8E9AFB5DC33DC873E59B50C3C", fetch_strategy: {:exclusive, [request_timeout_ms: 5000, client_id: nil, isolation_level: :read_committed, max_bytes: 1000000, min_bytes: 1, max_wait_ms: 5000]}, isolation_level: :read_committed, offset_reset_policy: :latest, fetch_max_bytes: 1000000, max_queue_size: 10, fetch_interval_ms: 5000, handler_cooldown_ms: 0, handler_max_unacked_commits: 0, handler_max_batch_size: 1000}, client_name: Simulator.NormalClient, consumer_group_name: "SimulatorGroup4", consumer_group_member_id: "36e19d3d-8f22-4b57-acd1-8f6339f0ceec", consumer_group_epoch: 31, consumer_group_coordinator_id: 4, consumer_group_pid: #PID<0.839.0>]]}, :transient, 5000, :worker, [Klife.Consumer.ConsumerGroup.Consumer]}, #PID<0.1750.0> => {{Klife.Consumer.ConsumerGroup.Consumer, :start_link, [[consumer_group_mod: Simulator.Engine.Consumer.NormalClient1, topic_id: "b21b02cb-3bd2-442f-84ac-57e979fbdd5d", partition_idx: 14, committer_id: 1, topic_config: %Klife.Consumer.ConsumerGroup.TopicConfig{name: "D784C4B71B080E1BCDB32DDCFFB5C8643B4F7C1708C39AD392BF9D8EB843", fetch_strategy: {:exclusive, [request_timeout_ms: 5000, client_id: nil, isolation_level: :read_committed, max_bytes: 1000000, min_bytes: 1, max_wait_ms: 5000]}, isolation_level: :read_committed, offset_reset_policy: :latest, fetch_max_bytes: 1000000, max_queue_size: 10, fetch_interval_ms: 5000, handler_cooldown_ms: 0, handler_max_unacked_commits: 0, handler_max_batch_size: 100}, client_name: Simulator.NormalClient, consumer_group_name: "SimulatorGroup4", consumer_group_member_id: "36e19d3d-8f22-4b57-acd1-8f6339f0ceec", consumer_group_epoch: 31, consumer_group_coordinator_id: 4, consumer_group_pid: #PID<0.839.0>]]}, :transient, 5000, :worker, [Klife.Consumer.ConsumerGroup.Consumer]}, #PID<0.1862.0> => {{...}, ...}, ...}, ...}
2026-01-10T08:26:01.519237-03:00 error: GenServer #PID<0.832.0> terminating, ** (RuntimeError) Fence error on heartbeat. Error Code: 25 Error Message: Member 1c7fd424-990e-4779-99cc-1062488169af is not a member of group SimulatorGroup1., (klife 0.5.0) lib/klife/consumer/consumer_group/consumer_group.ex:424: Klife.Consumer.ConsumerGroup.do_heartbeat/1, (stdlib 7.2) gen_server.erl:2482: :gen_server.try_terminate/3, (stdlib 7.2) gen_server.erl:2733: :gen_server.terminate/9, (stdlib 7.2) proc_lib.erl:333: :proc_lib.init_p_do_apply/3, Last message: {:EXIT, #PID<0.831.0>, {%RuntimeError{message: "Fence error on heartbeat. Error Code: 25 Error Message: Member 1c7fd424-990e-4779-99cc-1062488169af is not a member of group SimulatorGroup1."}, [{Klife.Consumer.ConsumerGroup, :do_heartbeat, 1, [file: ~c"lib/klife/consumer/consumer_group/consumer_group.ex", line: 424, error_info: %{module: Exception}]}, {:gen_server, :try_terminate, 3, [file: ~c"gen_server.erl", line: 2482]}, {:gen_server, :terminate, 9, [file: ~c"gen_server.erl", line: 2733]}, {:proc_lib, :init_p_do_apply, 3, [file: ~c"proc_lib.erl", line: 333]}]}}, State: %DynamicSupervisor{args: {:ok, %{intensity: 3, period: 5, strategy: :one_for_one, max_children: :infinity, extra_arguments: []}}, extra_arguments: [], mod: Supervisor.Default, name: {#PID<0.832.0>, Supervisor.Default}, strategy: :one_for_one, max_children: :infinity, max_restarts: 3, max_seconds: 5, children: %{#PID<0.2042.0> => {{Klife.Consumer.ConsumerGroup.Consumer, :start_link, [[consumer_group_mod: Simulator.Engine.Consumer.NormalClient1, topic_id: "496e9be9-551a-486b-b025-0ac7051d5743", partition_idx: 10, committer_id: 1, topic_config: %Klife.Consumer.ConsumerGroup.TopicConfig{name: "B7CCB869A6BB7D5BA04A8DF0EE0268E265096981A438621F5732466A51EC", fetch_strategy: {:exclusive, [request_timeout_ms: 5000, client_id: nil, isolation_level: :read_committed, max_bytes: 250000, min_bytes: 1, max_wait_ms: 0]}, isolation_level: :read_committed, offset_reset_policy: :latest, fetch_max_bytes: 1000000, max_queue_size: 2, fetch_interval_ms: 10000, handler_cooldown_ms: 0, handler_max_unacked_commits: 0, handler_max_batch_size: :dynamic}, client_name: Simulator.NormalClient, consumer_group_name: "SimulatorGroup1", consumer_group_member_id: "1c7fd424-990e-4779-99cc-1062488169af", consumer_group_epoch: 25, consumer_group_coordinator_id: 4, consumer_group_pid: #PID<0.831.0>]]}, :transient, 5000, :worker, [Klife.Consumer.ConsumerGroup.Consumer]}, #PID<0.2061.0> => {{Klife.Consumer.ConsumerGroup.Consumer, :start_link, [[consumer_group_mod: Simulator.Engine.Consumer.NormalClient1, topic_id: "b21b02cb-3bd2-442f-84ac-57e979fbdd5d", partition_idx: 7, committer_id: 1, topic_config: %Klife.Consumer.ConsumerGroup.TopicConfig{name: "D784C4B71B080E1BCDB32DDCFFB5C8643B4F7C1708C39AD392BF9D8EB843", fetch_strategy: {:exclusive, [request_timeout_ms: 5000, client_id: nil, isolation_level: :read_committed, max_bytes: 500000, min_bytes: 1, max_wait_ms: 0]}, isolation_level: :read_committed, offset_reset_policy: :latest, fetch_max_bytes: 1000000, max_queue_size: 2, fetch_interval_ms: 10000, handler_cooldown_ms: 0, handler_max_unacked_commits: 0, handler_max_batch_size: :dynamic}, client_name: Simulator.NormalClient, consumer_group_name: "SimulatorGroup1", consumer_group_member_id: "1c7fd424-990e-4779-99cc-1062488169af", consumer_group_epoch: 25, consumer_group_coordinator_id: 4, consumer_group_pid: #PID<0.831.0>]]}, :transient, 5000, :worker, [Klife.Consumer.ConsumerGroup.Consumer]}, #PID<0.1964.0> => {{...}, ...}, ...}, ...}
2026-01-10T08:26:01.522459-03:00 error: Heartbeat error on consumer group SimulatorGroup5 for module Elixir.Simulator.Engine.Consumer.TLSClient1. Error Code: 25 Error Message: Member 7ea9d6b0-7924-4ae8-abbd-cc8e6d941933 is not a member of group SimulatorGroup5.
2026-01-10T08:26:01.522619-03:00 error: GenServer {Klife.ProcessRegistry, {Klife.Consumer.ConsumerGroup, Simulator.TLSClient, Simulator.Engine.Consumer.TLSClient1, "SimulatorGroup5"}} terminating, ** (RuntimeError) Fence error on heartbeat. Error Code: 25 Error Message: Member 7ea9d6b0-7924-4ae8-abbd-cc8e6d941933 is not a member of group SimulatorGroup5., (klife 0.5.0) lib/klife/consumer/consumer_group/consumer_group.ex:424: Klife.Consumer.ConsumerGroup.do_heartbeat/1, (stdlib 7.2) gen_server.erl:2482: :gen_server.try_terminate/3, (stdlib 7.2) gen_server.erl:2733: :gen_server.terminate/9, (stdlib 7.2) proc_lib.erl:333: :proc_lib.init_p_do_apply/3, Last message: :heartbeat, State: %Klife.Consumer.ConsumerGroup{client: nil, topics: %{"00F1F291FF395F314289F6512B05192BF593930BBBA8BFACB341F855575A" => %Klife.Consumer.ConsumerGroup.TopicConfig{name: "00F1F291FF395F314289F6512B05192BF593930BBBA8BFACB341F855575A", fetch_strategy: {:exclusive, [request_timeout_ms: 5000, client_id: nil, isolation_level: :read_committed, max_bytes: 500000, min_bytes: 1, max_wait_ms: 0]}, isolation_level: :read_committed, offset_reset_policy: :latest, fetch_max_bytes: 1000000, max_queue_size: 10, fetch_interval_ms: 5000, handler_cooldown_ms: 0, handler_max_unacked_commits: 0, handler_max_batch_size: :dynamic}, "79EFEF9F956F6316090F33CBB09CC33DE3F24B8C44F081A8995EB16BBB5C" => %Klife.Consumer.ConsumerGroup.TopicConfig{name: "79EFEF9F956F6316090F33CBB09CC33DE3F24B8C44F081A8995EB16BBB5C", fetch_strategy: {:exclusive, [request_timeout_ms: 10000, client_id: nil, isolation_level: :read_committed, max_bytes: 500000, min_bytes: 1, max_wait_ms: 0]}, isolation_level: :read_committed, offset_reset_policy: :latest, fetch_max_bytes: 1000000, max_queue_size: 10, fetch_interval_ms: 5000, handler_cooldown_ms: 0, handler_max_unacked_commits: 0, handler_max_batch_size: 100}, "992D9C5BA192F7F7451A730CE6D1D5CC4E6C3A92F822DD55C9DD6E4060EA" => %Klife.Consumer.ConsumerGroup.TopicConfig{name: "992D9C5BA192F7F7451A730CE6D1D5CC4E6C3A92F822DD55C9DD6E4060EA", fetch_strategy: {:exclusive, [request_timeout_ms: 5000, client_id: nil, isolation_level: :read_committed, max_bytes: 500000, min_bytes: 1, max_wait_ms: 0]}, isolation_level: :read_committed, offset_reset_policy: :latest, fetch_max_bytes: 1000000, max_queue_size: 20, fetch_interval_ms: 30000, handler_cooldown_ms: 0, handler_max_unacked_commits: 0, handler_max_batch_size: 200}, "B7CCB869A6BB7D5BA04A8DF0EE0268E265096981A438621F5732466A51EC" => %Klife.Consumer.ConsumerGroup.TopicConfig{name: "B7CCB869A6BB7D5BA04A8DF0EE0268E265096981A438621F5732466A51EC", fetch_strategy: {:exclusive, [request_timeout_ms: 5000, client_id: nil, isolation_level: :read_committed, max_bytes: 500000, min_bytes: 1, max_wait_ms: 0]}, isolation_level: :read_committed, offset_reset_policy: :earliest, fetch_max_bytes: 1000000, max_queue_size: 50, fetch_interval_ms: 5000, handler_cooldown_ms: 0, handler_max_unacked_commits: 0, handler_max_batch_size: :dynamic}, "C0FF90CEB944361294F95303B3FDE9BA7BC8E9AFB5DC33DC873E59B50C3C" => %Klife.Consumer.ConsumerGroup.TopicConfig{name: "C0FF90CEB944361294F95303B3FDE9BA7BC8E9AFB5DC33DC873E59B50C3C", fetch_strategy: {:exclusive, [request_timeout_ms: 5000, client_id: nil, isolation_level: :read_committed, max_bytes: 500000, min_bytes: 1, max_wait_ms: 0]}, isolation_level: :read_committed, offset_reset_policy: :latest, fetch_max_bytes: 1000000, max_queue_size: 10, fetch_interval_ms: 5000, handler_cooldown_ms: 0, handler_max_unacked_commits: 0, handler_max_batch_size: 1000}, "CCBAC3CD5C36BF765A54DBFE444DCCCFA79A6BF8747C78CCFDA54093BA53" => %Klife.Consumer.ConsumerGroup.TopicConfig{name: "CCBAC3CD5C36BF765A54DBFE444DCCCFA79A6BF8747C78CCFDA54093BA53", fetch_strategy: {...}, ...}, ...}, ...}
2026-01-10T08:26:01.523884-03:00 error: GenServer #PID<0.842.0> terminating, ** (RuntimeError) Fence error on heartbeat. Error Code: 25 Error Message: Member 7ea9d6b0-7924-4ae8-abbd-cc8e6d941933 is not a member of group SimulatorGroup5., (klife 0.5.0) lib/klife/consumer/consumer_group/consumer_group.ex:424: Klife.Consumer.ConsumerGroup.do_heartbeat/1, (stdlib 7.2) gen_server.erl:2482: :gen_server.try_terminate/3, (stdlib 7.2) gen_server.erl:2733: :gen_server.terminate/9, (stdlib 7.2) proc_lib.erl:333: :proc_lib.init_p_do_apply/3, Last message: {:EXIT, #PID<0.841.0>, {%RuntimeError{message: "Fence error on heartbeat. Error Code: 25 Error Message: Member 7ea9d6b0-7924-4ae8-abbd-cc8e6d941933 is not a member of group SimulatorGroup5."}, [{Klife.Consumer.ConsumerGroup, :do_heartbeat, 1, [file: ~c"lib/klife/consumer/consumer_group/consumer_group.ex", line: 424, error_info: %{module: Exception}]}, {:gen_server, :try_terminate, 3, [file: ~c"gen_server.erl", line: 2482]}, {:gen_server, :terminate, 9, [file: ~c"gen_server.erl", line: 2733]}, {:proc_lib, :init_p_do_apply, 3, [file: ~c"proc_lib.erl", line: 333]}]}}, State: %DynamicSupervisor{args: {:ok, %{intensity: 3, period: 5, strategy: :one_for_one, max_children: :infinity, extra_arguments: []}}, extra_arguments: [], mod: Supervisor.Default, name: {#PID<0.842.0>, Supervisor.Default}, strategy: :one_for_one, max_children: :infinity, max_restarts: 3, max_seconds: 5, children: %{#PID<0.1890.0> => {{Klife.Consumer.ConsumerGroup.Consumer, :start_link, [[consumer_group_mod: Simulator.Engine.Consumer.TLSClient1, topic_id: "c4e14cff-02e7-421e-bbb1-9e12475c479a", partition_idx: 11, committer_id: 1, topic_config: %Klife.Consumer.ConsumerGroup.TopicConfig{name: "F4F330E08B0936AF9D7B700EC3317BAE7BBD90FDB90615481BA11E3E6320", fetch_strategy: {:exclusive, [request_timeout_ms: 5000, client_id: nil, isolation_level: :read_committed, max_bytes: 500000, min_bytes: 1, max_wait_ms: 0]}, isolation_level: :read_committed, offset_reset_policy: :latest, fetch_max_bytes: 1000000, max_queue_size: 10, fetch_interval_ms: 2500, handler_cooldown_ms: 0, handler_max_unacked_commits: 0, handler_max_batch_size: 200}, client_name: Simulator.TLSClient, consumer_group_name: "SimulatorGroup5", consumer_group_member_id: "7ea9d6b0-7924-4ae8-abbd-cc8e6d941933", consumer_group_epoch: 21, consumer_group_coordinator_id: 3, consumer_group_pid: #PID<0.841.0>]]}, :transient, 5000, :worker, [Klife.Consumer.ConsumerGroup.Consumer]}, #PID<0.1923.0> => {{Klife.Consumer.ConsumerGroup.Consumer, :start_link, [[consumer_group_mod: Simulator.Engine.Consumer.TLSClient1, topic_id: "5a5951e9-3b75-411b-9c7b-bc589fe38fd5", partition_idx: 16, committer_id: 1, topic_config: %Klife.Consumer.ConsumerGroup.TopicConfig{name: "F398869CCCC89B20E76D09C345761C34B790719352775BEAA1C6A1858F9C", fetch_strategy: {:exclusive, [request_timeout_ms: 5000, client_id: nil, isolation_level: :read_committed, max_bytes: 500000, min_bytes: 1, max_wait_ms: 0]}, isolation_level: :read_committed, offset_reset_policy: :latest, fetch_max_bytes: 1000000, max_queue_size: 50, fetch_interval_ms: 5000, handler_cooldown_ms: 0, handler_max_unacked_commits: 0, handler_max_batch_size: :dynamic}, client_name: Simulator.TLSClient, consumer_group_name: "SimulatorGroup5", consumer_group_member_id: "7ea9d6b0-7924-4ae8-abbd-cc8e6d941933", consumer_group_epoch: 21, consumer_group_coordinator_id: 3, consumer_group_pid: #PID<0.841.0>]]}, :transient, 5000, :worker, [Klife.Consumer.ConsumerGroup.Consumer]}, #PID<0.1872.0> => {{...}, ...}, ...}, ...}
2026-01-10T08:26:01.835176-03:00 error: Error code 25 returned from broker for client Simulator.TLSClient on KlifeProtocol.Messages.OffsetFetch call
2026-01-10T08:26:01.836370-03:00 error: Heartbeat error on consumer group SimulatorGroup2 for module Elixir.Simulator.Engine.Consumer.TLSClient1. Error Code: 25 Error Message: Member a91fe8cb-3285-482b-bdd6-cd4be0648c09 is not a member of group SimulatorGroup2.
2026-01-10T08:26:01.836514-03:00 error: GenServer {Klife.ProcessRegistry, {Klife.Consumer.ConsumerGroup, Simulator.TLSClient, Simulator.Engine.Consumer.TLSClient1, "SimulatorGroup2"}} terminating, ** (RuntimeError) Fence error on heartbeat. Error Code: 25 Error Message: Member a91fe8cb-3285-482b-bdd6-cd4be0648c09 is not a member of group SimulatorGroup2., (klife 0.5.0) lib/klife/consumer/consumer_group/consumer_group.ex:424: Klife.Consumer.ConsumerGroup.do_heartbeat/1, (stdlib 7.2) gen_server.erl:2482: :gen_server.try_terminate/3, (stdlib 7.2) gen_server.erl:2733: :gen_server.terminate/9, (stdlib 7.2) proc_lib.erl:333: :proc_lib.init_p_do_apply/3, Last message: :heartbeat, State: %Klife.Consumer.ConsumerGroup{client: nil, topics: %{"00F1F291FF395F314289F6512B05192BF593930BBBA8BFACB341F855575A" => %Klife.Consumer.ConsumerGroup.TopicConfig{name: "00F1F291FF395F314289F6512B05192BF593930BBBA8BFACB341F855575A", fetch_strategy: {:exclusive, [request_timeout_ms: 5000, client_id: nil, isolation_level: :read_committed, max_bytes: 500000, min_bytes: 1, max_wait_ms: 0]}, isolation_level: :read_committed, offset_reset_policy: :latest, fetch_max_bytes: 1000000, max_queue_size: 10, fetch_interval_ms: 1000, handler_cooldown_ms: 0, handler_max_unacked_commits: 0, handler_max_batch_size: 1000}, "79EFEF9F956F6316090F33CBB09CC33DE3F24B8C44F081A8995EB16BBB5C" => %Klife.Consumer.ConsumerGroup.TopicConfig{name: "79EFEF9F956F6316090F33CBB09CC33DE3F24B8C44F081A8995EB16BBB5C", fetch_strategy: {:exclusive, [request_timeout_ms: 5000, client_id: nil, isolation_level: :read_committed, max_bytes: 500000, min_bytes: 1, max_wait_ms: 0]}, isolation_level: :read_committed, offset_reset_policy: :latest, fetch_max_bytes: 1000000, max_queue_size: 20, fetch_interval_ms: 5000, handler_cooldown_ms: 0, handler_max_unacked_commits: 0, handler_max_batch_size: :dynamic}, "992D9C5BA192F7F7451A730CE6D1D5CC4E6C3A92F822DD55C9DD6E4060EA" => %Klife.Consumer.ConsumerGroup.TopicConfig{name: "992D9C5BA192F7F7451A730CE6D1D5CC4E6C3A92F822DD55C9DD6E4060EA", fetch_strategy: {:exclusive, [request_timeout_ms: 5000, client_id: nil, isolation_level: :read_committed, max_bytes: 500000, min_bytes: 1, max_wait_ms: 0]}, isolation_level: :read_committed, offset_reset_policy: :latest, fetch_max_bytes: 1000000, max_queue_size: 10, fetch_interval_ms: 2500, handler_cooldown_ms: 0, handler_max_unacked_commits: 0, handler_max_batch_size: 200}, "B7CCB869A6BB7D5BA04A8DF0EE0268E265096981A438621F5732466A51EC" => %Klife.Consumer.ConsumerGroup.TopicConfig{name: "B7CCB869A6BB7D5BA04A8DF0EE0268E265096981A438621F5732466A51EC", fetch_strategy: {:exclusive, [request_timeout_ms: 5000, client_id: nil, isolation_level: :read_committed, max_bytes: 500000, min_bytes: 1, max_wait_ms: 0]}, isolation_level: :read_committed, offset_reset_policy: :latest, fetch_max_bytes: 1000000, max_queue_size: 50, fetch_interval_ms: 1000, handler_cooldown_ms: 0, handler_max_unacked_commits: 0, handler_max_batch_size: :dynamic}, "C0FF90CEB944361294F95303B3FDE9BA7BC8E9AFB5DC33DC873E59B50C3C" => %Klife.Consumer.ConsumerGroup.TopicConfig{name: "C0FF90CEB944361294F95303B3FDE9BA7BC8E9AFB5DC33DC873E59B50C3C", fetch_strategy: {:exclusive, [request_timeout_ms: 5000, client_id: nil, isolation_level: :read_committed, max_bytes: 500000, min_bytes: 1, max_wait_ms: 0]}, isolation_level: :read_committed, offset_reset_policy: :latest, fetch_max_bytes: 1000000, max_queue_size: 2, fetch_interval_ms: 5000, handler_cooldown_ms: 0, handler_max_unacked_commits: 0, handler_max_batch_size: :dynamic}, "CCBAC3CD5C36BF765A54DBFE444DCCCFA79A6BF8747C78CCFDA54093BA53" => %Klife.Consumer.ConsumerGroup.TopicConfig{name: "CCBAC3CD5C36BF765A54DBFE444DCCCFA79A6BF8747C78CCFDA54093BA53", fetch_strategy: {...}, ...}, ...}, ...}
2026-01-10T08:26:01.838402-03:00 error: GenServer #PID<0.834.0> terminating, ** (RuntimeError) Fence error on heartbeat. Error Code: 25 Error Message: Member a91fe8cb-3285-482b-bdd6-cd4be0648c09 is not a member of group SimulatorGroup2., (klife 0.5.0) lib/klife/consumer/consumer_group/consumer_group.ex:424: Klife.Consumer.ConsumerGroup.do_heartbeat/1, (stdlib 7.2) gen_server.erl:2482: :gen_server.try_terminate/3, (stdlib 7.2) gen_server.erl:2733: :gen_server.terminate/9, (stdlib 7.2) proc_lib.erl:333: :proc_lib.init_p_do_apply/3, Last message: {:EXIT, #PID<0.833.0>, {%RuntimeError{message: "Fence error on heartbeat. Error Code: 25 Error Message: Member a91fe8cb-3285-482b-bdd6-cd4be0648c09 is not a member of group SimulatorGroup2."}, [{Klife.Consumer.ConsumerGroup, :do_heartbeat, 1, [file: ~c"lib/klife/consumer/consumer_group/consumer_group.ex", line: 424, error_info: %{module: Exception}]}, {:gen_server, :try_terminate, 3, [file: ~c"gen_server.erl", line: 2482]}, {:gen_server, :terminate, 9, [file: ~c"gen_server.erl", line: 2733]}, {:proc_lib, :init_p_do_apply, 3, [file: ~c"proc_lib.erl", line: 333]}]}}, State: %DynamicSupervisor{args: {:ok, %{intensity: 3, period: 5, strategy: :one_for_one, max_children: :infinity, extra_arguments: []}}, extra_arguments: [], mod: Supervisor.Default, name: {#PID<0.834.0>, Supervisor.Default}, strategy: :one_for_one, max_children: :infinity, max_restarts: 3, max_seconds: 5, children: %{#PID<0.2045.0> => {{Klife.Consumer.ConsumerGroup.Consumer, :start_link, [[consumer_group_mod: Simulator.Engine.Consumer.TLSClient1, topic_id: "b21b02cb-3bd2-442f-84ac-57e979fbdd5d", partition_idx: 9, committer_id: 1, topic_config: %Klife.Consumer.ConsumerGroup.TopicConfig{name: "D784C4B71B080E1BCDB32DDCFFB5C8643B4F7C1708C39AD392BF9D8EB843", fetch_strategy: {:exclusive, [request_timeout_ms: 5000, client_id: nil, isolation_level: :read_committed, max_bytes: 500000, min_bytes: 1, max_wait_ms: 0]}, isolation_level: :read_committed, offset_reset_policy: :latest, fetch_max_bytes: 1000000, max_queue_size: 10, fetch_interval_ms: 5000, handler_cooldown_ms: 0, handler_max_unacked_commits: 0, handler_max_batch_size: 200}, client_name: Simulator.TLSClient, consumer_group_name: "SimulatorGroup2", consumer_group_member_id: "a91fe8cb-3285-482b-bdd6-cd4be0648c09", consumer_group_epoch: 25, consumer_group_coordinator_id: 2, consumer_group_pid: #PID<0.833.0>]]}, :transient, 5000, :worker, [Klife.Consumer.ConsumerGroup.Consumer]}, #PID<0.1919.0> => {{Klife.Consumer.ConsumerGroup.Consumer, :start_link, [[consumer_group_mod: Simulator.Engine.Consumer.TLSClient1, topic_id: "5a5951e9-3b75-411b-9c7b-bc589fe38fd5", partition_idx: 10, committer_id: 1, topic_config: %Klife.Consumer.ConsumerGroup.TopicConfig{name: "F398869CCCC89B20E76D09C345761C34B790719352775BEAA1C6A1858F9C", fetch_strategy: {:exclusive, [request_timeout_ms: 5000, client_id: nil, isolation_level: :read_committed, max_bytes: 500000, min_bytes: 1, max_wait_ms: 0]}, isolation_level: :read_committed, offset_reset_policy: :latest, fetch_max_bytes: 1000000, max_queue_size: 10, fetch_interval_ms: 10000, handler_cooldown_ms: 0, handler_max_unacked_commits: 0, handler_max_batch_size: 1000}, client_name: Simulator.TLSClient, consumer_group_name: "SimulatorGroup2", consumer_group_member_id: "a91fe8cb-3285-482b-bdd6-cd4be0648c09", consumer_group_epoch: 25, consumer_group_coordinator_id: 2, consumer_group_pid: #PID<0.833.0>]]}, :transient, 5000, :worker, [Klife.Consumer.ConsumerGroup.Consumer]}, #PID<0.1908.0> => {{...}, ...}, ...}, ...}
2026-01-10T08:26:05.376600-03:00 info: Running invariants check!
2026-01-10T08:26:05.376754-03:00 info: Total produced records: 37053
2026-01-10T08:26:05.376787-03:00 info: Total consumed records for SimulatorGroup1: 0
2026-01-10T08:26:05.376813-03:00 info: Total consumed records for SimulatorGroup2: 0
2026-01-10T08:26:05.376847-03:00 info: Total consumed records for SimulatorGroup3: 0
2026-01-10T08:26:05.376872-03:00 info: Total consumed records for SimulatorGroup4: 0
2026-01-10T08:26:05.376898-03:00 info: Total consumed records for SimulatorGroup5: 0
2026-01-10T08:26:05.390188-03:00 warning: Too much lag (2064) for SimulatorGroup1 F4F330E08B0936AF9D7B700EC3317BAE7BBD90FDB90615481BA11E3E6320 18
2026-01-10T08:26:05.390308-03:00 warning: Too much lag (2064) for SimulatorGroup2 F4F330E08B0936AF9D7B700EC3317BAE7BBD90FDB90615481BA11E3E6320 18
2026-01-10T08:26:05.390353-03:00 warning: Too much lag (2064) for SimulatorGroup3 F4F330E08B0936AF9D7B700EC3317BAE7BBD90FDB90615481BA11E3E6320 18
2026-01-10T08:26:05.390374-03:00 warning: Too much lag (2064) for SimulatorGroup4 F4F330E08B0936AF9D7B700EC3317BAE7BBD90FDB90615481BA11E3E6320 18
2026-01-10T08:26:05.390395-03:00 warning: Too much lag (2064) for SimulatorGroup5 F4F330E08B0936AF9D7B700EC3317BAE7BBD90FDB90615481BA11E3E6320 18
2026-01-10T08:26:05.400098-03:00 warning: Too much lag (1782) for SimulatorGroup1 992D9C5BA192F7F7451A730CE6D1D5CC4E6C3A92F822DD55C9DD6E4060EA 1
2026-01-10T08:26:05.400190-03:00 warning: Too much lag (1782) for SimulatorGroup2 992D9C5BA192F7F7451A730CE6D1D5CC4E6C3A92F822DD55C9DD6E4060EA 1
2026-01-10T08:26:05.400208-03:00 warning: Too much lag (1782) for SimulatorGroup3 992D9C5BA192F7F7451A730CE6D1D5CC4E6C3A92F822DD55C9DD6E4060EA 1
2026-01-10T08:26:05.400224-03:00 warning: Too much lag (1782) for SimulatorGroup4 992D9C5BA192F7F7451A730CE6D1D5CC4E6C3A92F822DD55C9DD6E4060EA 1
2026-01-10T08:26:05.400242-03:00 warning: Too much lag (1782) for SimulatorGroup5 992D9C5BA192F7F7451A730CE6D1D5CC4E6C3A92F822DD55C9DD6E4060EA 1
2026-01-10T08:26:05.416750-03:00 warning: Too much lag (4639) for SimulatorGroup1 992D9C5BA192F7F7451A730CE6D1D5CC4E6C3A92F822DD55C9DD6E4060EA 7
2026-01-10T08:26:05.416842-03:00 warning: Too much lag (4639) for SimulatorGroup2 992D9C5BA192F7F7451A730CE6D1D5CC4E6C3A92F822DD55C9DD6E4060EA 7
2026-01-10T08:26:05.416862-03:00 warning: Too much lag (4639) for SimulatorGroup3 992D9C5BA192F7F7451A730CE6D1D5CC4E6C3A92F822DD55C9DD6E4060EA 7
2026-01-10T08:26:05.416914-03:00 warning: Too much lag (4639) for SimulatorGroup4 992D9C5BA192F7F7451A730CE6D1D5CC4E6C3A92F822DD55C9DD6E4060EA 7
2026-01-10T08:26:05.417053-03:00 warning: Too much lag (4639) for SimulatorGroup5 992D9C5BA192F7F7451A730CE6D1D5CC4E6C3A92F822DD55C9DD6E4060EA 7
2026-01-10T08:26:05.427909-03:00 warning: Too much lag (1998) for SimulatorGroup1 D784C4B71B080E1BCDB32DDCFFB5C8643B4F7C1708C39AD392BF9D8EB843 14
2026-01-10T08:26:05.428029-03:00 warning: Too much lag (1998) for SimulatorGroup2 D784C4B71B080E1BCDB32DDCFFB5C8643B4F7C1708C39AD392BF9D8EB843 14
2026-01-10T08:26:05.428052-03:00 warning: Too much lag (1998) for SimulatorGroup3 D784C4B71B080E1BCDB32DDCFFB5C8643B4F7C1708C39AD392BF9D8EB843 14
2026-01-10T08:26:05.428071-03:00 warning: Too much lag (1998) for SimulatorGroup4 D784C4B71B080E1BCDB32DDCFFB5C8643B4F7C1708C39AD392BF9D8EB843 14
2026-01-10T08:26:05.428094-03:00 warning: Too much lag (1998) for SimulatorGroup5 D784C4B71B080E1BCDB32DDCFFB5C8643B4F7C1708C39AD392BF9D8EB843 14
2026-01-10T08:26:05.436253-03:00 warning: Too much lag (1695) for SimulatorGroup1 B7CCB869A6BB7D5BA04A8DF0EE0268E265096981A438621F5732466A51EC 7
2026-01-10T08:26:05.437633-03:00 warning: Too much lag (1695) for SimulatorGroup2 B7CCB869A6BB7D5BA04A8DF0EE0268E265096981A438621F5732466A51EC 7
2026-01-10T08:26:05.437667-03:00 warning: Too much lag (1695) for SimulatorGroup3 B7CCB869A6BB7D5BA04A8DF0EE0268E265096981A438621F5732466A51EC 7
2026-01-10T08:26:05.437685-03:00 warning: Too much lag (1695) for SimulatorGroup4 B7CCB869A6BB7D5BA04A8DF0EE0268E265096981A438621F5732466A51EC 7
2026-01-10T08:26:05.437746-03:00 warning: Too much lag (1695) for SimulatorGroup5 B7CCB869A6BB7D5BA04A8DF0EE0268E265096981A438621F5732466A51EC 7
2026-01-10T08:26:05.442478-03:00 warning: Too much lag (1541) for SimulatorGroup1 B7CCB869A6BB7D5BA04A8DF0EE0268E265096981A438621F5732466A51EC 18
2026-01-10T08:26:05.442529-03:00 warning: Too much lag (1541) for SimulatorGroup2 B7CCB869A6BB7D5BA04A8DF0EE0268E265096981A438621F5732466A51EC 18
2026-01-10T08:26:05.442550-03:00 warning: Too much lag (1541) for SimulatorGroup3 B7CCB869A6BB7D5BA04A8DF0EE0268E265096981A438621F5732466A51EC 18
2026-01-10T08:26:05.442605-03:00 warning: Too much lag (1541) for SimulatorGroup4 B7CCB869A6BB7D5BA04A8DF0EE0268E265096981A438621F5732466A51EC 18
2026-01-10T08:26:05.442638-03:00 warning: Too much lag (1541) for SimulatorGroup5 B7CCB869A6BB7D5BA04A8DF0EE0268E265096981A438621F5732466A51EC 18
2026-01-10T08:26:05.448677-03:00 warning: Too much lag (1734) for SimulatorGroup1 00F1F291FF395F314289F6512B05192BF593930BBBA8BFACB341F855575A 3
2026-01-10T08:26:05.448837-03:00 warning: Too much lag (1734) for SimulatorGroup2 00F1F291FF395F314289F6512B05192BF593930BBBA8BFACB341F855575A 3
2026-01-10T08:26:05.448874-03:00 warning: Too much lag (1734) for SimulatorGroup3 00F1F291FF395F314289F6512B05192BF593930BBBA8BFACB341F855575A 3
2026-01-10T08:26:05.448913-03:00 warning: Too much lag (1734) for SimulatorGroup4 00F1F291FF395F314289F6512B05192BF593930BBBA8BFACB341F855575A 3
2026-01-10T08:26:05.448949-03:00 warning: Too much lag (1734) for SimulatorGroup5 00F1F291FF395F314289F6512B05192BF593930BBBA8BFACB341F855575A 3
2026-01-10T08:26:05.453798-03:00 warning: Too much lag (1298) for SimulatorGroup1 00F1F291FF395F314289F6512B05192BF593930BBBA8BFACB341F855575A 8
2026-01-10T08:26:05.453971-03:00 warning: Too much lag (1298) for SimulatorGroup2 00F1F291FF395F314289F6512B05192BF593930BBBA8BFACB341F855575A 8
2026-01-10T08:26:05.454013-03:00 warning: Too much lag (1298) for SimulatorGroup3 00F1F291FF395F314289F6512B05192BF593930BBBA8BFACB341F855575A 8
2026-01-10T08:26:05.454072-03:00 warning: Too much lag (1298) for SimulatorGroup4 00F1F291FF395F314289F6512B05192BF593930BBBA8BFACB341F855575A 8
2026-01-10T08:26:05.454147-03:00 warning: Too much lag (1298) for SimulatorGroup5 00F1F291FF395F314289F6512B05192BF593930BBBA8BFACB341F855575A 8
2026-01-10T08:26:05.462782-03:00 warning: Too much lag (1278) for SimulatorGroup1 CCBAC3CD5C36BF765A54DBFE444DCCCFA79A6BF8747C78CCFDA54093BA53 11
2026-01-10T08:26:05.462875-03:00 warning: Too much lag (1278) for SimulatorGroup2 CCBAC3CD5C36BF765A54DBFE444DCCCFA79A6BF8747C78CCFDA54093BA53 11
2026-01-10T08:26:05.462909-03:00 warning: Too much lag (1278) for SimulatorGroup3 CCBAC3CD5C36BF765A54DBFE444DCCCFA79A6BF8747C78CCFDA54093BA53 11
2026-01-10T08:26:05.462928-03:00 warning: Too much lag (1278) for SimulatorGroup4 CCBAC3CD5C36BF765A54DBFE444DCCCFA79A6BF8747C78CCFDA54093BA53 11
2026-01-10T08:26:05.462953-03:00 warning: Too much lag (1278) for SimulatorGroup5 CCBAC3CD5C36BF765A54DBFE444DCCCFA79A6BF8747C78CCFDA54093BA53 11
2026-01-10T08:26:05.466484-03:00 warning: Too much lag (1269) for SimulatorGroup1 D69F976FCD3182DBF4BE17B7678EF5476E81008FBF5781BA3168FD08D78E 15
2026-01-10T08:26:05.466527-03:00 warning: Too much lag (1269) for SimulatorGroup2 D69F976FCD3182DBF4BE17B7678EF5476E81008FBF5781BA3168FD08D78E 15
2026-01-10T08:26:05.466544-03:00 warning: Too much lag (1269) for SimulatorGroup3 D69F976FCD3182DBF4BE17B7678EF5476E81008FBF5781BA3168FD08D78E 15
2026-01-10T08:26:05.466660-03:00 warning: Too much lag (1269) for SimulatorGroup4 D69F976FCD3182DBF4BE17B7678EF5476E81008FBF5781BA3168FD08D78E 15
2026-01-10T08:26:05.466731-03:00 warning: Too much lag (1269) for SimulatorGroup5 D69F976FCD3182DBF4BE17B7678EF5476E81008FBF5781BA3168FD08D78E 15
2026-01-10T08:26:05.479771-03:00 warning: Too much lag (4215) for SimulatorGroup1 C0FF90CEB944361294F95303B3FDE9BA7BC8E9AFB5DC33DC873E59B50C3C 2
2026-01-10T08:26:05.479885-03:00 warning: Too much lag (4215) for SimulatorGroup2 C0FF90CEB944361294F95303B3FDE9BA7BC8E9AFB5DC33DC873E59B50C3C 2
2026-01-10T08:26:05.479937-03:00 warning: Too much lag (4215) for SimulatorGroup3 C0FF90CEB944361294F95303B3FDE9BA7BC8E9AFB5DC33DC873E59B50C3C 2
2026-01-10T08:26:05.479963-03:00 warning: Too much lag (4215) for SimulatorGroup4 C0FF90CEB944361294F95303B3FDE9BA7BC8E9AFB5DC33DC873E59B50C3C 2
2026-01-10T08:26:05.479985-03:00 warning: Too much lag (4215) for SimulatorGroup5 C0FF90CEB944361294F95303B3FDE9BA7BC8E9AFB5DC33DC873E59B50C3C 2
2026-01-10T08:26:05.495883-03:00 warning: Too much lag (4735) for SimulatorGroup1 C0FF90CEB944361294F95303B3FDE9BA7BC8E9AFB5DC33DC873E59B50C3C 16
2026-01-10T08:26:05.496005-03:00 warning: Too much lag (4735) for SimulatorGroup2 C0FF90CEB944361294F95303B3FDE9BA7BC8E9AFB5DC33DC873E59B50C3C 16
2026-01-10T08:26:05.496059-03:00 warning: Too much lag (4735) for SimulatorGroup3 C0FF90CEB944361294F95303B3FDE9BA7BC8E9AFB5DC33DC873E59B50C3C 16
2026-01-10T08:26:05.496086-03:00 warning: Too much lag (4735) for SimulatorGroup4 C0FF90CEB944361294F95303B3FDE9BA7BC8E9AFB5DC33DC873E59B50C3C 16
2026-01-10T08:26:05.496114-03:00 warning: Too much lag (4735) for SimulatorGroup5 C0FF90CEB944361294F95303B3FDE9BA7BC8E9AFB5DC33DC873E59B50C3C 16
