kafka1-1  | [2026-03-17 06:12:01,208] INFO [GroupCoordinator id=2 topic=__consumer_offsets partition=18] [GroupId 2F78_SimulatorGroup5] Member 6060fd06-b015-4261-90f6-7ccaa305b481 joins the consumer group using the consumer protocol. (org.apache.kafka.coordinator.group.GroupMetadataManager)
kafka1-1  | [2026-03-17 06:12:01,208] INFO [GroupCoordinator id=2 topic=__consumer_offsets partition=18] [GroupId 2F78_SimulatorGroup5] Bumped group epoch to 4 with metadata hash -3800236046197572934. (org.apache.kafka.coordinator.group.GroupMetadataManager)
kafka1-1  | [2026-03-17 06:12:01,208] INFO [GroupCoordinator id=2 topic=__consumer_offsets partition=18] [GroupId 2F78_SimulatorGroup5] Computed a new target assignment for epoch 4 with 'uniform' assignor in 0ms. (org.apache.kafka.coordinator.group.GroupMetadataManager)
kafka1-1  | [2026-03-17 06:12:01,223] INFO [GroupCoordinator id=2 topic=__consumer_offsets partition=18] [GroupId 2F78_SimulatorGroup5] Member 65e581a0-b93a-4c87-b403-43b18add251f joins the consumer group using the consumer protocol. (org.apache.kafka.coordinator.group.GroupMetadataManager)
kafka1-1  | [2026-03-17 06:12:01,223] INFO [GroupCoordinator id=2 topic=__consumer_offsets partition=18] [GroupId 2F78_SimulatorGroup5] Bumped group epoch to 5 with metadata hash -3800236046197572934. (org.apache.kafka.coordinator.group.GroupMetadataManager)
kafka1-1  | [2026-03-17 06:12:01,224] INFO [GroupCoordinator id=2 topic=__consumer_offsets partition=18] [GroupId 2F78_SimulatorGroup5] Computed a new target assignment for epoch 5 with 'uniform' assignor in 1ms. (org.apache.kafka.coordinator.group.GroupMetadataManager)
kafka2-1  | [2026-03-17 06:12:11,360] INFO [GroupCoordinator id=3 topic=__consumer_offsets partition=30] [GroupId 49B6_SimulatorGroup1] Member 0cbd8963-11e4-4b8a-b31d-2329e211a320 joins the consumer group using the consumer protocol. (org.apache.kafka.coordinator.group.GroupMetadataManager)
kafka2-1  | [2026-03-17 06:12:11,360] INFO [GroupCoordinator id=3 topic=__consumer_offsets partition=30] [GroupId 49B6_SimulatorGroup1] Bumped group epoch to 8 with metadata hash -3800236046197572934. (org.apache.kafka.coordinator.group.GroupMetadataManager)
kafka2-1  | [2026-03-17 06:12:11,360] INFO [GroupCoordinator id=3 topic=__consumer_offsets partition=30] [GroupId 49B6_SimulatorGroup1] Computed a new target assignment for epoch 8 with 'uniform' assignor in 0ms. (org.apache.kafka.coordinator.group.GroupMetadataManager)
kafka2-1  | [2026-03-17 06:12:11,382] INFO [GroupCoordinator id=3 topic=__consumer_offsets partition=30] [GroupId 49B6_SimulatorGroup1] Member e720edb6-f5aa-4a50-8fd6-54ac6f0f29f7 joins the consumer group using the consumer protocol. (org.apache.kafka.coordinator.group.GroupMetadataManager)
kafka2-1  | [2026-03-17 06:12:11,383] INFO [GroupCoordinator id=3 topic=__consumer_offsets partition=30] [GroupId 49B6_SimulatorGroup1] Bumped group epoch to 9 with metadata hash -3800236046197572934. (org.apache.kafka.coordinator.group.GroupMetadataManager)
kafka2-1  | [2026-03-17 06:12:11,383] INFO [GroupCoordinator id=3 topic=__consumer_offsets partition=30] [GroupId 49B6_SimulatorGroup1] Computed a new target assignment for epoch 9 with 'uniform' assignor in 0ms. (org.apache.kafka.coordinator.group.GroupMetadataManager)
kafka2-1  | [2026-03-17 06:12:11,846] INFO [GroupCoordinator id=3 topic=__consumer_offsets partition=30] [GroupId 49B6_SimulatorGroup1] Member c44d496e-1f18-45be-93b0-2e3a09f273d8 joins the consumer group using the consumer protocol. (org.apache.kafka.coordinator.group.GroupMetadataManager)
kafka2-1  | [2026-03-17 06:12:11,847] INFO [GroupCoordinator id=3 topic=__consumer_offsets partition=30] [GroupId 49B6_SimulatorGroup1] Bumped group epoch to 10 with metadata hash -3800236046197572934. (org.apache.kafka.coordinator.group.GroupMetadataManager)
kafka2-1  | [2026-03-17 06:12:11,847] INFO [GroupCoordinator id=3 topic=__consumer_offsets partition=30] [GroupId 49B6_SimulatorGroup1] Computed a new target assignment for epoch 10 with 'uniform' assignor in 0ms. (org.apache.kafka.coordinator.group.GroupMetadataManager)
kafka3-1  | [2026-03-17 06:12:11,936] INFO [GroupCoordinator id=4 topic=__consumer_offsets partition=0] [GroupId 1B0C_SimulatorGroup2] Member 43ca7111-d75d-4359-bab4-f0fab8cd9a8e joins the consumer group using the consumer protocol. (org.apache.kafka.coordinator.group.GroupMetadataManager)
kafka3-1  | [2026-03-17 06:12:11,936] INFO [GroupCoordinator id=4 topic=__consumer_offsets partition=0] [GroupId 1B0C_SimulatorGroup2] Bumped group epoch to 12 with metadata hash -3800236046197572934. (org.apache.kafka.coordinator.group.GroupMetadataManager)
kafka3-1  | [2026-03-17 06:12:11,936] INFO [GroupCoordinator id=4 topic=__consumer_offsets partition=0] [GroupId 1B0C_SimulatorGroup2] Computed a new target assignment for epoch 12 with 'uniform' assignor in 0ms. (org.apache.kafka.coordinator.group.GroupMetadataManager)
kafka3-1  | [2026-03-17 06:12:12,022] INFO [GroupCoordinator id=4 topic=__consumer_offsets partition=0] [GroupId 1B0C_SimulatorGroup2] Member 3c3cd9d3-d8c6-4fcb-8e9d-6586a772cba2 joins the consumer group using the consumer protocol. (org.apache.kafka.coordinator.group.GroupMetadataManager)
kafka3-1  | [2026-03-17 06:12:12,023] INFO [GroupCoordinator id=4 topic=__consumer_offsets partition=0] [GroupId 1B0C_SimulatorGroup2] Bumped group epoch to 13 with metadata hash -3800236046197572934. (org.apache.kafka.coordinator.group.GroupMetadataManager)
kafka3-1  | [2026-03-17 06:12:12,023] INFO [GroupCoordinator id=4 topic=__consumer_offsets partition=0] [GroupId 1B0C_SimulatorGroup2] Computed a new target assignment for epoch 13 with 'uniform' assignor in 0ms. (org.apache.kafka.coordinator.group.GroupMetadataManager)
kafka3-1  | [2026-03-17 06:12:12,364] INFO [GroupCoordinator id=4 topic=__consumer_offsets partition=0] [GroupId 1B0C_SimulatorGroup2] Member 707374ee-cea6-4ec6-98d8-85d9cd7e49a0 joins the consumer group using the consumer protocol. (org.apache.kafka.coordinator.group.GroupMetadataManager)
kafka3-1  | [2026-03-17 06:12:12,364] INFO [GroupCoordinator id=4 topic=__consumer_offsets partition=0] [GroupId 1B0C_SimulatorGroup2] Bumped group epoch to 14 with metadata hash -3800236046197572934. (org.apache.kafka.coordinator.group.GroupMetadataManager)
kafka3-1  | [2026-03-17 06:12:12,364] INFO [GroupCoordinator id=4 topic=__consumer_offsets partition=0] [GroupId 1B0C_SimulatorGroup2] Computed a new target assignment for epoch 14 with 'uniform' assignor in 0ms. (org.apache.kafka.coordinator.group.GroupMetadataManager)
kafka3-1  | [2026-03-17 06:12:12,371] INFO [GroupCoordinator id=4 topic=__consumer_offsets partition=0] [GroupId 1B0C_SimulatorGroup2] Member 0644d678-c043-4d83-9804-1ca3dbae350a joins the consumer group using the consumer protocol. (org.apache.kafka.coordinator.group.GroupMetadataManager)
kafka3-1  | [2026-03-17 06:12:12,372] INFO [GroupCoordinator id=4 topic=__consumer_offsets partition=0] [GroupId 1B0C_SimulatorGroup2] Bumped group epoch to 15 with metadata hash -3800236046197572934. (org.apache.kafka.coordinator.group.GroupMetadataManager)
kafka3-1  | [2026-03-17 06:12:12,373] INFO [GroupCoordinator id=4 topic=__consumer_offsets partition=0] [GroupId 1B0C_SimulatorGroup2] Computed a new target assignment for epoch 15 with 'uniform' assignor in 1ms. (org.apache.kafka.coordinator.group.GroupMetadataManager)
kafka3-1  | [2026-03-17 06:12:12,390] INFO [GroupCoordinator id=4 topic=__consumer_offsets partition=0] [GroupId 1B0C_SimulatorGroup2] Member 0eb3e2a2-f480-437c-af60-aac8775df107 joins the consumer group using the consumer protocol. (org.apache.kafka.coordinator.group.GroupMetadataManager)
kafka3-1  | [2026-03-17 06:12:12,390] INFO [GroupCoordinator id=4 topic=__consumer_offsets partition=0] [GroupId 1B0C_SimulatorGroup2] Bumped group epoch to 16 with metadata hash -3800236046197572934. (org.apache.kafka.coordinator.group.GroupMetadataManager)
kafka3-1  | [2026-03-17 06:12:12,391] INFO [GroupCoordinator id=4 topic=__consumer_offsets partition=0] [GroupId 1B0C_SimulatorGroup2] Computed a new target assignment for epoch 16 with 'uniform' assignor in 0ms. (org.apache.kafka.coordinator.group.GroupMetadataManager)
kafka2-1  | [2026-03-17 06:12:12,402] INFO [GroupCoordinator id=3 topic=__consumer_offsets partition=2] [GroupId C877_SimulatorGroup3] Member edac1938-be23-41b6-892a-934b46948049 joins the consumer group using the consumer protocol. (org.apache.kafka.coordinator.group.GroupMetadataManager)
kafka2-1  | [2026-03-17 06:12:12,402] INFO [GroupCoordinator id=3 topic=__consumer_offsets partition=2] [GroupId C877_SimulatorGroup3] Bumped group epoch to 9 with metadata hash -3800236046197572934. (org.apache.kafka.coordinator.group.GroupMetadataManager)
kafka2-1  | [2026-03-17 06:12:12,402] INFO [GroupCoordinator id=3 topic=__consumer_offsets partition=2] [GroupId C877_SimulatorGroup3] Computed a new target assignment for epoch 9 with 'uniform' assignor in 0ms. (org.apache.kafka.coordinator.group.GroupMetadataManager)
kafka2-1  | [2026-03-17 06:12:12,409] INFO [GroupCoordinator id=3 topic=__consumer_offsets partition=2] [GroupId C877_SimulatorGroup3] Member d044c079-d1a5-45d2-aa1a-5d2a392baba1 joins the consumer group using the consumer protocol. (org.apache.kafka.coordinator.group.GroupMetadataManager)
kafka2-1  | [2026-03-17 06:12:12,410] INFO [GroupCoordinator id=3 topic=__consumer_offsets partition=2] [GroupId C877_SimulatorGroup3] Bumped group epoch to 10 with metadata hash -3800236046197572934. (org.apache.kafka.coordinator.group.GroupMetadataManager)
kafka2-1  | [2026-03-17 06:12:12,410] INFO [GroupCoordinator id=3 topic=__consumer_offsets partition=2] [GroupId C877_SimulatorGroup3] Computed a new target assignment for epoch 10 with 'uniform' assignor in 0ms. (org.apache.kafka.coordinator.group.GroupMetadataManager)
kafka2-1  | [2026-03-17 06:12:12,517] INFO [GroupCoordinator id=3 topic=__consumer_offsets partition=2] [GroupId C877_SimulatorGroup3] Member 8b630812-5c3c-4cdd-821c-170759e0a3ab joins the consumer group using the consumer protocol. (org.apache.kafka.coordinator.group.GroupMetadataManager)
kafka2-1  | [2026-03-17 06:12:12,517] INFO [GroupCoordinator id=3 topic=__consumer_offsets partition=2] [GroupId C877_SimulatorGroup3] Bumped group epoch to 11 with metadata hash -3800236046197572934. (org.apache.kafka.coordinator.group.GroupMetadataManager)
kafka2-1  | [2026-03-17 06:12:12,517] INFO [GroupCoordinator id=3 topic=__consumer_offsets partition=2] [GroupId C877_SimulatorGroup3] Computed a new target assignment for epoch 11 with 'uniform' assignor in 0ms. (org.apache.kafka.coordinator.group.GroupMetadataManager)
kafka3-1  | [2026-03-17 06:12:13,486] INFO [GroupCoordinator id=4 topic=__consumer_offsets partition=28] [GroupId 3B30_SimulatorGroup4] Member fe8ee630-0e9e-49cc-9755-b2dc019db3c2 joins the consumer group using the consumer protocol. (org.apache.kafka.coordinator.group.GroupMetadataManager)
kafka3-1  | [2026-03-17 06:12:13,487] INFO [GroupCoordinator id=4 topic=__consumer_offsets partition=28] [GroupId 3B30_SimulatorGroup4] Bumped group epoch to 8 with metadata hash -3800236046197572934. (org.apache.kafka.coordinator.group.GroupMetadataManager)
kafka3-1  | [2026-03-17 06:12:13,487] INFO [GroupCoordinator id=4 topic=__consumer_offsets partition=28] [GroupId 3B30_SimulatorGroup4] Computed a new target assignment for epoch 8 with 'uniform' assignor in 0ms. (org.apache.kafka.coordinator.group.GroupMetadataManager)
kafka3-1  | [2026-03-17 06:12:13,627] INFO [GroupCoordinator id=4 topic=__consumer_offsets partition=28] [GroupId 3B30_SimulatorGroup4] Member 84cb4cbf-d5ac-414b-9845-ffd3e90c4d32 joins the consumer group using the consumer protocol. (org.apache.kafka.coordinator.group.GroupMetadataManager)
kafka3-1  | [2026-03-17 06:12:13,628] INFO [GroupCoordinator id=4 topic=__consumer_offsets partition=28] [GroupId 3B30_SimulatorGroup4] Bumped group epoch to 9 with metadata hash -3800236046197572934. (org.apache.kafka.coordinator.group.GroupMetadataManager)
kafka3-1  | [2026-03-17 06:12:13,628] INFO [GroupCoordinator id=4 topic=__consumer_offsets partition=28] [GroupId 3B30_SimulatorGroup4] Computed a new target assignment for epoch 9 with 'uniform' assignor in 0ms. (org.apache.kafka.coordinator.group.GroupMetadataManager)
kafka3-1  | [2026-03-17 06:12:16,548] INFO [LocalLog partition=C8B6916419CDB7D3004246D0F14B6BC49F291DF2F5BD65F0ED0080B2B9A3-2, dir=/tmp/kafka-logs/C8B6916419CDB7D3004246D0F14B6BC49F291DF2F5BD65F0ED0080B2B9A3-2] Rolled new log segment at offset 10566 in 2 ms. (org.apache.kafka.storage.internals.log.LocalLog)
kafka3-1  | [2026-03-17 06:12:16,548] INFO [ProducerStateManager partition=C8B6916419CDB7D3004246D0F14B6BC49F291DF2F5BD65F0ED0080B2B9A3-2] Wrote producer snapshot at offset 10566 with 2 producer ids in 0 ms. (org.apache.kafka.storage.internals.log.ProducerStateManager)
kafka3-1  | [2026-03-17 06:12:16,548] INFO [UnifiedLog partition=C8B6916419CDB7D3004246D0F14B6BC49F291DF2F5BD65F0ED0080B2B9A3-2, dir=/tmp/kafka-logs] Incremented log start offset to 10566 due to segment deletion (org.apache.kafka.storage.internals.log.UnifiedLog)
kafka3-1  | [2026-03-17 06:12:16,548] INFO [UnifiedLog partition=C8B6916419CDB7D3004246D0F14B6BC49F291DF2F5BD65F0ED0080B2B9A3-2, dir=/tmp/kafka-logs] Deleting segment LogSegment(baseOffset=0, size=2699299, lastModifiedTime=1773724336180, largestRecordTimestamp=1773724336181) due to log retention time 3600000ms breach based on the largest record timestamp in the segment (org.apache.kafka.storage.internals.log.UnifiedLog)
kafka1-1  | [2026-03-17 06:12:16,552] INFO [UnifiedLog partition=C8B6916419CDB7D3004246D0F14B6BC49F291DF2F5BD65F0ED0080B2B9A3-2, dir=/tmp/kafka-logs] Incremented log start offset to 10566 due to leader offset increment (org.apache.kafka.storage.internals.log.UnifiedLog)
kafka3-1  | [2026-03-17 06:12:16,553] INFO [LocalLog partition=C8B6916419CDB7D3004246D0F14B6BC49F291DF2F5BD65F0ED0080B2B9A3-5, dir=/tmp/kafka-logs/C8B6916419CDB7D3004246D0F14B6BC49F291DF2F5BD65F0ED0080B2B9A3-5] Rolled new log segment at offset 10712 in 4 ms. (org.apache.kafka.storage.internals.log.LocalLog)
kafka3-1  | [2026-03-17 06:12:16,553] INFO [ProducerStateManager partition=C8B6916419CDB7D3004246D0F14B6BC49F291DF2F5BD65F0ED0080B2B9A3-5] Wrote producer snapshot at offset 10712 with 2 producer ids in 0 ms. (org.apache.kafka.storage.internals.log.ProducerStateManager)
kafka3-1  | [2026-03-17 06:12:16,553] INFO [UnifiedLog partition=C8B6916419CDB7D3004246D0F14B6BC49F291DF2F5BD65F0ED0080B2B9A3-5, dir=/tmp/kafka-logs] Incremented log start offset to 10712 due to segment deletion (org.apache.kafka.storage.internals.log.UnifiedLog)
kafka3-1  | [2026-03-17 06:12:16,553] INFO [UnifiedLog partition=C8B6916419CDB7D3004246D0F14B6BC49F291DF2F5BD65F0ED0080B2B9A3-5, dir=/tmp/kafka-logs] Deleting segment LogSegment(baseOffset=0, size=2737735, lastModifiedTime=1773724336181, largestRecordTimestamp=1773724336181) due to log retention time 3600000ms breach based on the largest record timestamp in the segment (org.apache.kafka.storage.internals.log.UnifiedLog)
kafka1-1  | [2026-03-17 06:12:16,587] INFO [LocalLog partition=C8B6916419CDB7D3004246D0F14B6BC49F291DF2F5BD65F0ED0080B2B9A3-2, dir=/tmp/kafka-logs/C8B6916419CDB7D3004246D0F14B6BC49F291DF2F5BD65F0ED0080B2B9A3-2] Rolled new log segment at offset 10566 in 3 ms. (org.apache.kafka.storage.internals.log.LocalLog)
kafka1-1  | [2026-03-17 06:12:16,587] INFO [UnifiedLog partition=C8B6916419CDB7D3004246D0F14B6BC49F291DF2F5BD65F0ED0080B2B9A3-2, dir=/tmp/kafka-logs] Deleting segment LogSegment(baseOffset=0, size=2699299, lastModifiedTime=1773724336181, largestRecordTimestamp=1773724336181) due to log retention time 3600000ms breach based on the largest record timestamp in the segment (org.apache.kafka.storage.internals.log.UnifiedLog)
kafka1-1  | [2026-03-17 06:12:16,593] INFO [LocalLog partition=C8B6916419CDB7D3004246D0F14B6BC49F291DF2F5BD65F0ED0080B2B9A3-5, dir=/tmp/kafka-logs/C8B6916419CDB7D3004246D0F14B6BC49F291DF2F5BD65F0ED0080B2B9A3-5] Rolled new log segment at offset 10712 in 5 ms. (org.apache.kafka.storage.internals.log.LocalLog)
kafka1-1  | [2026-03-17 06:12:16,593] INFO [ProducerStateManager partition=C8B6916419CDB7D3004246D0F14B6BC49F291DF2F5BD65F0ED0080B2B9A3-5] Wrote producer snapshot at offset 10712 with 2 producer ids in 0 ms. (org.apache.kafka.storage.internals.log.ProducerStateManager)
kafka1-1  | [2026-03-17 06:12:16,593] INFO [UnifiedLog partition=C8B6916419CDB7D3004246D0F14B6BC49F291DF2F5BD65F0ED0080B2B9A3-5, dir=/tmp/kafka-logs] Incremented log start offset to 10712 due to segment deletion (org.apache.kafka.storage.internals.log.UnifiedLog)
kafka1-1  | [2026-03-17 06:12:16,594] INFO [UnifiedLog partition=C8B6916419CDB7D3004246D0F14B6BC49F291DF2F5BD65F0ED0080B2B9A3-5, dir=/tmp/kafka-logs] Deleting segment LogSegment(baseOffset=0, size=2737735, lastModifiedTime=1773724336180, largestRecordTimestamp=1773724336181) due to log retention time 3600000ms breach based on the largest record timestamp in the segment (org.apache.kafka.storage.internals.log.UnifiedLog)
kafka3-1  | [2026-03-17 06:12:21,241] INFO [GroupCoordinator id=4 topic=__consumer_offsets partition=0] [GroupId 1B0C_SimulatorGroup2] Member 707374ee-cea6-4ec6-98d8-85d9cd7e49a0 left the consumer group. (org.apache.kafka.coordinator.group.GroupMetadataManager)
kafka3-1  | [2026-03-17 06:12:21,241] INFO [GroupCoordinator id=4 topic=__consumer_offsets partition=0] [GroupId 1B0C_SimulatorGroup2] Bumped group epoch to 17 with metadata hash -3800236046197572934. (org.apache.kafka.coordinator.group.GroupMetadataManager)
kafka2-1  | [2026-03-17 06:12:21,245] INFO [GroupCoordinator id=3 topic=__consumer_offsets partition=30] [GroupId 49B6_SimulatorGroup1] Member c44d496e-1f18-45be-93b0-2e3a09f273d8 left the consumer group. (org.apache.kafka.coordinator.group.GroupMetadataManager)
kafka1-1  | [2026-03-17 06:12:21,245] INFO [GroupCoordinator id=2 topic=__consumer_offsets partition=18] [GroupId 2F78_SimulatorGroup5] Member 8841ec37-ad61-4137-b9fc-add27960562d left the consumer group. (org.apache.kafka.coordinator.group.GroupMetadataManager)
kafka2-1  | [2026-03-17 06:12:21,245] INFO [GroupCoordinator id=3 topic=__consumer_offsets partition=30] [GroupId 49B6_SimulatorGroup1] Bumped group epoch to 11 with metadata hash -3800236046197572934. (org.apache.kafka.coordinator.group.GroupMetadataManager)
kafka1-1  | [2026-03-17 06:12:21,245] INFO [GroupCoordinator id=2 topic=__consumer_offsets partition=18] [GroupId 2F78_SimulatorGroup5] Bumped group epoch to 6 with metadata hash -3800236046197572934. (org.apache.kafka.coordinator.group.GroupMetadataManager)
kafka2-1  | [2026-03-17 06:12:21,246] INFO [GroupCoordinator id=3 topic=__consumer_offsets partition=30] [GroupId 49B6_SimulatorGroup1] Member 0cbd8963-11e4-4b8a-b31d-2329e211a320 left the consumer group. (org.apache.kafka.coordinator.group.GroupMetadataManager)
kafka2-1  | [2026-03-17 06:12:21,247] INFO [GroupCoordinator id=3 topic=__consumer_offsets partition=30] [GroupId 49B6_SimulatorGroup1] Bumped group epoch to 12 with metadata hash -3800236046197572934. (org.apache.kafka.coordinator.group.GroupMetadataManager)
kafka3-1  | [2026-03-17 06:12:21,248] INFO [GroupCoordinator id=4 topic=__consumer_offsets partition=0] [GroupId 1B0C_SimulatorGroup2] Member 0eb3e2a2-f480-437c-af60-aac8775df107 left the consumer group. (org.apache.kafka.coordinator.group.GroupMetadataManager)
kafka3-1  | [2026-03-17 06:12:21,248] INFO [GroupCoordinator id=4 topic=__consumer_offsets partition=0] [GroupId 1B0C_SimulatorGroup2] Bumped group epoch to 18 with metadata hash -3800236046197572934. (org.apache.kafka.coordinator.group.GroupMetadataManager)
kafka3-1  | [2026-03-17 06:12:21,256] INFO [GroupCoordinator id=4 topic=__consumer_offsets partition=0] [GroupId 1B0C_SimulatorGroup2] Member 43ca7111-d75d-4359-bab4-f0fab8cd9a8e left the consumer group. (org.apache.kafka.coordinator.group.GroupMetadataManager)
kafka3-1  | [2026-03-17 06:12:21,256] INFO [GroupCoordinator id=4 topic=__consumer_offsets partition=0] [GroupId 1B0C_SimulatorGroup2] Bumped group epoch to 19 with metadata hash -3800236046197572934. (org.apache.kafka.coordinator.group.GroupMetadataManager)
kafka2-1  | [2026-03-17 06:12:21,257] INFO [GroupCoordinator id=3 topic=__consumer_offsets partition=2] [GroupId C877_SimulatorGroup3] Member 8b630812-5c3c-4cdd-821c-170759e0a3ab left the consumer group. (org.apache.kafka.coordinator.group.GroupMetadataManager)
kafka2-1  | [2026-03-17 06:12:21,258] INFO [GroupCoordinator id=3 topic=__consumer_offsets partition=2] [GroupId C877_SimulatorGroup3] Bumped group epoch to 12 with metadata hash -3800236046197572934. (org.apache.kafka.coordinator.group.GroupMetadataManager)
kafka3-1  | [2026-03-17 06:12:21,260] INFO [GroupCoordinator id=4 topic=__consumer_offsets partition=28] [GroupId 3B30_SimulatorGroup4] Member 6c7d9080-c8f6-4627-852a-7cfd2baf9799 left the consumer group. (org.apache.kafka.coordinator.group.GroupMetadataManager)
kafka3-1  | [2026-03-17 06:12:21,260] INFO [GroupCoordinator id=4 topic=__consumer_offsets partition=28] [GroupId 3B30_SimulatorGroup4] Bumped group epoch to 10 with metadata hash -3800236046197572934. (org.apache.kafka.coordinator.group.GroupMetadataManager)
kafka2-1  | [2026-03-17 06:12:21,268] INFO [GroupCoordinator id=3 topic=__consumer_offsets partition=2] [GroupId C877_SimulatorGroup3] Member edac1938-be23-41b6-892a-934b46948049 left the consumer group. (org.apache.kafka.coordinator.group.GroupMetadataManager)
kafka2-1  | [2026-03-17 06:12:21,268] INFO [GroupCoordinator id=3 topic=__consumer_offsets partition=2] [GroupId C877_SimulatorGroup3] Bumped group epoch to 13 with metadata hash -3800236046197572934. (org.apache.kafka.coordinator.group.GroupMetadataManager)
kafka3-1  | [2026-03-17 06:12:21,276] INFO [GroupCoordinator id=4 topic=__consumer_offsets partition=0] [GroupId 1B0C_SimulatorGroup2] Computed a new target assignment for epoch 19 with 'uniform' assignor in 0ms. (org.apache.kafka.coordinator.group.GroupMetadataManager)
kafka3-1  | [2026-03-17 06:12:21,298] INFO [GroupCoordinator id=4 topic=__consumer_offsets partition=0] [GroupId 1B0C_SimulatorGroup2] Member 3c3cd9d3-d8c6-4fcb-8e9d-6586a772cba2 left the consumer group. (org.apache.kafka.coordinator.group.GroupMetadataManager)
kafka3-1  | [2026-03-17 06:12:21,299] INFO [GroupCoordinator id=4 topic=__consumer_offsets partition=0] [GroupId 1B0C_SimulatorGroup2] Bumped group epoch to 20 with metadata hash -3800236046197572934. (org.apache.kafka.coordinator.group.GroupMetadataManager)
kafka3-1  | [2026-03-17 06:12:21,326] INFO [GroupCoordinator id=4 topic=__consumer_offsets partition=0] [GroupId 1B0C_SimulatorGroup2] Member 0644d678-c043-4d83-9804-1ca3dbae350a left the consumer group. (org.apache.kafka.coordinator.group.GroupMetadataManager)
kafka3-1  | [2026-03-17 06:12:21,326] INFO [GroupCoordinator id=4 topic=__consumer_offsets partition=0] [GroupId 1B0C_SimulatorGroup2] Bumped group epoch to 21 with metadata hash -3800236046197572934. (org.apache.kafka.coordinator.group.GroupMetadataManager)
kafka1-1  | [2026-03-17 06:12:21,342] INFO [GroupCoordinator id=2 topic=__consumer_offsets partition=18] [GroupId 2F78_SimulatorGroup5] Member 65e581a0-b93a-4c87-b403-43b18add251f left the consumer group. (org.apache.kafka.coordinator.group.GroupMetadataManager)
kafka3-1  | [2026-03-17 06:12:21,342] INFO [GroupCoordinator id=4 topic=__consumer_offsets partition=28] [GroupId 3B30_SimulatorGroup4] Member 1f58142a-c626-41ec-87f5-31a89056cdab left the consumer group. (org.apache.kafka.coordinator.group.GroupMetadataManager)
kafka2-1  | [2026-03-17 06:12:21,342] INFO [GroupCoordinator id=3 topic=__consumer_offsets partition=2] [GroupId C877_SimulatorGroup3] Member d044c079-d1a5-45d2-aa1a-5d2a392baba1 left the consumer group. (org.apache.kafka.coordinator.group.GroupMetadataManager)
kafka2-1  | [2026-03-17 06:12:21,342] INFO [GroupCoordinator id=3 topic=__consumer_offsets partition=2] [GroupId C877_SimulatorGroup3] Bumped group epoch to 14 with metadata hash -3800236046197572934. (org.apache.kafka.coordinator.group.GroupMetadataManager)
kafka1-1  | [2026-03-17 06:12:21,342] INFO [GroupCoordinator id=2 topic=__consumer_offsets partition=18] [GroupId 2F78_SimulatorGroup5] Bumped group epoch to 7 with metadata hash -3800236046197572934. (org.apache.kafka.coordinator.group.GroupMetadataManager)
kafka3-1  | [2026-03-17 06:12:21,343] INFO [GroupCoordinator id=4 topic=__consumer_offsets partition=28] [GroupId 3B30_SimulatorGroup4] Bumped group epoch to 11 with metadata hash -3800236046197572934. (org.apache.kafka.coordinator.group.GroupMetadataManager)
kafka3-1  | [2026-03-17 06:12:21,343] INFO [GroupCoordinator id=4 topic=__consumer_offsets partition=28] [GroupId 3B30_SimulatorGroup4] Member b4c95b83-dad9-4dd6-9ce4-ac4a7644c7ef left the consumer group. (org.apache.kafka.coordinator.group.GroupMetadataManager)
kafka3-1  | [2026-03-17 06:12:21,343] INFO [GroupCoordinator id=4 topic=__consumer_offsets partition=28] [GroupId 3B30_SimulatorGroup4] Bumped group epoch to 12 with metadata hash -3800236046197572934. (org.apache.kafka.coordinator.group.GroupMetadataManager)
kafka1-1  | [2026-03-17 06:12:21,343] INFO [GroupCoordinator id=2 topic=__consumer_offsets partition=18] [GroupId 2F78_SimulatorGroup5] Member b610887d-4903-4e8e-a99d-86f2a39e3303 left the consumer group. (org.apache.kafka.coordinator.group.GroupMetadataManager)
kafka1-1  | [2026-03-17 06:12:21,344] INFO [GroupCoordinator id=2 topic=__consumer_offsets partition=18] [GroupId 2F78_SimulatorGroup5] Bumped group epoch to 8 with metadata hash -3800236046197572934. (org.apache.kafka.coordinator.group.GroupMetadataManager)
kafka3-1  | [2026-03-17 06:12:21,345] INFO [GroupCoordinator id=4 topic=__consumer_offsets partition=28] [GroupId 3B30_SimulatorGroup4] Member 84cb4cbf-d5ac-414b-9845-ffd3e90c4d32 left the consumer group. (org.apache.kafka.coordinator.group.GroupMetadataManager)
kafka3-1  | [2026-03-17 06:12:21,345] INFO [GroupCoordinator id=4 topic=__consumer_offsets partition=28] [GroupId 3B30_SimulatorGroup4] Bumped group epoch to 13 with metadata hash -3800236046197572934. (org.apache.kafka.coordinator.group.GroupMetadataManager)
kafka3-1  | [2026-03-17 06:12:21,351] INFO [GroupCoordinator id=4 topic=__consumer_offsets partition=28] [GroupId 3B30_SimulatorGroup4] Member fe8ee630-0e9e-49cc-9755-b2dc019db3c2 left the consumer group. (org.apache.kafka.coordinator.group.GroupMetadataManager)
kafka3-1  | [2026-03-17 06:12:21,351] INFO [GroupCoordinator id=4 topic=__consumer_offsets partition=28] [GroupId 3B30_SimulatorGroup4] Bumped group epoch to 14 with metadata hash 0. (org.apache.kafka.coordinator.group.GroupMetadataManager)
kafka2-1  | [2026-03-17 06:12:21,353] INFO [GroupCoordinator id=3 topic=__consumer_offsets partition=30] [GroupId 49B6_SimulatorGroup1] Member e720edb6-f5aa-4a50-8fd6-54ac6f0f29f7 left the consumer group. (org.apache.kafka.coordinator.group.GroupMetadataManager)
kafka2-1  | [2026-03-17 06:12:21,353] INFO [GroupCoordinator id=3 topic=__consumer_offsets partition=30] [GroupId 49B6_SimulatorGroup1] Bumped group epoch to 13 with metadata hash -3800236046197572934. (org.apache.kafka.coordinator.group.GroupMetadataManager)
kafka3-1  | [2026-03-17 06:12:21,647] INFO [GroupCoordinator id=4 topic=__consumer_offsets partition=0] [GroupId 1B0C_SimulatorGroup2] Member 688b2cab-0e08-4491-9a19-a1bca5e6f6b9 left the consumer group. (org.apache.kafka.coordinator.group.GroupMetadataManager)
kafka3-1  | [2026-03-17 06:12:21,647] INFO [GroupCoordinator id=4 topic=__consumer_offsets partition=0] [GroupId 1B0C_SimulatorGroup2] Bumped group epoch to 22 with metadata hash 0. (org.apache.kafka.coordinator.group.GroupMetadataManager)
kafka2-1  | [2026-03-17 06:12:21,877] INFO [GroupCoordinator id=3 topic=__consumer_offsets partition=2] [GroupId C877_SimulatorGroup3] Member f59adb71-d65f-422b-bfbe-92ab7b41a7bb left the consumer group. (org.apache.kafka.coordinator.group.GroupMetadataManager)
kafka2-1  | [2026-03-17 06:12:21,877] INFO [GroupCoordinator id=3 topic=__consumer_offsets partition=2] [GroupId C877_SimulatorGroup3] Bumped group epoch to 15 with metadata hash -3800236046197572934. (org.apache.kafka.coordinator.group.GroupMetadataManager)
kafka2-1  | [2026-03-17 06:12:21,947] INFO [GroupCoordinator id=3 topic=__consumer_offsets partition=30] [GroupId 49B6_SimulatorGroup1] Member 9d5b8cbc-fb0e-4092-be57-88d9f31cf5d3 left the consumer group. (org.apache.kafka.coordinator.group.GroupMetadataManager)
kafka2-1  | [2026-03-17 06:12:21,947] INFO [GroupCoordinator id=3 topic=__consumer_offsets partition=30] [GroupId 49B6_SimulatorGroup1] Bumped group epoch to 14 with metadata hash 0. (org.apache.kafka.coordinator.group.GroupMetadataManager)
kafka2-1  | [2026-03-17 06:12:21,956] INFO [GroupCoordinator id=3 topic=__consumer_offsets partition=2] [GroupId C877_SimulatorGroup3] Member 7cf5d67d-326d-4637-a267-1eb7b1923cbe left the consumer group. (org.apache.kafka.coordinator.group.GroupMetadataManager)
kafka2-1  | [2026-03-17 06:12:21,956] INFO [GroupCoordinator id=3 topic=__consumer_offsets partition=2] [GroupId C877_SimulatorGroup3] Bumped group epoch to 16 with metadata hash 0. (org.apache.kafka.coordinator.group.GroupMetadataManager)
kafka1-1  | [2026-03-17 06:12:25,482] INFO [GroupCoordinator id=2 topic=__consumer_offsets partition=18] [GroupId 2F78_SimulatorGroup5] Member 6060fd06-b015-4261-90f6-7ccaa305b481 left the consumer group. (org.apache.kafka.coordinator.group.GroupMetadataManager)
kafka1-1  | [2026-03-17 06:12:25,483] INFO [GroupCoordinator id=2 topic=__consumer_offsets partition=18] [GroupId 2F78_SimulatorGroup5] Bumped group epoch to 9 with metadata hash -3800236046197572934. (org.apache.kafka.coordinator.group.GroupMetadataManager)
kafka1-1  | [2026-03-17 06:12:25,484] INFO [GroupCoordinator id=2 topic=__consumer_offsets partition=18] [GroupId 2F78_SimulatorGroup5] Member 6ee02bdf-bbbd-44d6-8ae3-ff9e227b91e3 left the consumer group. (org.apache.kafka.coordinator.group.GroupMetadataManager)
kafka1-1  | [2026-03-17 06:12:25,484] INFO [GroupCoordinator id=2 topic=__consumer_offsets partition=18] [GroupId 2F78_SimulatorGroup5] Bumped group epoch to 10 with metadata hash 0. (org.apache.kafka.coordinator.group.GroupMetadataManager)

