kafka3-1  | [2026-03-17 04:56:17,684] INFO [GroupCoordinator id=4 topic=__consumer_offsets partition=8] [GroupId 4338_SimulatorGroup4] Member 7930b6c1-0f92-43e0-aa94-620d6f650d63 fenced from the group because the member session expired. (org.apache.kafka.coordinator.group.GroupMetadataManager)
kafka3-1  | [2026-03-17 04:56:17,684] INFO [GroupCoordinator id=4 topic=__consumer_offsets partition=8] [GroupId 4338_SimulatorGroup4] Bumped group epoch to 6 with metadata hash -3926091512683133559. (org.apache.kafka.coordinator.group.GroupMetadataManager)
kafka1-1  | [2026-03-17 04:56:17,959] INFO [GroupCoordinator id=2 topic=__consumer_offsets partition=17] [GroupId 0D56_SimulatorGroup2] Member 12853dfe-74c5-4a8f-992c-58c2cd54da28 fenced from the group because the member session expired. (org.apache.kafka.coordinator.group.GroupMetadataManager)
kafka1-1  | [2026-03-17 04:56:17,959] INFO [GroupCoordinator id=2 topic=__consumer_offsets partition=17] [GroupId 0D56_SimulatorGroup2] Bumped group epoch to 7 with metadata hash -3926091512683133559. (org.apache.kafka.coordinator.group.GroupMetadataManager)
kafka3-1  | [2026-03-17 04:56:18,058] INFO [GroupCoordinator id=4 topic=__consumer_offsets partition=8] [GroupId 4338_SimulatorGroup4] Member 2d65a570-e1fe-4b25-a526-8bb2ac710e66 fenced from the group because the member session expired. (org.apache.kafka.coordinator.group.GroupMetadataManager)
kafka3-1  | [2026-03-17 04:56:18,058] INFO [GroupCoordinator id=4 topic=__consumer_offsets partition=8] [GroupId 4338_SimulatorGroup4] Bumped group epoch to 7 with metadata hash -3926091512683133559. (org.apache.kafka.coordinator.group.GroupMetadataManager)
kafka1-1  | [2026-03-17 04:56:18,152] INFO [GroupCoordinator id=2 topic=__consumer_offsets partition=41] [GroupId A7C1_SimulatorGroup5] Member 26e771ef-ff05-4248-a562-e89471386eaa fenced from the group because the member session expired. (org.apache.kafka.coordinator.group.GroupMetadataManager)
kafka1-1  | [2026-03-17 04:56:18,152] INFO [GroupCoordinator id=2 topic=__consumer_offsets partition=41] [GroupId A7C1_SimulatorGroup5] Bumped group epoch to 4 with metadata hash -3926091512683133559. (org.apache.kafka.coordinator.group.GroupMetadataManager)
kafka1-1  | [2026-03-17 04:56:18,759] INFO [GroupCoordinator id=2 topic=__consumer_offsets partition=17] [GroupId 0D56_SimulatorGroup2] Computed a new target assignment for epoch 7 with 'uniform' assignor in 0ms. (org.apache.kafka.coordinator.group.GroupMetadataManager)
kafka3-1  | [2026-03-17 04:56:18,761] INFO [GroupCoordinator id=4 topic=__consumer_offsets partition=8] [GroupId 4338_SimulatorGroup4] Computed a new target assignment for epoch 7 with 'uniform' assignor in 0ms. (org.apache.kafka.coordinator.group.GroupMetadataManager)
kafka1-1  | [2026-03-17 04:56:19,259] INFO [GroupCoordinator id=2 topic=__consumer_offsets partition=41] [GroupId A7C1_SimulatorGroup5] Computed a new target assignment for epoch 4 with 'uniform' assignor in 0ms. (org.apache.kafka.coordinator.group.GroupMetadataManager)
kafka1-1  | [2026-03-17 04:56:19,665] INFO [GroupCoordinator id=2 topic=__consumer_offsets partition=41] [GroupId A7C1_SimulatorGroup5] Member a6f2af21-11be-493c-b707-f80167ccde8c joins the consumer group using the consumer protocol. (org.apache.kafka.coordinator.group.GroupMetadataManager)
kafka1-1  | [2026-03-17 04:56:19,665] INFO [GroupCoordinator id=2 topic=__consumer_offsets partition=41] [GroupId A7C1_SimulatorGroup5] Bumped group epoch to 5 with metadata hash -3926091512683133559. (org.apache.kafka.coordinator.group.GroupMetadataManager)
kafka1-1  | [2026-03-17 04:56:19,665] INFO [GroupCoordinator id=2 topic=__consumer_offsets partition=41] [GroupId A7C1_SimulatorGroup5] Computed a new target assignment for epoch 5 with 'uniform' assignor in 0ms. (org.apache.kafka.coordinator.group.GroupMetadataManager)
kafka1-1  | [2026-03-17 04:56:19,973] INFO [GroupCoordinator id=2 topic=__consumer_offsets partition=17] [GroupId 0D56_SimulatorGroup2] Member e4608bd3-ac4d-48aa-ba9c-5b9134e8ee1e fenced from the group because the member session expired. (org.apache.kafka.coordinator.group.GroupMetadataManager)
kafka1-1  | [2026-03-17 04:56:19,973] INFO [GroupCoordinator id=2 topic=__consumer_offsets partition=17] [GroupId 0D56_SimulatorGroup2] Bumped group epoch to 8 with metadata hash -3926091512683133559. (org.apache.kafka.coordinator.group.GroupMetadataManager)
kafka1-1  | [2026-03-17 04:56:20,772] INFO [GroupCoordinator id=2 topic=__consumer_offsets partition=17] [GroupId 0D56_SimulatorGroup2] Computed a new target assignment for epoch 8 with 'uniform' assignor in 0ms. (org.apache.kafka.coordinator.group.GroupMetadataManager)
kafka3-1  | [2026-03-17 04:56:25,552] INFO [GroupCoordinator id=4 topic=__consumer_offsets partition=8] [GroupId 4338_SimulatorGroup4] Member aa108949-926b-4ef5-a5ce-1357432a2b52 joins the consumer group using the consumer protocol. (org.apache.kafka.coordinator.group.GroupMetadataManager)
kafka3-1  | [2026-03-17 04:56:25,552] INFO [GroupCoordinator id=4 topic=__consumer_offsets partition=8] [GroupId 4338_SimulatorGroup4] Bumped group epoch to 8 with metadata hash -3926091512683133559. (org.apache.kafka.coordinator.group.GroupMetadataManager)
kafka3-1  | [2026-03-17 04:56:25,553] INFO [GroupCoordinator id=4 topic=__consumer_offsets partition=8] [GroupId 4338_SimulatorGroup4] Computed a new target assignment for epoch 8 with 'uniform' assignor in 1ms. (org.apache.kafka.coordinator.group.GroupMetadataManager)
kafka3-1  | [2026-03-17 04:56:25,584] INFO [GroupCoordinator id=4 topic=__consumer_offsets partition=8] [GroupId 4338_SimulatorGroup4] Member b3e2bb7f-af5f-4844-963a-76b474718278 joins the consumer group using the consumer protocol. (org.apache.kafka.coordinator.group.GroupMetadataManager)
kafka3-1  | [2026-03-17 04:56:25,584] INFO [GroupCoordinator id=4 topic=__consumer_offsets partition=8] [GroupId 4338_SimulatorGroup4] Bumped group epoch to 9 with metadata hash -3926091512683133559. (org.apache.kafka.coordinator.group.GroupMetadataManager)
kafka3-1  | [2026-03-17 04:56:25,584] INFO [GroupCoordinator id=4 topic=__consumer_offsets partition=8] [GroupId 4338_SimulatorGroup4] Computed a new target assignment for epoch 9 with 'uniform' assignor in 0ms. (org.apache.kafka.coordinator.group.GroupMetadataManager)
kafka1-1  | [2026-03-17 04:56:35,683] INFO [GroupCoordinator id=2 topic=__consumer_offsets partition=17] [GroupId 0D56_SimulatorGroup2] Member f8578833-ee7c-48fa-bc79-d68f5abe8f87 joins the consumer group using the consumer protocol. (org.apache.kafka.coordinator.group.GroupMetadataManager)
kafka1-1  | [2026-03-17 04:56:35,683] INFO [GroupCoordinator id=2 topic=__consumer_offsets partition=17] [GroupId 0D56_SimulatorGroup2] Bumped group epoch to 9 with metadata hash -3926091512683133559. (org.apache.kafka.coordinator.group.GroupMetadataManager)
kafka1-1  | [2026-03-17 04:56:35,684] INFO [GroupCoordinator id=2 topic=__consumer_offsets partition=17] [GroupId 0D56_SimulatorGroup2] Computed a new target assignment for epoch 9 with 'uniform' assignor in 0ms. (org.apache.kafka.coordinator.group.GroupMetadataManager)
kafka1-1  | [2026-03-17 04:56:36,659] INFO [GroupCoordinator id=2 topic=__consumer_offsets partition=17] [GroupId 0D56_SimulatorGroup2] Member e965cd09-7f93-4063-a9c4-530b1023273e joins the consumer group using the consumer protocol. (org.apache.kafka.coordinator.group.GroupMetadataManager)
kafka1-1  | [2026-03-17 04:56:36,659] INFO [GroupCoordinator id=2 topic=__consumer_offsets partition=17] [GroupId 0D56_SimulatorGroup2] Bumped group epoch to 10 with metadata hash -3926091512683133559. (org.apache.kafka.coordinator.group.GroupMetadataManager)
kafka1-1  | [2026-03-17 04:56:36,659] INFO [GroupCoordinator id=2 topic=__consumer_offsets partition=17] [GroupId 0D56_SimulatorGroup2] Computed a new target assignment for epoch 10 with 'uniform' assignor in 0ms. (org.apache.kafka.coordinator.group.GroupMetadataManager)
kafka1-1  | [2026-03-17 04:56:36,769] INFO [GroupCoordinator id=2 topic=__consumer_offsets partition=41] [GroupId A7C1_SimulatorGroup5] Member 00696e8f-e6bd-429b-b2a7-4a054d6d0e3d joins the consumer group using the consumer protocol. (org.apache.kafka.coordinator.group.GroupMetadataManager)
kafka1-1  | [2026-03-17 04:56:36,769] INFO [GroupCoordinator id=2 topic=__consumer_offsets partition=41] [GroupId A7C1_SimulatorGroup5] Bumped group epoch to 6 with metadata hash -3926091512683133559. (org.apache.kafka.coordinator.group.GroupMetadataManager)
kafka1-1  | [2026-03-17 04:56:36,769] INFO [GroupCoordinator id=2 topic=__consumer_offsets partition=41] [GroupId A7C1_SimulatorGroup5] Computed a new target assignment for epoch 6 with 'uniform' assignor in 0ms. (org.apache.kafka.coordinator.group.GroupMetadataManager)
kafka3-1  | [2026-03-17 04:56:40,158] INFO [GroupCoordinator id=4 topic=__consumer_offsets partition=44] [GroupId E61E_SimulatorGroup3] Member f3a273be-f5df-4255-9064-c63d46688877 left the consumer group. (org.apache.kafka.coordinator.group.GroupMetadataManager)
kafka3-1  | [2026-03-17 04:56:40,158] INFO [GroupCoordinator id=4 topic=__consumer_offsets partition=44] [GroupId E61E_SimulatorGroup3] Bumped group epoch to 7 with metadata hash -3926091512683133559. (org.apache.kafka.coordinator.group.GroupMetadataManager)
kafka3-1  | [2026-03-17 04:56:40,159] INFO [GroupCoordinator id=4 topic=__consumer_offsets partition=8] [GroupId 4338_SimulatorGroup4] Member 1f61723f-4a90-4df2-af65-e1663e8ea3ae left the consumer group. (org.apache.kafka.coordinator.group.GroupMetadataManager)
kafka3-1  | [2026-03-17 04:56:40,159] INFO [GroupCoordinator id=4 topic=__consumer_offsets partition=8] [GroupId 4338_SimulatorGroup4] Bumped group epoch to 10 with metadata hash -3926091512683133559. (org.apache.kafka.coordinator.group.GroupMetadataManager)
kafka3-1  | [2026-03-17 04:56:40,159] INFO [GroupCoordinator id=4 topic=__consumer_offsets partition=8] [GroupId 4338_SimulatorGroup4] Member aa108949-926b-4ef5-a5ce-1357432a2b52 left the consumer group. (org.apache.kafka.coordinator.group.GroupMetadataManager)
kafka3-1  | [2026-03-17 04:56:40,159] INFO [GroupCoordinator id=4 topic=__consumer_offsets partition=8] [GroupId 4338_SimulatorGroup4] Bumped group epoch to 11 with metadata hash -3926091512683133559. (org.apache.kafka.coordinator.group.GroupMetadataManager)
kafka3-1  | [2026-03-17 04:56:40,160] INFO [GroupCoordinator id=4 topic=__consumer_offsets partition=44] [GroupId E61E_SimulatorGroup3] Member e7e79925-1e81-4cc2-a50e-c9acb126dfe6 left the consumer group. (org.apache.kafka.coordinator.group.GroupMetadataManager)
kafka3-1  | [2026-03-17 04:56:40,161] INFO [GroupCoordinator id=4 topic=__consumer_offsets partition=44] [GroupId E61E_SimulatorGroup3] Bumped group epoch to 8 with metadata hash -3926091512683133559. (org.apache.kafka.coordinator.group.GroupMetadataManager)
kafka1-1  | [2026-03-17 04:56:40,165] INFO [GroupCoordinator id=2 topic=__consumer_offsets partition=17] [GroupId 0D56_SimulatorGroup2] Member 7a7d9828-de5b-4900-b065-0e2d8dd94398 left the consumer group. (org.apache.kafka.coordinator.group.GroupMetadataManager)
kafka1-1  | [2026-03-17 04:56:40,165] INFO [GroupCoordinator id=2 topic=__consumer_offsets partition=17] [GroupId 0D56_SimulatorGroup2] Bumped group epoch to 11 with metadata hash -3926091512683133559. (org.apache.kafka.coordinator.group.GroupMetadataManager)
kafka1-1  | [2026-03-17 04:56:40,165] INFO [GroupCoordinator id=2 topic=__consumer_offsets partition=17] [GroupId 0D56_SimulatorGroup2] Member f8578833-ee7c-48fa-bc79-d68f5abe8f87 left the consumer group. (org.apache.kafka.coordinator.group.GroupMetadataManager)
kafka1-1  | [2026-03-17 04:56:40,166] INFO [GroupCoordinator id=2 topic=__consumer_offsets partition=17] [GroupId 0D56_SimulatorGroup2] Bumped group epoch to 12 with metadata hash -3926091512683133559. (org.apache.kafka.coordinator.group.GroupMetadataManager)
kafka1-1  | [2026-03-17 04:56:40,166] INFO [GroupCoordinator id=2 topic=__consumer_offsets partition=17] [GroupId 0D56_SimulatorGroup2] Member 2c980df0-31ac-44da-9828-f45fdfa5ca2e left the consumer group. (org.apache.kafka.coordinator.group.GroupMetadataManager)
kafka1-1  | [2026-03-17 04:56:40,166] INFO [GroupCoordinator id=2 topic=__consumer_offsets partition=17] [GroupId 0D56_SimulatorGroup2] Bumped group epoch to 13 with metadata hash -3926091512683133559. (org.apache.kafka.coordinator.group.GroupMetadataManager)
kafka3-1  | [2026-03-17 04:56:40,169] INFO [GroupCoordinator id=4 topic=__consumer_offsets partition=8] [GroupId 4338_SimulatorGroup4] Member dfee9d4b-df4d-4e5d-bd1a-7607b579163a left the consumer group. (org.apache.kafka.coordinator.group.GroupMetadataManager)
kafka3-1  | [2026-03-17 04:56:40,169] INFO [GroupCoordinator id=4 topic=__consumer_offsets partition=44] [GroupId E61E_SimulatorGroup3] Member acf0560c-bff3-4967-9fba-85f18c8f9e24 left the consumer group. (org.apache.kafka.coordinator.group.GroupMetadataManager)
kafka3-1  | [2026-03-17 04:56:40,170] INFO [GroupCoordinator id=4 topic=__consumer_offsets partition=8] [GroupId 4338_SimulatorGroup4] Bumped group epoch to 12 with metadata hash -3926091512683133559. (org.apache.kafka.coordinator.group.GroupMetadataManager)
kafka3-1  | [2026-03-17 04:56:40,170] INFO [GroupCoordinator id=4 topic=__consumer_offsets partition=44] [GroupId E61E_SimulatorGroup3] Bumped group epoch to 9 with metadata hash -3926091512683133559. (org.apache.kafka.coordinator.group.GroupMetadataManager)
kafka3-1  | [2026-03-17 04:56:40,171] INFO [GroupCoordinator id=4 topic=__consumer_offsets partition=8] [GroupId 4338_SimulatorGroup4] Member 94c04124-32c6-49bd-893c-3ee9cdc3bae3 left the consumer group. (org.apache.kafka.coordinator.group.GroupMetadataManager)
kafka3-1  | [2026-03-17 04:56:40,171] INFO [GroupCoordinator id=4 topic=__consumer_offsets partition=8] [GroupId 4338_SimulatorGroup4] Bumped group epoch to 13 with metadata hash -3926091512683133559. (org.apache.kafka.coordinator.group.GroupMetadataManager)
kafka3-1  | [2026-03-17 04:56:40,171] INFO [GroupCoordinator id=4 topic=__consumer_offsets partition=8] [GroupId 4338_SimulatorGroup4] Member b3e2bb7f-af5f-4844-963a-76b474718278 left the consumer group. (org.apache.kafka.coordinator.group.GroupMetadataManager)
kafka3-1  | [2026-03-17 04:56:40,171] INFO [GroupCoordinator id=4 topic=__consumer_offsets partition=8] [GroupId 4338_SimulatorGroup4] Bumped group epoch to 14 with metadata hash 0. (org.apache.kafka.coordinator.group.GroupMetadataManager)
kafka1-1  | [2026-03-17 04:56:40,176] INFO [GroupCoordinator id=2 topic=__consumer_offsets partition=34] [GroupId 2B50_SimulatorGroup1] Member d5a9ed81-e4f7-4b43-a881-7f684abeeee0 left the consumer group. (org.apache.kafka.coordinator.group.GroupMetadataManager)
kafka1-1  | [2026-03-17 04:56:40,178] INFO [GroupCoordinator id=2 topic=__consumer_offsets partition=34] [GroupId 2B50_SimulatorGroup1] Bumped group epoch to 6 with metadata hash -3926091512683133559. (org.apache.kafka.coordinator.group.GroupMetadataManager)
kafka1-1  | [2026-03-17 04:56:40,183] INFO [GroupCoordinator id=2 topic=__consumer_offsets partition=17] [GroupId 0D56_SimulatorGroup2] Member b52b5001-f9a0-4897-a506-3a6fd8288bb2 left the consumer group. (org.apache.kafka.coordinator.group.GroupMetadataManager)
kafka1-1  | [2026-03-17 04:56:40,183] INFO [GroupCoordinator id=2 topic=__consumer_offsets partition=17] [GroupId 0D56_SimulatorGroup2] Bumped group epoch to 14 with metadata hash -3926091512683133559. (org.apache.kafka.coordinator.group.GroupMetadataManager)
kafka1-1  | [2026-03-17 04:56:40,258] INFO [GroupCoordinator id=2 topic=__consumer_offsets partition=41] [GroupId A7C1_SimulatorGroup5] Member 9cc8e2cd-651c-494d-b725-c38dfc346bd9 left the consumer group. (org.apache.kafka.coordinator.group.GroupMetadataManager)
kafka1-1  | [2026-03-17 04:56:40,258] INFO [GroupCoordinator id=2 topic=__consumer_offsets partition=41] [GroupId A7C1_SimulatorGroup5] Bumped group epoch to 7 with metadata hash -3926091512683133559. (org.apache.kafka.coordinator.group.GroupMetadataManager)
kafka1-1  | [2026-03-17 04:56:40,266] INFO [GroupCoordinator id=2 topic=__consumer_offsets partition=34] [GroupId 2B50_SimulatorGroup1] Member 548c001a-8212-4755-84e1-88d019efc249 left the consumer group. (org.apache.kafka.coordinator.group.GroupMetadataManager)
kafka1-1  | [2026-03-17 04:56:40,267] INFO [GroupCoordinator id=2 topic=__consumer_offsets partition=34] [GroupId 2B50_SimulatorGroup1] Bumped group epoch to 7 with metadata hash -3926091512683133559. (org.apache.kafka.coordinator.group.GroupMetadataManager)
kafka1-1  | [2026-03-17 04:56:40,416] INFO [GroupCoordinator id=2 topic=__consumer_offsets partition=41] [GroupId A7C1_SimulatorGroup5] Member 00696e8f-e6bd-429b-b2a7-4a054d6d0e3d left the consumer group. (org.apache.kafka.coordinator.group.GroupMetadataManager)
kafka1-1  | [2026-03-17 04:56:40,416] INFO [GroupCoordinator id=2 topic=__consumer_offsets partition=41] [GroupId A7C1_SimulatorGroup5] Bumped group epoch to 8 with metadata hash -3926091512683133559. (org.apache.kafka.coordinator.group.GroupMetadataManager)
kafka1-1  | [2026-03-17 04:56:40,420] INFO [GroupCoordinator id=2 topic=__consumer_offsets partition=34] [GroupId 2B50_SimulatorGroup1] Computed a new target assignment for epoch 7 with 'uniform' assignor in 0ms. (org.apache.kafka.coordinator.group.GroupMetadataManager)
kafka1-1  | [2026-03-17 04:56:40,424] INFO [GroupCoordinator id=2 topic=__consumer_offsets partition=17] [GroupId 0D56_SimulatorGroup2] Member e965cd09-7f93-4063-a9c4-530b1023273e left the consumer group. (org.apache.kafka.coordinator.group.GroupMetadataManager)
kafka1-1  | [2026-03-17 04:56:40,425] INFO [GroupCoordinator id=2 topic=__consumer_offsets partition=17] [GroupId 0D56_SimulatorGroup2] Bumped group epoch to 15 with metadata hash -3926091512683133559. (org.apache.kafka.coordinator.group.GroupMetadataManager)
kafka1-1  | [2026-03-17 04:56:40,427] INFO [GroupCoordinator id=2 topic=__consumer_offsets partition=41] [GroupId A7C1_SimulatorGroup5] Computed a new target assignment for epoch 8 with 'uniform' assignor in 0ms. (org.apache.kafka.coordinator.group.GroupMetadataManager)
kafka1-1  | [2026-03-17 04:56:40,459] INFO [GroupCoordinator id=2 topic=__consumer_offsets partition=41] [GroupId A7C1_SimulatorGroup5] Member a6f2af21-11be-493c-b707-f80167ccde8c left the consumer group. (org.apache.kafka.coordinator.group.GroupMetadataManager)
kafka1-1  | [2026-03-17 04:56:40,459] INFO [GroupCoordinator id=2 topic=__consumer_offsets partition=41] [GroupId A7C1_SimulatorGroup5] Bumped group epoch to 9 with metadata hash -3926091512683133559. (org.apache.kafka.coordinator.group.GroupMetadataManager)
kafka1-1  | [2026-03-17 04:56:40,462] INFO [GroupCoordinator id=2 topic=__consumer_offsets partition=34] [GroupId 2B50_SimulatorGroup1] Member ff8ecfec-d8e0-4d51-a64b-8ae6a538f8ff left the consumer group. (org.apache.kafka.coordinator.group.GroupMetadataManager)
kafka1-1  | [2026-03-17 04:56:40,462] INFO [GroupCoordinator id=2 topic=__consumer_offsets partition=34] [GroupId 2B50_SimulatorGroup1] Bumped group epoch to 8 with metadata hash -3926091512683133559. (org.apache.kafka.coordinator.group.GroupMetadataManager)
kafka1-1  | [2026-03-17 04:56:40,463] INFO [GroupCoordinator id=2 topic=__consumer_offsets partition=34] [GroupId 2B50_SimulatorGroup1] Member 92176e15-7a2e-49dc-8bc0-165542efa430 left the consumer group. (org.apache.kafka.coordinator.group.GroupMetadataManager)
kafka1-1  | [2026-03-17 04:56:40,463] INFO [GroupCoordinator id=2 topic=__consumer_offsets partition=17] [GroupId 0D56_SimulatorGroup2] Member 152c6553-8983-4792-8806-394f037c6997 left the consumer group. (org.apache.kafka.coordinator.group.GroupMetadataManager)
kafka1-1  | [2026-03-17 04:56:40,463] INFO [GroupCoordinator id=2 topic=__consumer_offsets partition=17] [GroupId 0D56_SimulatorGroup2] Bumped group epoch to 16 with metadata hash 0. (org.apache.kafka.coordinator.group.GroupMetadataManager)
kafka1-1  | [2026-03-17 04:56:40,463] INFO [GroupCoordinator id=2 topic=__consumer_offsets partition=34] [GroupId 2B50_SimulatorGroup1] Bumped group epoch to 9 with metadata hash -3926091512683133559. (org.apache.kafka.coordinator.group.GroupMetadataManager)
kafka3-1  | [2026-03-17 04:56:41,671] INFO [GroupCoordinator id=4 topic=__consumer_offsets partition=44] [GroupId E61E_SimulatorGroup3] Member 150cd7cf-3c89-4308-8f9f-8c4614850b7f left the consumer group. (org.apache.kafka.coordinator.group.GroupMetadataManager)
kafka3-1  | [2026-03-17 04:56:41,672] INFO [GroupCoordinator id=4 topic=__consumer_offsets partition=44] [GroupId E61E_SimulatorGroup3] Bumped group epoch to 10 with metadata hash -3926091512683133559. (org.apache.kafka.coordinator.group.GroupMetadataManager)
kafka3-1  | [2026-03-17 04:56:42,279] INFO [GroupCoordinator id=4 topic=__consumer_offsets partition=44] [GroupId E61E_SimulatorGroup3] Member 561fac88-8468-4e39-a37c-264c3c4290d5 left the consumer group. (org.apache.kafka.coordinator.group.GroupMetadataManager)
kafka3-1  | [2026-03-17 04:56:42,279] INFO [GroupCoordinator id=4 topic=__consumer_offsets partition=44] [GroupId E61E_SimulatorGroup3] Bumped group epoch to 11 with metadata hash -3926091512683133559. (org.apache.kafka.coordinator.group.GroupMetadataManager)
kafka3-1  | [2026-03-17 04:56:42,281] INFO [GroupCoordinator id=4 topic=__consumer_offsets partition=44] [GroupId E61E_SimulatorGroup3] Member 566927f2-b585-4f09-a6b7-23eb616ab280 left the consumer group. (org.apache.kafka.coordinator.group.GroupMetadataManager)
kafka3-1  | [2026-03-17 04:56:42,281] INFO [GroupCoordinator id=4 topic=__consumer_offsets partition=44] [GroupId E61E_SimulatorGroup3] Bumped group epoch to 12 with metadata hash 0. (org.apache.kafka.coordinator.group.GroupMetadataManager)

